Nov 16 23:34:29  INFO:     Uvicorn running on http://0.0.0.0:8000 (Press CTRL+C to quit)
Nov 16 23:34:29  INFO:     Started parent process [1]
Nov 16 23:34:35  INFO:     Waiting for child process [3]
Nov 16 23:34:35  INFO:     Child process [3] died
Nov 16 23:34:56  Process SpawnProcess-3:
Nov 16 23:34:56  Traceback (most recent call last):
Nov 16 23:34:56    File "/home/appuser/.local/lib/python3.11/site-packages/pymysql/connections.py", line 661, in connect
Nov 16 23:34:56      sock = socket.create_connection(
Nov 16 23:34:56             ^^^^^^^^^^^^^^^^^^^^^^^^^
Nov 16 23:34:56    File "/usr/local/lib/python3.11/socket.py", line 863, in create_connection
Nov 16 23:34:56      raise exceptions[0]
Nov 16 23:34:56    File "/usr/local/lib/python3.11/socket.py", line 848, in create_connection
Nov 16 23:34:56      sock.connect(sa)
Nov 16 23:34:56  ConnectionRefusedError: [Errno 111] Connection refused
Nov 16 23:34:56  
Nov 16 23:34:56  During handling of the above exception, another exception occurred:
Nov 16 23:34:56  
Nov 16 23:34:56  Traceback (most recent call last):
Nov 16 23:34:56    File "/home/appuser/.local/lib/python3.11/site-packages/sqlalchemy/engine/base.py", line 143, in __init__
Nov 16 23:34:56      self._dbapi_connection = engine.raw_connection()
Nov 16 23:34:56                               ^^^^^^^^^^^^^^^^^^^^^^^
Nov 16 23:34:56    File "/home/appuser/.local/lib/python3.11/site-packages/sqlalchemy/engine/base.py", line 3301, in raw_connection
Nov 16 23:34:56      return self.pool.connect()
Nov 16 23:34:56             ^^^^^^^^^^^^^^^^^^^
Nov 16 23:34:56    File "/home/appuser/.local/lib/python3.11/site-packages/sqlalchemy/pool/base.py", line 447, in connect
Nov 16 23:34:56      return _ConnectionFairy._checkout(self)
Nov 16 23:34:56             ^^^^^^^^^^^^^^^^^^^^^^^^^^^^^^^^
Nov 16 23:34:56    File "/home/appuser/.local/lib/python3.11/site-packages/sqlalchemy/pool/base.py", line 1264, in _checkout
Nov 16 23:34:56      fairy = _ConnectionRecord.checkout(pool)
Nov 16 23:34:56              ^^^^^^^^^^^^^^^^^^^^^^^^^^^^^^^^
Nov 16 23:34:56    File "/home/appuser/.local/lib/python3.11/site-packages/sqlalchemy/pool/base.py", line 711, in checkout
Nov 16 23:34:56      rec = pool._do_get()
Nov 16 23:34:56            ^^^^^^^^^^^^^^
Nov 16 23:34:56    File "/home/appuser/.local/lib/python3.11/site-packages/sqlalchemy/pool/impl.py", line 177, in _do_get
Nov 16 23:34:56      with util.safe_reraise():
Nov 16 23:34:56    File "/home/appuser/.local/lib/python3.11/site-packages/sqlalchemy/util/langhelpers.py", line 224, in __exit__
Nov 16 23:34:56      raise exc_value.with_traceback(exc_tb)
Nov 16 23:34:56    File "/home/appuser/.local/lib/python3.11/site-packages/sqlalchemy/pool/impl.py", line 175, in _do_get
Nov 16 23:34:56      return self._create_connection()
Nov 16 23:34:56             ^^^^^^^^^^^^^^^^^^^^^^^^^
Nov 16 23:34:56    File "/home/appuser/.local/lib/python3.11/site-packages/sqlalchemy/pool/base.py", line 388, in _create_connection
Nov 16 23:34:56      return _ConnectionRecord(self)
Nov 16 23:34:56             ^^^^^^^^^^^^^^^^^^^^^^^
Nov 16 23:34:56    File "/home/appuser/.local/lib/python3.11/site-packages/sqlalchemy/pool/base.py", line 673, in __init__
Nov 16 23:34:56      self.__connect()
Nov 16 23:34:56    File "/home/appuser/.local/lib/python3.11/site-packages/sqlalchemy/pool/base.py", line 899, in __connect
Nov 16 23:34:56      with util.safe_reraise():
Nov 16 23:34:56    File "/home/appuser/.local/lib/python3.11/site-packages/sqlalchemy/util/langhelpers.py", line 224, in __exit__
Nov 16 23:34:56      raise exc_value.with_traceback(exc_tb)
Nov 16 23:34:56    File "/home/appuser/.local/lib/python3.11/site-packages/sqlalchemy/pool/base.py", line 895, in __connect
Nov 16 23:34:56      self.dbapi_connection = connection = pool._invoke_creator(self)
Nov 16 23:34:56                                           ^^^^^^^^^^^^^^^^^^^^^^^^^^
Nov 16 23:34:56    File "/home/appuser/.local/lib/python3.11/site-packages/sqlalchemy/engine/create.py", line 661, in connect
Nov 16 23:34:56      return dialect.connect(*cargs, **cparams)
Nov 16 23:34:56             ^^^^^^^^^^^^^^^^^^^^^^^^^^^^^^^^^^
Nov 16 23:34:56    File "/home/appuser/.local/lib/python3.11/site-packages/sqlalchemy/engine/default.py", line 629, in connect
Nov 16 23:34:56      return self.loaded_dbapi.connect(*cargs, **cparams)  # type: ignore[no-any-return]  # NOQA: E501
Nov 16 23:34:56             ^^^^^^^^^^^^^^^^^^^^^^^^^^^^^^^^^^^^^^^^^^^^
Nov 16 23:34:56    File "/home/appuser/.local/lib/python3.11/site-packages/pymysql/connections.py", line 365, in __init__
Nov 16 23:34:56      self.connect()
Nov 16 23:34:56    File "/home/appuser/.local/lib/python3.11/site-packages/pymysql/connections.py", line 723, in connect
Nov 16 23:34:56      raise exc
Nov 16 23:34:56  pymysql.err.OperationalError: (2003, "Can't connect to MySQL server on 'localhost' ([Errno 111] Connection refused)")
Nov 16 23:34:56  
Nov 16 23:34:56  The above exception was the direct cause of the following exception:
Nov 16 23:34:56  
Nov 16 23:34:56  Traceback (most recent call last):
Nov 16 23:34:56    File "/usr/local/lib/python3.11/multiprocessing/process.py", line 314, in _bootstrap
Nov 16 23:34:56      self.run()
Nov 16 23:34:56    File "/usr/local/lib/python3.11/multiprocessing/process.py", line 108, in run
Nov 16 23:34:56      self._target(*self._args, **self._kwargs)
Nov 16 23:34:56    File "/home/appuser/.local/lib/python3.11/site-packages/uvicorn/_subprocess.py", line 80, in subprocess_started
Nov 16 23:34:56      target(sockets=sockets)
Nov 16 23:34:56    File "/home/appuser/.local/lib/python3.11/site-packages/uvicorn/supervisors/multiprocess.py", line 63, in target
Nov 16 23:34:56      return self.real_target(sockets)
Nov 16 23:34:56             ^^^^^^^^^^^^^^^^^^^^^^^^^
Nov 16 23:34:56    File "/home/appuser/.local/lib/python3.11/site-packages/uvicorn/server.py", line 67, in run
Nov 16 23:34:56      return asyncio_run(self.serve(sockets=sockets), loop_factory=self.config.get_loop_factory())
Nov 16 23:34:56             ^^^^^^^^^^^^^^^^^^^^^^^^^^^^^^^^^^^^^^^^^^^^^^^^^^^^^^^^^^^^^^^^^^^^^^^^^^^^^^^^^^^^^
Nov 16 23:34:56    File "/home/appuser/.local/lib/python3.11/site-packages/uvicorn/_compat.py", line 30, in asyncio_run
Nov 16 23:34:56      return runner.run(main)
Nov 16 23:34:56             ^^^^^^^^^^^^^^^^
Nov 16 23:34:56    File "/usr/local/lib/python3.11/asyncio/runners.py", line 118, in run
Nov 16 23:34:56      return self._loop.run_until_complete(task)
Nov 16 23:34:56             ^^^^^^^^^^^^^^^^^^^^^^^^^^^^^^^^^^^
Nov 16 23:34:56    File "/usr/local/lib/python3.11/asyncio/base_events.py", line 654, in run_until_complete
Nov 16 23:34:56      return future.result()
Nov 16 23:34:56             ^^^^^^^^^^^^^^^
Nov 16 23:34:56    File "/home/appuser/.local/lib/python3.11/site-packages/uvicorn/server.py", line 71, in serve
Nov 16 23:34:56      await self._serve(sockets)
Nov 16 23:34:56    File "/home/appuser/.local/lib/python3.11/site-packages/uvicorn/server.py", line 78, in _serve
Nov 16 23:34:56      config.load()
Nov 16 23:34:56    File "/home/appuser/.local/lib/python3.11/site-packages/uvicorn/config.py", line 439, in load
Nov 16 23:34:56      self.loaded_app = import_from_string(self.app)
Nov 16 23:34:56                        ^^^^^^^^^^^^^^^^^^^^^^^^^^^^
Nov 16 23:34:56    File "/home/appuser/.local/lib/python3.11/site-packages/uvicorn/importer.py", line 19, in import_from_string
Nov 16 23:34:56      module = importlib.import_module(module_str)
Nov 16 23:34:56               ^^^^^^^^^^^^^^^^^^^^^^^^^^^^^^^^^^^
Nov 16 23:34:56    File "/usr/local/lib/python3.11/importlib/__init__.py", line 126, in import_module
Nov 16 23:34:56      return _bootstrap._gcd_import(name[level:], package, level)
Nov 16 23:34:56             ^^^^^^^^^^^^^^^^^^^^^^^^^^^^^^^^^^^^^^^^^^^^^^^^^^^^
Nov 16 23:34:56    File "<frozen importlib._bootstrap>", line 1204, in _gcd_import
Nov 16 23:34:56    File "<frozen importlib._bootstrap>", line 1176, in _find_and_load
Nov 16 23:34:56    File "<frozen importlib._bootstrap>", line 1147, in _find_and_load_unlocked
Nov 16 23:34:56    File "<frozen importlib._bootstrap>", line 690, in _load_unlocked
Nov 16 23:34:56    File "<frozen importlib._bootstrap_external>", line 940, in exec_module
Nov 16 23:34:56    File "<frozen importlib._bootstrap>", line 241, in _call_with_frames_removed
Nov 16 23:34:56    File "/app/main.py", line 20, in <module>
Nov 16 23:34:56      Base.metadata.create_all(bind=engine)
Nov 16 23:34:56    File "/home/appuser/.local/lib/python3.11/site-packages/sqlalchemy/sql/schema.py", line 5928, in create_all
Nov 16 23:34:56      bind._run_ddl_visitor(
Nov 16 23:34:56    File "/home/appuser/.local/lib/python3.11/site-packages/sqlalchemy/engine/base.py", line 3251, in _run_ddl_visitor
Nov 16 23:34:56      with self.begin() as conn:
Nov 16 23:34:56    File "/usr/local/lib/python3.11/contextlib.py", line 137, in __enter__
Nov 16 23:34:56      return next(self.gen)
Nov 16 23:34:56             ^^^^^^^^^^^^^^
Nov 16 23:34:56    File "/home/appuser/.local/lib/python3.11/site-packages/sqlalchemy/engine/base.py", line 3241, in begin
Nov 16 23:34:56      with self.connect() as conn:
Nov 16 23:34:56           ^^^^^^^^^^^^^^
Nov 16 23:34:56    File "/home/appuser/.local/lib/python3.11/site-packages/sqlalchemy/engine/base.py", line 3277, in connect
Nov 16 23:34:56      return self._connection_cls(self)
Nov 16 23:34:56             ^^^^^^^^^^^^^^^^^^^^^^^^^^
Nov 16 23:34:56    File "/home/appuser/.local/lib/python3.11/site-packages/sqlalchemy/engine/base.py", line 145, in __init__
Nov 16 23:34:56      Connection._handle_dbapi_exception_noconnection(
Nov 16 23:34:56    File "/home/appuser/.local/lib/python3.11/site-packages/sqlalchemy/engine/base.py", line 2440, in _handle_dbapi_exception_noconnection
Nov 16 23:34:56      raise sqlalchemy_exception.with_traceback(exc_info[2]) from e
Nov 16 23:34:56    File "/home/appuser/.local/lib/python3.11/site-packages/sqlalchemy/engine/base.py", line 143, in __init__
Nov 16 23:34:56      self._dbapi_connection = engine.raw_connection()
Nov 16 23:34:56                               ^^^^^^^^^^^^^^^^^^^^^^^
Nov 16 23:34:56    File "/home/appuser/.local/lib/python3.11/site-packages/sqlalchemy/engine/base.py", line 3301, in raw_connection
Nov 16 23:34:56      return self.pool.connect()
Nov 16 23:34:56             ^^^^^^^^^^^^^^^^^^^
Nov 16 23:34:56    File "/home/appuser/.local/lib/python3.11/site-packages/sqlalchemy/pool/base.py", line 447, in connect
Nov 16 23:34:56      return _ConnectionFairy._checkout(self)
Nov 16 23:34:56             ^^^^^^^^^^^^^^^^^^^^^^^^^^^^^^^^
Nov 16 23:34:56    File "/home/appuser/.local/lib/python3.11/site-packages/sqlalchemy/pool/base.py", line 1264, in _checkout
Nov 16 23:34:56      fairy = _ConnectionRecord.checkout(pool)
Nov 16 23:34:56              ^^^^^^^^^^^^^^^^^^^^^^^^^^^^^^^^
Nov 16 23:34:56    File "/home/appuser/.local/lib/python3.11/site-packages/sqlalchemy/pool/base.py", line 711, in checkout
Nov 16 23:34:56      rec = pool._do_get()
Nov 16 23:34:56            ^^^^^^^^^^^^^^
Nov 16 23:34:56    File "/home/appuser/.local/lib/python3.11/site-packages/sqlalchemy/pool/impl.py", line 177, in _do_get
Nov 16 23:34:56      with util.safe_reraise():
Nov 16 23:34:56    File "/home/appuser/.local/lib/python3.11/site-packages/sqlalchemy/util/langhelpers.py", line 224, in __exit__
Nov 16 23:34:56      raise exc_value.with_traceback(exc_tb)
Nov 16 23:34:56    File "/home/appuser/.local/lib/python3.11/site-packages/sqlalchemy/pool/impl.py", line 175, in _do_get
Nov 16 23:34:56      return self._create_connection()
Nov 16 23:34:56             ^^^^^^^^^^^^^^^^^^^^^^^^^
Nov 16 23:34:56    File "/home/appuser/.local/lib/python3.11/site-packages/sqlalchemy/pool/base.py", line 388, in _create_connection
Nov 16 23:34:56      return _ConnectionRecord(self)
Nov 16 23:34:56             ^^^^^^^^^^^^^^^^^^^^^^^
Nov 16 23:34:56    File "/home/appuser/.local/lib/python3.11/site-packages/sqlalchemy/pool/base.py", line 673, in __init__
Nov 16 23:34:56      self.__connect()
Nov 16 23:34:56    File "/home/appuser/.local/lib/python3.11/site-packages/sqlalchemy/pool/base.py", line 899, in __connect
Nov 16 23:34:56      with util.safe_reraise():
Nov 16 23:34:56    File "/home/appuser/.local/lib/python3.11/site-packages/sqlalchemy/util/langhelpers.py", line 224, in __exit__
Nov 16 23:34:56      raise exc_value.with_traceback(exc_tb)
Nov 16 23:34:56    File "/home/appuser/.local/lib/python3.11/site-packages/sqlalchemy/pool/base.py", line 895, in __connect
Nov 16 23:34:56      self.dbapi_connection = connection = pool._invoke_creator(self)
Nov 16 23:34:56                                           ^^^^^^^^^^^^^^^^^^^^^^^^^^
Nov 16 23:34:56    File "/home/appuser/.local/lib/python3.11/site-packages/sqlalchemy/engine/create.py", line 661, in connect
Nov 16 23:34:56      return dialect.connect(*cargs, **cparams)
Nov 16 23:34:56             ^^^^^^^^^^^^^^^^^^^^^^^^^^^^^^^^^^
Nov 16 23:34:56    File "/home/appuser/.local/lib/python3.11/site-packages/sqlalchemy/engine/default.py", line 629, in connect
Nov 16 23:34:56      return self.loaded_dbapi.connect(*cargs, **cparams)  # type: ignore[no-any-return]  # NOQA: E501
Nov 16 23:34:56             ^^^^^^^^^^^^^^^^^^^^^^^^^^^^^^^^^^^^^^^^^^^^
Nov 16 23:34:56    File "/home/appuser/.local/lib/python3.11/site-packages/pymysql/connections.py", line 365, in __init__
Nov 16 23:34:56      self.connect()
Nov 16 23:34:56    File "/home/appuser/.local/lib/python3.11/site-packages/pymysql/connections.py", line 723, in connect
Nov 16 23:34:56      raise exc
Nov 16 23:34:56  sqlalchemy.exc.OperationalError: (pymysql.err.OperationalError) (2003, "Can't connect to MySQL server on 'localhost' ([Errno 111] Connection refused)")
Nov 16 23:34:56  (Background on this error at: https://sqlalche.me/e/20/e3q8)
Nov 16 23:34:56  Process SpawnProcess-4:
Nov 16 23:34:56  Traceback (most recent call last):
Nov 16 23:34:56    File "/home/appuser/.local/lib/python3.11/site-packages/pymysql/connections.py", line 661, in connect
Nov 16 23:34:56      sock = socket.create_connection(
Nov 16 23:34:56             ^^^^^^^^^^^^^^^^^^^^^^^^^
Nov 16 23:34:56    File "/usr/local/lib/python3.11/socket.py", line 863, in create_connection
Nov 16 23:34:56      raise exceptions[0]
Nov 16 23:34:56    File "/usr/local/lib/python3.11/socket.py", line 848, in create_connection
Nov 16 23:34:56      sock.connect(sa)
Nov 16 23:34:56  ConnectionRefusedError: [Errno 111] Connection refused
Nov 16 23:34:56  
Nov 16 23:34:56  During handling of the above exception, another exception occurred:
Nov 16 23:34:56  
Nov 16 23:34:56  Traceback (most recent call last):
Nov 16 23:34:56    File "/home/appuser/.local/lib/python3.11/site-packages/sqlalchemy/engine/base.py", line 143, in __init__
Nov 16 23:34:56      self._dbapi_connection = engine.raw_connection()
Nov 16 23:34:56                               ^^^^^^^^^^^^^^^^^^^^^^^
Nov 16 23:34:56    File "/home/appuser/.local/lib/python3.11/site-packages/sqlalchemy/engine/base.py", line 3301, in raw_connection
Nov 16 23:34:56      return self.pool.connect()
Nov 16 23:34:56             ^^^^^^^^^^^^^^^^^^^
Nov 16 23:34:56    File "/home/appuser/.local/lib/python3.11/site-packages/sqlalchemy/pool/base.py", line 447, in connect
Nov 16 23:34:56      return _ConnectionFairy._checkout(self)
Nov 16 23:34:56             ^^^^^^^^^^^^^^^^^^^^^^^^^^^^^^^^
Nov 16 23:34:56    File "/home/appuser/.local/lib/python3.11/site-packages/sqlalchemy/pool/base.py", line 1264, in _checkout
Nov 16 23:34:56      fairy = _ConnectionRecord.checkout(pool)
Nov 16 23:34:56              ^^^^^^^^^^^^^^^^^^^^^^^^^^^^^^^^
Nov 16 23:34:56    File "/home/appuser/.local/lib/python3.11/site-packages/sqlalchemy/pool/base.py", line 711, in checkout
Nov 16 23:34:56      rec = pool._do_get()
Nov 16 23:34:56            ^^^^^^^^^^^^^^
Nov 16 23:34:56    File "/home/appuser/.local/lib/python3.11/site-packages/sqlalchemy/pool/impl.py", line 177, in _do_get
Nov 16 23:34:56      with util.safe_reraise():
Nov 16 23:34:56    File "/home/appuser/.local/lib/python3.11/site-packages/sqlalchemy/util/langhelpers.py", line 224, in __exit__
Nov 16 23:34:56      raise exc_value.with_traceback(exc_tb)
Nov 16 23:34:56    File "/home/appuser/.local/lib/python3.11/site-packages/sqlalchemy/pool/impl.py", line 175, in _do_get
Nov 16 23:34:56      return self._create_connection()
Nov 16 23:34:56             ^^^^^^^^^^^^^^^^^^^^^^^^^
Nov 16 23:34:56    File "/home/appuser/.local/lib/python3.11/site-packages/sqlalchemy/pool/base.py", line 388, in _create_connection
Nov 16 23:34:56      return _ConnectionRecord(self)
Nov 16 23:34:56             ^^^^^^^^^^^^^^^^^^^^^^^
Nov 16 23:34:56    File "/home/appuser/.local/lib/python3.11/site-packages/sqlalchemy/pool/base.py", line 673, in __init__
Nov 16 23:34:56      self.__connect()
Nov 16 23:34:56    File "/home/appuser/.local/lib/python3.11/site-packages/sqlalchemy/pool/base.py", line 899, in __connect
Nov 16 23:34:56      with util.safe_reraise():
Nov 16 23:34:56    File "/home/appuser/.local/lib/python3.11/site-packages/sqlalchemy/util/langhelpers.py", line 224, in __exit__
Nov 16 23:34:56      raise exc_value.with_traceback(exc_tb)
Nov 16 23:34:56    File "/home/appuser/.local/lib/python3.11/site-packages/sqlalchemy/pool/base.py", line 895, in __connect
Nov 16 23:34:56      self.dbapi_connection = connection = pool._invoke_creator(self)
Nov 16 23:34:56                                           ^^^^^^^^^^^^^^^^^^^^^^^^^^
Nov 16 23:34:56    File "/home/appuser/.local/lib/python3.11/site-packages/sqlalchemy/engine/create.py", line 661, in connect
Nov 16 23:34:56      return dialect.connect(*cargs, **cparams)
Nov 16 23:34:56             ^^^^^^^^^^^^^^^^^^^^^^^^^^^^^^^^^^
Nov 16 23:34:56    File "/home/appuser/.local/lib/python3.11/site-packages/sqlalchemy/engine/default.py", line 629, in connect
Nov 16 23:34:56      return self.loaded_dbapi.connect(*cargs, **cparams)  # type: ignore[no-any-return]  # NOQA: E501
Nov 16 23:34:56             ^^^^^^^^^^^^^^^^^^^^^^^^^^^^^^^^^^^^^^^^^^^^
Nov 16 23:34:56    File "/home/appuser/.local/lib/python3.11/site-packages/pymysql/connections.py", line 365, in __init__
Nov 16 23:34:56      self.connect()
Nov 16 23:34:56    File "/home/appuser/.local/lib/python3.11/site-packages/pymysql/connections.py", line 723, in connect
Nov 16 23:34:56      raise exc
Nov 16 23:34:56  pymysql.err.OperationalError: (2003, "Can't connect to MySQL server on 'localhost' ([Errno 111] Connection refused)")
Nov 16 23:34:56  
Nov 16 23:34:56  The above exception was the direct cause of the following exception:
Nov 16 23:34:56  
Nov 16 23:34:56  Traceback (most recent call last):
Nov 16 23:34:56    File "/usr/local/lib/python3.11/multiprocessing/process.py", line 314, in _bootstrap
Nov 16 23:34:56      self.run()
Nov 16 23:34:56    File "/usr/local/lib/python3.11/multiprocessing/process.py", line 108, in run
Nov 16 23:34:56      self._target(*self._args, **self._kwargs)
Nov 16 23:34:56    File "/home/appuser/.local/lib/python3.11/site-packages/uvicorn/_subprocess.py", line 80, in subprocess_started
Nov 16 23:34:56      target(sockets=sockets)
Nov 16 23:34:56    File "/home/appuser/.local/lib/python3.11/site-packages/uvicorn/supervisors/multiprocess.py", line 63, in target
Nov 16 23:34:56      return self.real_target(sockets)
Nov 16 23:34:56             ^^^^^^^^^^^^^^^^^^^^^^^^^
Nov 16 23:34:56    File "/home/appuser/.local/lib/python3.11/site-packages/uvicorn/server.py", line 67, in run
Nov 16 23:34:56      return asyncio_run(self.serve(sockets=sockets), loop_factory=self.config.get_loop_factory())
Nov 16 23:34:56             ^^^^^^^^^^^^^^^^^^^^^^^^^^^^^^^^^^^^^^^^^^^^^^^^^^^^^^^^^^^^^^^^^^^^^^^^^^^^^^^^^^^^^
Nov 16 23:34:56    File "/home/appuser/.local/lib/python3.11/site-packages/uvicorn/_compat.py", line 30, in asyncio_run
Nov 16 23:34:56      return runner.run(main)
Nov 16 23:34:56             ^^^^^^^^^^^^^^^^
Nov 16 23:34:56    File "/usr/local/lib/python3.11/asyncio/runners.py", line 118, in run
Nov 16 23:34:56      return self._loop.run_until_complete(task)
Nov 16 23:34:56             ^^^^^^^^^^^^^^^^^^^^^^^^^^^^^^^^^^^
Nov 16 23:34:56    File "/usr/local/lib/python3.11/asyncio/base_events.py", line 654, in run_until_complete
Nov 16 23:34:56      return future.result()
Nov 16 23:34:56             ^^^^^^^^^^^^^^^
Nov 16 23:34:56    File "/home/appuser/.local/lib/python3.11/site-packages/uvicorn/server.py", line 71, in serve
Nov 16 23:34:56      await self._serve(sockets)
Nov 16 23:34:56    File "/home/appuser/.local/lib/python3.11/site-packages/uvicorn/server.py", line 78, in _serve
Nov 16 23:34:56      config.load()
Nov 16 23:34:56    File "/home/appuser/.local/lib/python3.11/site-packages/uvicorn/config.py", line 439, in load
Nov 16 23:34:56      self.loaded_app = import_from_string(self.app)
Nov 16 23:34:56                        ^^^^^^^^^^^^^^^^^^^^^^^^^^^^
Nov 16 23:34:56    File "/home/appuser/.local/lib/python3.11/site-packages/uvicorn/importer.py", line 19, in import_from_string
Nov 16 23:34:56      module = importlib.import_module(module_str)
Nov 16 23:34:56               ^^^^^^^^^^^^^^^^^^^^^^^^^^^^^^^^^^^
Nov 16 23:34:56    File "/usr/local/lib/python3.11/importlib/__init__.py", line 126, in import_module
Nov 16 23:34:56      return _bootstrap._gcd_import(name[level:], package, level)
Nov 16 23:34:56             ^^^^^^^^^^^^^^^^^^^^^^^^^^^^^^^^^^^^^^^^^^^^^^^^^^^^
Nov 16 23:34:56    File "<frozen importlib._bootstrap>", line 1204, in _gcd_import
Nov 16 23:34:56    File "<frozen importlib._bootstrap>", line 1176, in _find_and_load
Nov 16 23:34:56    File "<frozen importlib._bootstrap>", line 1147, in _find_and_load_unlocked
Nov 16 23:34:56    File "<frozen importlib._bootstrap>", line 690, in _load_unlocked
Nov 16 23:34:56    File "<frozen importlib._bootstrap_external>", line 940, in exec_module
Nov 16 23:34:56    File "<frozen importlib._bootstrap>", line 241, in _call_with_frames_removed
Nov 16 23:34:56    File "/app/main.py", line 20, in <module>
Nov 16 23:34:56      Base.metadata.create_all(bind=engine)
Nov 16 23:34:56    File "/home/appuser/.local/lib/python3.11/site-packages/sqlalchemy/sql/schema.py", line 5928, in create_all
Nov 16 23:34:56      bind._run_ddl_visitor(
Nov 16 23:34:56    File "/home/appuser/.local/lib/python3.11/site-packages/sqlalchemy/engine/base.py", line 3251, in _run_ddl_visitor
Nov 16 23:34:56      with self.begin() as conn:
Nov 16 23:34:56    File "/usr/local/lib/python3.11/contextlib.py", line 137, in __enter__
Nov 16 23:34:56      return next(self.gen)
Nov 16 23:34:56             ^^^^^^^^^^^^^^
Nov 16 23:34:56    File "/home/appuser/.local/lib/python3.11/site-packages/sqlalchemy/engine/base.py", line 3241, in begin
Nov 16 23:34:56      with self.connect() as conn:
Nov 16 23:34:56           ^^^^^^^^^^^^^^
Nov 16 23:34:56    File "/home/appuser/.local/lib/python3.11/site-packages/sqlalchemy/engine/base.py", line 3277, in connect
Nov 16 23:34:56      return self._connection_cls(self)
Nov 16 23:34:56             ^^^^^^^^^^^^^^^^^^^^^^^^^^
Nov 16 23:34:56    File "/home/appuser/.local/lib/python3.11/site-packages/sqlalchemy/engine/base.py", line 145, in __init__
Nov 16 23:34:56      Connection._handle_dbapi_exception_noconnection(
Nov 16 23:34:56    File "/home/appuser/.local/lib/python3.11/site-packages/sqlalchemy/engine/base.py", line 2440, in _handle_dbapi_exception_noconnection
Nov 16 23:34:56      raise sqlalchemy_exception.with_traceback(exc_info[2]) from e
Nov 16 23:34:56    File "/home/appuser/.local/lib/python3.11/site-packages/sqlalchemy/engine/base.py", line 143, in __init__
Nov 16 23:34:56      self._dbapi_connection = engine.raw_connection()
Nov 16 23:34:56                               ^^^^^^^^^^^^^^^^^^^^^^^
Nov 16 23:34:56    File "/home/appuser/.local/lib/python3.11/site-packages/sqlalchemy/engine/base.py", line 3301, in raw_connection
Nov 16 23:34:56      return self.pool.connect()
Nov 16 23:34:56             ^^^^^^^^^^^^^^^^^^^
Nov 16 23:34:56    File "/home/appuser/.local/lib/python3.11/site-packages/sqlalchemy/pool/base.py", line 447, in connect
Nov 16 23:34:56      return _ConnectionFairy._checkout(self)
Nov 16 23:34:56             ^^^^^^^^^^^^^^^^^^^^^^^^^^^^^^^^
Nov 16 23:34:56    File "/home/appuser/.local/lib/python3.11/site-packages/sqlalchemy/pool/base.py", line 1264, in _checkout
Nov 16 23:34:56      fairy = _ConnectionRecord.checkout(pool)
Nov 16 23:34:56              ^^^^^^^^^^^^^^^^^^^^^^^^^^^^^^^^
Nov 16 23:34:56    File "/home/appuser/.local/lib/python3.11/site-packages/sqlalchemy/pool/base.py", line 711, in checkout
Nov 16 23:34:56      rec = pool._do_get()
Nov 16 23:34:56            ^^^^^^^^^^^^^^
Nov 16 23:34:56    File "/home/appuser/.local/lib/python3.11/site-packages/sqlalchemy/pool/impl.py", line 177, in _do_get
Nov 16 23:34:56      with util.safe_reraise():
Nov 16 23:34:56    File "/home/appuser/.local/lib/python3.11/site-packages/sqlalchemy/util/langhelpers.py", line 224, in __exit__
Nov 16 23:34:56      raise exc_value.with_traceback(exc_tb)
Nov 16 23:34:56    File "/home/appuser/.local/lib/python3.11/site-packages/sqlalchemy/pool/impl.py", line 175, in _do_get
Nov 16 23:34:56      return self._create_connection()
Nov 16 23:34:56             ^^^^^^^^^^^^^^^^^^^^^^^^^
Nov 16 23:34:56    File "/home/appuser/.local/lib/python3.11/site-packages/sqlalchemy/pool/base.py", line 388, in _create_connection
Nov 16 23:34:56      return _ConnectionRecord(self)
Nov 16 23:34:56             ^^^^^^^^^^^^^^^^^^^^^^^
Nov 16 23:34:56    File "/home/appuser/.local/lib/python3.11/site-packages/sqlalchemy/pool/base.py", line 673, in __init__
Nov 16 23:34:56      self.__connect()
Nov 16 23:34:56    File "/home/appuser/.local/lib/python3.11/site-packages/sqlalchemy/pool/base.py", line 899, in __connect
Nov 16 23:34:56      with util.safe_reraise():
Nov 16 23:34:56    File "/home/appuser/.local/lib/python3.11/site-packages/sqlalchemy/util/langhelpers.py", line 224, in __exit__
Nov 16 23:34:56      raise exc_value.with_traceback(exc_tb)
Nov 16 23:34:56    File "/home/appuser/.local/lib/python3.11/site-packages/sqlalchemy/pool/base.py", line 895, in __connect
Nov 16 23:34:56      self.dbapi_connection = connection = pool._invoke_creator(self)
Nov 16 23:34:56                                           ^^^^^^^^^^^^^^^^^^^^^^^^^^
Nov 16 23:34:56    File "/home/appuser/.local/lib/python3.11/site-packages/sqlalchemy/engine/create.py", line 661, in connect
Nov 16 23:34:56      return dialect.connect(*cargs, **cparams)
Nov 16 23:34:56             ^^^^^^^^^^^^^^^^^^^^^^^^^^^^^^^^^^
Nov 16 23:34:56    File "/home/appuser/.local/lib/python3.11/site-packages/sqlalchemy/engine/default.py", line 629, in connect
Nov 16 23:34:56      return self.loaded_dbapi.connect(*cargs, **cparams)  # type: ignore[no-any-return]  # NOQA: E501
Nov 16 23:34:56             ^^^^^^^^^^^^^^^^^^^^^^^^^^^^^^^^^^^^^^^^^^^^
Nov 16 23:34:56    File "/home/appuser/.local/lib/python3.11/site-packages/pymysql/connections.py", line 365, in __init__
Nov 16 23:34:56      self.connect()
Nov 16 23:34:56    File "/home/appuser/.local/lib/python3.11/site-packages/pymysql/connections.py", line 723, in connect
Nov 16 23:34:56      raise exc
Nov 16 23:34:56  sqlalchemy.exc.OperationalError: (pymysql.err.OperationalError) (2003, "Can't connect to MySQL server on 'localhost' ([Errno 111] Connection refused)")
Nov 16 23:34:56  (Background on this error at: https://sqlalche.me/e/20/e3q8)
Nov 16 23:34:57  Process SpawnProcess-2:
Nov 16 23:34:57  Traceback (most recent call last):
Nov 16 23:34:57    File "/home/appuser/.local/lib/python3.11/site-packages/pymysql/connections.py", line 661, in connect
Nov 16 23:34:57      sock = socket.create_connection(
Nov 16 23:34:57             ^^^^^^^^^^^^^^^^^^^^^^^^^
Nov 16 23:34:57    File "/usr/local/lib/python3.11/socket.py", line 863, in create_connection
Nov 16 23:34:57      raise exceptions[0]
Nov 16 23:34:57    File "/usr/local/lib/python3.11/socket.py", line 848, in create_connection
Nov 16 23:34:57      sock.connect(sa)
Nov 16 23:34:57  ConnectionRefusedError: [Errno 111] Connection refused
Nov 16 23:34:57  
Nov 16 23:34:57  During handling of the above exception, another exception occurred:
Nov 16 23:34:57  
Nov 16 23:34:57  Traceback (most recent call last):
Nov 16 23:34:57    File "/home/appuser/.local/lib/python3.11/site-packages/sqlalchemy/engine/base.py", line 143, in __init__
Nov 16 23:34:57      self._dbapi_connection = engine.raw_connection()
Nov 16 23:34:57                               ^^^^^^^^^^^^^^^^^^^^^^^
Nov 16 23:34:57    File "/home/appuser/.local/lib/python3.11/site-packages/sqlalchemy/engine/base.py", line 3301, in raw_connection
Nov 16 23:34:57      return self.pool.connect()
Nov 16 23:34:57             ^^^^^^^^^^^^^^^^^^^
Nov 16 23:34:57    File "/home/appuser/.local/lib/python3.11/site-packages/sqlalchemy/pool/base.py", line 447, in connect
Nov 16 23:34:57      return _ConnectionFairy._checkout(self)
Nov 16 23:34:57             ^^^^^^^^^^^^^^^^^^^^^^^^^^^^^^^^
Nov 16 23:34:57    File "/home/appuser/.local/lib/python3.11/site-packages/sqlalchemy/pool/base.py", line 1264, in _checkout
Nov 16 23:34:57      fairy = _ConnectionRecord.checkout(pool)
Nov 16 23:34:57              ^^^^^^^^^^^^^^^^^^^^^^^^^^^^^^^^
Nov 16 23:34:57    File "/home/appuser/.local/lib/python3.11/site-packages/sqlalchemy/pool/base.py", line 711, in checkout
Nov 16 23:34:57      rec = pool._do_get()
Nov 16 23:34:57            ^^^^^^^^^^^^^^
Nov 16 23:34:57    File "/home/appuser/.local/lib/python3.11/site-packages/sqlalchemy/pool/impl.py", line 177, in _do_get
Nov 16 23:34:57      with util.safe_reraise():
Nov 16 23:34:57    File "/home/appuser/.local/lib/python3.11/site-packages/sqlalchemy/util/langhelpers.py", line 224, in __exit__
Nov 16 23:34:57      raise exc_value.with_traceback(exc_tb)
Nov 16 23:34:57    File "/home/appuser/.local/lib/python3.11/site-packages/sqlalchemy/pool/impl.py", line 175, in _do_get
Nov 16 23:34:57      return self._create_connection()
Nov 16 23:34:57             ^^^^^^^^^^^^^^^^^^^^^^^^^
Nov 16 23:34:57    File "/home/appuser/.local/lib/python3.11/site-packages/sqlalchemy/pool/base.py", line 388, in _create_connection
Nov 16 23:34:57      return _ConnectionRecord(self)
Nov 16 23:34:57             ^^^^^^^^^^^^^^^^^^^^^^^
Nov 16 23:34:57    File "/home/appuser/.local/lib/python3.11/site-packages/sqlalchemy/pool/base.py", line 673, in __init__
Nov 16 23:34:57      self.__connect()
Nov 16 23:34:57    File "/home/appuser/.local/lib/python3.11/site-packages/sqlalchemy/pool/base.py", line 899, in __connect
Nov 16 23:34:57      with util.safe_reraise():
Nov 16 23:34:57    File "/home/appuser/.local/lib/python3.11/site-packages/sqlalchemy/util/langhelpers.py", line 224, in __exit__
Nov 16 23:34:57      raise exc_value.with_traceback(exc_tb)
Nov 16 23:34:57    File "/home/appuser/.local/lib/python3.11/site-packages/sqlalchemy/pool/base.py", line 895, in __connect
Nov 16 23:34:57      self.dbapi_connection = connection = pool._invoke_creator(self)
Nov 16 23:34:57                                           ^^^^^^^^^^^^^^^^^^^^^^^^^^
Nov 16 23:34:57    File "/home/appuser/.local/lib/python3.11/site-packages/sqlalchemy/engine/create.py", line 661, in connect
Nov 16 23:34:57      return dialect.connect(*cargs, **cparams)
Nov 16 23:34:57             ^^^^^^^^^^^^^^^^^^^^^^^^^^^^^^^^^^
Nov 16 23:34:57    File "/home/appuser/.local/lib/python3.11/site-packages/sqlalchemy/engine/default.py", line 629, in connect
Nov 16 23:34:57      return self.loaded_dbapi.connect(*cargs, **cparams)  # type: ignore[no-any-return]  # NOQA: E501
Nov 16 23:34:57             ^^^^^^^^^^^^^^^^^^^^^^^^^^^^^^^^^^^^^^^^^^^^
Nov 16 23:34:57    File "/home/appuser/.local/lib/python3.11/site-packages/pymysql/connections.py", line 365, in __init__
Nov 16 23:34:57      self.connect()
Nov 16 23:34:57    File "/home/appuser/.local/lib/python3.11/site-packages/pymysql/connections.py", line 723, in connect
Nov 16 23:34:57      raise exc
Nov 16 23:34:57  pymysql.err.OperationalError: (2003, "Can't connect to MySQL server on 'localhost' ([Errno 111] Connection refused)")
Nov 16 23:34:57  
Nov 16 23:34:57  The above exception was the direct cause of the following exception:
Nov 16 23:34:57  
Nov 16 23:34:57  Traceback (most recent call last):
Nov 16 23:34:57    File "/usr/local/lib/python3.11/multiprocessing/process.py", line 314, in _bootstrap
Nov 16 23:34:57      self.run()
Nov 16 23:34:57    File "/usr/local/lib/python3.11/multiprocessing/process.py", line 108, in run
Nov 16 23:34:57      self._target(*self._args, **self._kwargs)
Nov 16 23:34:57    File "/home/appuser/.local/lib/python3.11/site-packages/uvicorn/_subprocess.py", line 80, in subprocess_started
Nov 16 23:34:57      target(sockets=sockets)
Nov 16 23:34:57    File "/home/appuser/.local/lib/python3.11/site-packages/uvicorn/supervisors/multiprocess.py", line 63, in target
Nov 16 23:34:57      return self.real_target(sockets)
Nov 16 23:34:57             ^^^^^^^^^^^^^^^^^^^^^^^^^
Nov 16 23:34:57    File "/home/appuser/.local/lib/python3.11/site-packages/uvicorn/server.py", line 67, in run
Nov 16 23:34:57      return asyncio_run(self.serve(sockets=sockets), loop_factory=self.config.get_loop_factory())
Nov 16 23:34:57             ^^^^^^^^^^^^^^^^^^^^^^^^^^^^^^^^^^^^^^^^^^^^^^^^^^^^^^^^^^^^^^^^^^^^^^^^^^^^^^^^^^^^^
Nov 16 23:34:57    File "/home/appuser/.local/lib/python3.11/site-packages/uvicorn/_compat.py", line 30, in asyncio_run
Nov 16 23:34:57      return runner.run(main)
Nov 16 23:34:57             ^^^^^^^^^^^^^^^^
Nov 16 23:34:57    File "/usr/local/lib/python3.11/asyncio/runners.py", line 118, in run
Nov 16 23:34:57      return self._loop.run_until_complete(task)
Nov 16 23:34:57             ^^^^^^^^^^^^^^^^^^^^^^^^^^^^^^^^^^^
Nov 16 23:34:57    File "/usr/local/lib/python3.11/asyncio/base_events.py", line 654, in run_until_complete
Nov 16 23:34:57      return future.result()
Nov 16 23:34:57             ^^^^^^^^^^^^^^^
Nov 16 23:34:57    File "/home/appuser/.local/lib/python3.11/site-packages/uvicorn/server.py", line 71, in serve
Nov 16 23:34:57      await self._serve(sockets)
Nov 16 23:34:57    File "/home/appuser/.local/lib/python3.11/site-packages/uvicorn/server.py", line 78, in _serve
Nov 16 23:34:57      config.load()
Nov 16 23:34:57    File "/home/appuser/.local/lib/python3.11/site-packages/uvicorn/config.py", line 439, in load
Nov 16 23:34:57      self.loaded_app = import_from_string(self.app)
Nov 16 23:34:57                        ^^^^^^^^^^^^^^^^^^^^^^^^^^^^
Nov 16 23:34:57    File "/home/appuser/.local/lib/python3.11/site-packages/uvicorn/importer.py", line 19, in import_from_string
Nov 16 23:34:57      module = importlib.import_module(module_str)
Nov 16 23:34:57               ^^^^^^^^^^^^^^^^^^^^^^^^^^^^^^^^^^^
Nov 16 23:34:57    File "/usr/local/lib/python3.11/importlib/__init__.py", line 126, in import_module
Nov 16 23:34:57      return _bootstrap._gcd_import(name[level:], package, level)
Nov 16 23:34:57             ^^^^^^^^^^^^^^^^^^^^^^^^^^^^^^^^^^^^^^^^^^^^^^^^^^^^
Nov 16 23:34:57    File "<frozen importlib._bootstrap>", line 1204, in _gcd_import
Nov 16 23:34:57    File "<frozen importlib._bootstrap>", line 1176, in _find_and_load
Nov 16 23:34:57    File "<frozen importlib._bootstrap>", line 1147, in _find_and_load_unlocked
Nov 16 23:34:57    File "<frozen importlib._bootstrap>", line 690, in _load_unlocked
Nov 16 23:34:57    File "<frozen importlib._bootstrap_external>", line 940, in exec_module
Nov 16 23:34:57    File "<frozen importlib._bootstrap>", line 241, in _call_with_frames_removed
Nov 16 23:34:57    File "/app/main.py", line 20, in <module>
Nov 16 23:34:57      Base.metadata.create_all(bind=engine)
Nov 16 23:34:57    File "/home/appuser/.local/lib/python3.11/site-packages/sqlalchemy/sql/schema.py", line 5928, in create_all
Nov 16 23:34:57      bind._run_ddl_visitor(
Nov 16 23:34:57    File "/home/appuser/.local/lib/python3.11/site-packages/sqlalchemy/engine/base.py", line 3251, in _run_ddl_visitor
Nov 16 23:34:57      with self.begin() as conn:
Nov 16 23:34:57    File "/usr/local/lib/python3.11/contextlib.py", line 137, in __enter__
Nov 16 23:34:57      return next(self.gen)
Nov 16 23:34:57             ^^^^^^^^^^^^^^
Nov 16 23:34:57    File "/home/appuser/.local/lib/python3.11/site-packages/sqlalchemy/engine/base.py", line 3241, in begin
Nov 16 23:34:57      with self.connect() as conn:
Nov 16 23:34:57           ^^^^^^^^^^^^^^
Nov 16 23:34:57    File "/home/appuser/.local/lib/python3.11/site-packages/sqlalchemy/engine/base.py", line 3277, in connect
Nov 16 23:34:57      return self._connection_cls(self)
Nov 16 23:34:57             ^^^^^^^^^^^^^^^^^^^^^^^^^^
Nov 16 23:34:57    File "/home/appuser/.local/lib/python3.11/site-packages/sqlalchemy/engine/base.py", line 145, in __init__
Nov 16 23:34:57      Connection._handle_dbapi_exception_noconnection(
Nov 16 23:34:57    File "/home/appuser/.local/lib/python3.11/site-packages/sqlalchemy/engine/base.py", line 2440, in _handle_dbapi_exception_noconnection
Nov 16 23:34:57      raise sqlalchemy_exception.with_traceback(exc_info[2]) from e
Nov 16 23:34:57    File "/home/appuser/.local/lib/python3.11/site-packages/sqlalchemy/engine/base.py", line 143, in __init__
Nov 16 23:34:57      self._dbapi_connection = engine.raw_connection()
Nov 16 23:34:57                               ^^^^^^^^^^^^^^^^^^^^^^^
Nov 16 23:34:57    File "/home/appuser/.local/lib/python3.11/site-packages/sqlalchemy/engine/base.py", line 3301, in raw_connection
Nov 16 23:34:57      return self.pool.connect()
Nov 16 23:34:57             ^^^^^^^^^^^^^^^^^^^
Nov 16 23:34:57    File "/home/appuser/.local/lib/python3.11/site-packages/sqlalchemy/pool/base.py", line 447, in connect
Nov 16 23:34:57      return _ConnectionFairy._checkout(self)
Nov 16 23:34:57             ^^^^^^^^^^^^^^^^^^^^^^^^^^^^^^^^
Nov 16 23:34:57    File "/home/appuser/.local/lib/python3.11/site-packages/sqlalchemy/pool/base.py", line 1264, in _checkout
Nov 16 23:34:57      fairy = _ConnectionRecord.checkout(pool)
Nov 16 23:34:57              ^^^^^^^^^^^^^^^^^^^^^^^^^^^^^^^^
Nov 16 23:34:57    File "/home/appuser/.local/lib/python3.11/site-packages/sqlalchemy/pool/base.py", line 711, in checkout
Nov 16 23:34:57      rec = pool._do_get()
Nov 16 23:34:57            ^^^^^^^^^^^^^^
Nov 16 23:34:57    File "/home/appuser/.local/lib/python3.11/site-packages/sqlalchemy/pool/impl.py", line 177, in _do_get
Nov 16 23:34:57      with util.safe_reraise():
Nov 16 23:34:57    File "/home/appuser/.local/lib/python3.11/site-packages/sqlalchemy/util/langhelpers.py", line 224, in __exit__
Nov 16 23:34:57      raise exc_value.with_traceback(exc_tb)
Nov 16 23:34:57    File "/home/appuser/.local/lib/python3.11/site-packages/sqlalchemy/pool/impl.py", line 175, in _do_get
Nov 16 23:34:57      return self._create_connection()
Nov 16 23:34:57             ^^^^^^^^^^^^^^^^^^^^^^^^^
Nov 16 23:34:57    File "/home/appuser/.local/lib/python3.11/site-packages/sqlalchemy/pool/base.py", line 388, in _create_connection
Nov 16 23:34:57      return _ConnectionRecord(self)
Nov 16 23:34:57             ^^^^^^^^^^^^^^^^^^^^^^^
Nov 16 23:34:57    File "/home/appuser/.local/lib/python3.11/site-packages/sqlalchemy/pool/base.py", line 673, in __init__
Nov 16 23:34:57      self.__connect()
Nov 16 23:34:57    File "/home/appuser/.local/lib/python3.11/site-packages/sqlalchemy/pool/base.py", line 899, in __connect
Nov 16 23:34:57      with util.safe_reraise():
Nov 16 23:34:57    File "/home/appuser/.local/lib/python3.11/site-packages/sqlalchemy/util/langhelpers.py", line 224, in __exit__
Nov 16 23:34:57      raise exc_value.with_traceback(exc_tb)
Nov 16 23:34:57    File "/home/appuser/.local/lib/python3.11/site-packages/sqlalchemy/pool/base.py", line 895, in __connect
Nov 16 23:34:57      self.dbapi_connection = connection = pool._invoke_creator(self)
Nov 16 23:34:57                                           ^^^^^^^^^^^^^^^^^^^^^^^^^^
Nov 16 23:34:57    File "/home/appuser/.local/lib/python3.11/site-packages/sqlalchemy/engine/create.py", line 661, in connect
Nov 16 23:34:57      return dialect.connect(*cargs, **cparams)
Nov 16 23:34:57             ^^^^^^^^^^^^^^^^^^^^^^^^^^^^^^^^^^
Nov 16 23:34:57    File "/home/appuser/.local/lib/python3.11/site-packages/sqlalchemy/engine/default.py", line 629, in connect
Nov 16 23:34:57      return self.loaded_dbapi.connect(*cargs, **cparams)  # type: ignore[no-any-return]  # NOQA: E501
Nov 16 23:34:57             ^^^^^^^^^^^^^^^^^^^^^^^^^^^^^^^^^^^^^^^^^^^^
Nov 16 23:34:57    File "/home/appuser/.local/lib/python3.11/site-packages/pymysql/connections.py", line 365, in __init__
Nov 16 23:34:57      self.connect()
Nov 16 23:34:57    File "/home/appuser/.local/lib/python3.11/site-packages/pymysql/connections.py", line 723, in connect
Nov 16 23:34:57      raise exc
Nov 16 23:34:57  sqlalchemy.exc.OperationalError: (pymysql.err.OperationalError) (2003, "Can't connect to MySQL server on 'localhost' ([Errno 111] Connection refused)")
Nov 16 23:34:57  (Background on this error at: https://sqlalche.me/e/20/e3q8)
Nov 16 23:34:59  Process SpawnProcess-5:
Nov 16 23:34:59  Traceback (most recent call last):
Nov 16 23:34:59    File "/home/appuser/.local/lib/python3.11/site-packages/pymysql/connections.py", line 661, in connect
Nov 16 23:34:59      sock = socket.create_connection(
Nov 16 23:34:59             ^^^^^^^^^^^^^^^^^^^^^^^^^
Nov 16 23:34:59    File "/usr/local/lib/python3.11/socket.py", line 863, in create_connection
Nov 16 23:34:59      raise exceptions[0]
Nov 16 23:34:59    File "/usr/local/lib/python3.11/socket.py", line 848, in create_connection
Nov 16 23:34:59      sock.connect(sa)
Nov 16 23:34:59  ConnectionRefusedError: [Errno 111] Connection refused
Nov 16 23:34:59  
Nov 16 23:34:59  During handling of the above exception, another exception occurred:
Nov 16 23:34:59  
Nov 16 23:34:59  Traceback (most recent call last):
Nov 16 23:34:59    File "/home/appuser/.local/lib/python3.11/site-packages/sqlalchemy/engine/base.py", line 143, in __init__
Nov 16 23:34:59      self._dbapi_connection = engine.raw_connection()
Nov 16 23:34:59                               ^^^^^^^^^^^^^^^^^^^^^^^
Nov 16 23:34:59    File "/home/appuser/.local/lib/python3.11/site-packages/sqlalchemy/engine/base.py", line 3301, in raw_connection
Nov 16 23:34:59      return self.pool.connect()
Nov 16 23:34:59             ^^^^^^^^^^^^^^^^^^^
Nov 16 23:34:59    File "/home/appuser/.local/lib/python3.11/site-packages/sqlalchemy/pool/base.py", line 447, in connect
Nov 16 23:34:59      return _ConnectionFairy._checkout(self)
Nov 16 23:34:59             ^^^^^^^^^^^^^^^^^^^^^^^^^^^^^^^^
Nov 16 23:34:59    File "/home/appuser/.local/lib/python3.11/site-packages/sqlalchemy/pool/base.py", line 1264, in _checkout
Nov 16 23:34:59      fairy = _ConnectionRecord.checkout(pool)
Nov 16 23:34:59              ^^^^^^^^^^^^^^^^^^^^^^^^^^^^^^^^
Nov 16 23:34:59    File "/home/appuser/.local/lib/python3.11/site-packages/sqlalchemy/pool/base.py", line 711, in checkout
Nov 16 23:34:59      rec = pool._do_get()
Nov 16 23:34:59            ^^^^^^^^^^^^^^
Nov 16 23:34:59    File "/home/appuser/.local/lib/python3.11/site-packages/sqlalchemy/pool/impl.py", line 177, in _do_get
Nov 16 23:34:59      with util.safe_reraise():
Nov 16 23:34:59    File "/home/appuser/.local/lib/python3.11/site-packages/sqlalchemy/util/langhelpers.py", line 224, in __exit__
Nov 16 23:34:59      raise exc_value.with_traceback(exc_tb)
Nov 16 23:34:59    File "/home/appuser/.local/lib/python3.11/site-packages/sqlalchemy/pool/impl.py", line 175, in _do_get
Nov 16 23:34:59      return self._create_connection()
Nov 16 23:34:59             ^^^^^^^^^^^^^^^^^^^^^^^^^
Nov 16 23:34:59    File "/home/appuser/.local/lib/python3.11/site-packages/sqlalchemy/pool/base.py", line 388, in _create_connection
Nov 16 23:34:59      return _ConnectionRecord(self)
Nov 16 23:34:59             ^^^^^^^^^^^^^^^^^^^^^^^
Nov 16 23:34:59    File "/home/appuser/.local/lib/python3.11/site-packages/sqlalchemy/pool/base.py", line 673, in __init__
Nov 16 23:34:59      self.__connect()
Nov 16 23:34:59    File "/home/appuser/.local/lib/python3.11/site-packages/sqlalchemy/pool/base.py", line 899, in __connect
Nov 16 23:34:59      with util.safe_reraise():
Nov 16 23:34:59    File "/home/appuser/.local/lib/python3.11/site-packages/sqlalchemy/util/langhelpers.py", line 224, in __exit__
Nov 16 23:34:59      raise exc_value.with_traceback(exc_tb)
Nov 16 23:34:59    File "/home/appuser/.local/lib/python3.11/site-packages/sqlalchemy/pool/base.py", line 895, in __connect
Nov 16 23:34:59      self.dbapi_connection = connection = pool._invoke_creator(self)
Nov 16 23:34:59                                           ^^^^^^^^^^^^^^^^^^^^^^^^^^
Nov 16 23:34:59    File "/home/appuser/.local/lib/python3.11/site-packages/sqlalchemy/engine/create.py", line 661, in connect
Nov 16 23:34:59      return dialect.connect(*cargs, **cparams)
Nov 16 23:34:59             ^^^^^^^^^^^^^^^^^^^^^^^^^^^^^^^^^^
Nov 16 23:34:59    File "/home/appuser/.local/lib/python3.11/site-packages/sqlalchemy/engine/default.py", line 629, in connect
Nov 16 23:34:59      return self.loaded_dbapi.connect(*cargs, **cparams)  # type: ignore[no-any-return]  # NOQA: E501
Nov 16 23:34:59             ^^^^^^^^^^^^^^^^^^^^^^^^^^^^^^^^^^^^^^^^^^^^
Nov 16 23:34:59    File "/home/appuser/.local/lib/python3.11/site-packages/pymysql/connections.py", line 365, in __init__
Nov 16 23:34:59      self.connect()
Nov 16 23:34:59    File "/home/appuser/.local/lib/python3.11/site-packages/pymysql/connections.py", line 723, in connect
Nov 16 23:34:59      raise exc
Nov 16 23:34:59  pymysql.err.OperationalError: (2003, "Can't connect to MySQL server on 'localhost' ([Errno 111] Connection refused)")
Nov 16 23:34:59  
Nov 16 23:34:59  The above exception was the direct cause of the following exception:
Nov 16 23:34:59  
Nov 16 23:34:59  Traceback (most recent call last):
Nov 16 23:34:59    File "/usr/local/lib/python3.11/multiprocessing/process.py", line 314, in _bootstrap
Nov 16 23:34:59      self.run()
Nov 16 23:34:59    File "/usr/local/lib/python3.11/multiprocessing/process.py", line 108, in run
Nov 16 23:34:59      self._target(*self._args, **self._kwargs)
Nov 16 23:34:59    File "/home/appuser/.local/lib/python3.11/site-packages/uvicorn/_subprocess.py", line 80, in subprocess_started
Nov 16 23:34:59      target(sockets=sockets)
Nov 16 23:34:59    File "/home/appuser/.local/lib/python3.11/site-packages/uvicorn/supervisors/multiprocess.py", line 63, in target
Nov 16 23:34:59      return self.real_target(sockets)
Nov 16 23:34:59             ^^^^^^^^^^^^^^^^^^^^^^^^^
Nov 16 23:34:59    File "/home/appuser/.local/lib/python3.11/site-packages/uvicorn/server.py", line 67, in run
Nov 16 23:34:59      return asyncio_run(self.serve(sockets=sockets), loop_factory=self.config.get_loop_factory())
Nov 16 23:34:59             ^^^^^^^^^^^^^^^^^^^^^^^^^^^^^^^^^^^^^^^^^^^^^^^^^^^^^^^^^^^^^^^^^^^^^^^^^^^^^^^^^^^^^
Nov 16 23:34:59    File "/home/appuser/.local/lib/python3.11/site-packages/uvicorn/_compat.py", line 30, in asyncio_run
Nov 16 23:34:59      return runner.run(main)
Nov 16 23:34:59             ^^^^^^^^^^^^^^^^
Nov 16 23:34:59    File "/usr/local/lib/python3.11/asyncio/runners.py", line 118, in run
Nov 16 23:34:59      return self._loop.run_until_complete(task)
Nov 16 23:34:59             ^^^^^^^^^^^^^^^^^^^^^^^^^^^^^^^^^^^
Nov 16 23:34:59    File "/usr/local/lib/python3.11/asyncio/base_events.py", line 654, in run_until_complete
Nov 16 23:34:59      return future.result()
Nov 16 23:34:59             ^^^^^^^^^^^^^^^
Nov 16 23:34:59    File "/home/appuser/.local/lib/python3.11/site-packages/uvicorn/server.py", line 71, in serve
Nov 16 23:34:59      await self._serve(sockets)
Nov 16 23:34:59    File "/home/appuser/.local/lib/python3.11/site-packages/uvicorn/server.py", line 78, in _serve
Nov 16 23:34:59      config.load()
Nov 16 23:34:59    File "/home/appuser/.local/lib/python3.11/site-packages/uvicorn/config.py", line 439, in load
Nov 16 23:34:59      self.loaded_app = import_from_string(self.app)
Nov 16 23:34:59                        ^^^^^^^^^^^^^^^^^^^^^^^^^^^^
Nov 16 23:34:59    File "/home/appuser/.local/lib/python3.11/site-packages/uvicorn/importer.py", line 19, in import_from_string
Nov 16 23:34:59      module = importlib.import_module(module_str)
Nov 16 23:34:59               ^^^^^^^^^^^^^^^^^^^^^^^^^^^^^^^^^^^
Nov 16 23:34:59    File "/usr/local/lib/python3.11/importlib/__init__.py", line 126, in import_module
Nov 16 23:34:59      return _bootstrap._gcd_import(name[level:], package, level)
Nov 16 23:34:59             ^^^^^^^^^^^^^^^^^^^^^^^^^^^^^^^^^^^^^^^^^^^^^^^^^^^^
Nov 16 23:34:59    File "<frozen importlib._bootstrap>", line 1204, in _gcd_import
Nov 16 23:34:59    File "<frozen importlib._bootstrap>", line 1176, in _find_and_load
Nov 16 23:34:59    File "<frozen importlib._bootstrap>", line 1147, in _find_and_load_unlocked
Nov 16 23:34:59    File "<frozen importlib._bootstrap>", line 690, in _load_unlocked
Nov 16 23:34:59    File "<frozen importlib._bootstrap_external>", line 940, in exec_module
Nov 16 23:34:59    File "<frozen importlib._bootstrap>", line 241, in _call_with_frames_removed
Nov 16 23:34:59    File "/app/main.py", line 20, in <module>
Nov 16 23:34:59      Base.metadata.create_all(bind=engine)
Nov 16 23:34:59    File "/home/appuser/.local/lib/python3.11/site-packages/sqlalchemy/sql/schema.py", line 5928, in create_all
Nov 16 23:34:59      bind._run_ddl_visitor(
Nov 16 23:34:59    File "/home/appuser/.local/lib/python3.11/site-packages/sqlalchemy/engine/base.py", line 3251, in _run_ddl_visitor
Nov 16 23:34:59      with self.begin() as conn:
Nov 16 23:34:59    File "/usr/local/lib/python3.11/contextlib.py", line 137, in __enter__
Nov 16 23:34:59      return next(self.gen)
Nov 16 23:34:59             ^^^^^^^^^^^^^^
Nov 16 23:34:59    File "/home/appuser/.local/lib/python3.11/site-packages/sqlalchemy/engine/base.py", line 3241, in begin
Nov 16 23:34:59      with self.connect() as conn:
Nov 16 23:34:59           ^^^^^^^^^^^^^^
Nov 16 23:34:59    File "/home/appuser/.local/lib/python3.11/site-packages/sqlalchemy/engine/base.py", line 3277, in connect
Nov 16 23:34:59      return self._connection_cls(self)
Nov 16 23:34:59             ^^^^^^^^^^^^^^^^^^^^^^^^^^
Nov 16 23:34:59    File "/home/appuser/.local/lib/python3.11/site-packages/sqlalchemy/engine/base.py", line 145, in __init__
Nov 16 23:34:59      Connection._handle_dbapi_exception_noconnection(
Nov 16 23:34:59    File "/home/appuser/.local/lib/python3.11/site-packages/sqlalchemy/engine/base.py", line 2440, in _handle_dbapi_exception_noconnection
Nov 16 23:34:59      raise sqlalchemy_exception.with_traceback(exc_info[2]) from e
Nov 16 23:34:59    File "/home/appuser/.local/lib/python3.11/site-packages/sqlalchemy/engine/base.py", line 143, in __init__
Nov 16 23:34:59      self._dbapi_connection = engine.raw_connection()
Nov 16 23:34:59                               ^^^^^^^^^^^^^^^^^^^^^^^
Nov 16 23:34:59    File "/home/appuser/.local/lib/python3.11/site-packages/sqlalchemy/engine/base.py", line 3301, in raw_connection
Nov 16 23:34:59      return self.pool.connect()
Nov 16 23:34:59             ^^^^^^^^^^^^^^^^^^^
Nov 16 23:34:59    File "/home/appuser/.local/lib/python3.11/site-packages/sqlalchemy/pool/base.py", line 447, in connect
Nov 16 23:34:59      return _ConnectionFairy._checkout(self)
Nov 16 23:34:59             ^^^^^^^^^^^^^^^^^^^^^^^^^^^^^^^^
Nov 16 23:34:59    File "/home/appuser/.local/lib/python3.11/site-packages/sqlalchemy/pool/base.py", line 1264, in _checkout
Nov 16 23:34:59      fairy = _ConnectionRecord.checkout(pool)
Nov 16 23:34:59              ^^^^^^^^^^^^^^^^^^^^^^^^^^^^^^^^
Nov 16 23:34:59    File "/home/appuser/.local/lib/python3.11/site-packages/sqlalchemy/pool/base.py", line 711, in checkout
Nov 16 23:34:59      rec = pool._do_get()
Nov 16 23:34:59            ^^^^^^^^^^^^^^
Nov 16 23:34:59    File "/home/appuser/.local/lib/python3.11/site-packages/sqlalchemy/pool/impl.py", line 177, in _do_get
Nov 16 23:34:59      with util.safe_reraise():
Nov 16 23:34:59    File "/home/appuser/.local/lib/python3.11/site-packages/sqlalchemy/util/langhelpers.py", line 224, in __exit__
Nov 16 23:34:59      raise exc_value.with_traceback(exc_tb)
Nov 16 23:34:59    File "/home/appuser/.local/lib/python3.11/site-packages/sqlalchemy/pool/impl.py", line 175, in _do_get
Nov 16 23:34:59      return self._create_connection()
Nov 16 23:34:59             ^^^^^^^^^^^^^^^^^^^^^^^^^
Nov 16 23:34:59    File "/home/appuser/.local/lib/python3.11/site-packages/sqlalchemy/pool/base.py", line 388, in _create_connection
Nov 16 23:34:59      return _ConnectionRecord(self)
Nov 16 23:34:59             ^^^^^^^^^^^^^^^^^^^^^^^
Nov 16 23:34:59    File "/home/appuser/.local/lib/python3.11/site-packages/sqlalchemy/pool/base.py", line 673, in __init__
Nov 16 23:34:59      self.__connect()
Nov 16 23:34:59    File "/home/appuser/.local/lib/python3.11/site-packages/sqlalchemy/pool/base.py", line 899, in __connect
Nov 16 23:34:59      with util.safe_reraise():
Nov 16 23:34:59    File "/home/appuser/.local/lib/python3.11/site-packages/sqlalchemy/util/langhelpers.py", line 224, in __exit__
Nov 16 23:34:59      raise exc_value.with_traceback(exc_tb)
Nov 16 23:34:59    File "/home/appuser/.local/lib/python3.11/site-packages/sqlalchemy/pool/base.py", line 895, in __connect
Nov 16 23:34:59      self.dbapi_connection = connection = pool._invoke_creator(self)
Nov 16 23:34:59                                           ^^^^^^^^^^^^^^^^^^^^^^^^^^
Nov 16 23:34:59    File "/home/appuser/.local/lib/python3.11/site-packages/sqlalchemy/engine/create.py", line 661, in connect
Nov 16 23:34:59      return dialect.connect(*cargs, **cparams)
Nov 16 23:34:59             ^^^^^^^^^^^^^^^^^^^^^^^^^^^^^^^^^^
Nov 16 23:34:59    File "/home/appuser/.local/lib/python3.11/site-packages/sqlalchemy/engine/default.py", line 629, in connect
Nov 16 23:34:59      return self.loaded_dbapi.connect(*cargs, **cparams)  # type: ignore[no-any-return]  # NOQA: E501
Nov 16 23:34:59             ^^^^^^^^^^^^^^^^^^^^^^^^^^^^^^^^^^^^^^^^^^^^
Nov 16 23:34:59    File "/home/appuser/.local/lib/python3.11/site-packages/pymysql/connections.py", line 365, in __init__
Nov 16 23:34:59      self.connect()
Nov 16 23:34:59    File "/home/appuser/.local/lib/python3.11/site-packages/pymysql/connections.py", line 723, in connect
Nov 16 23:34:59      raise exc
Nov 16 23:34:59  sqlalchemy.exc.OperationalError: (pymysql.err.OperationalError) (2003, "Can't connect to MySQL server on 'localhost' ([Errno 111] Connection refused)")
Nov 16 23:34:59  (Background on this error at: https://sqlalche.me/e/20/e3q8)
Nov 16 23:35:01  INFO:     Waiting for child process [5]
Nov 16 23:35:01  INFO:     Child process [5] died
Nov 16 23:35:01  INFO:     Waiting for child process [6]
Nov 16 23:35:01  INFO:     Child process [6] died
Nov 16 23:35:02  INFO:     Waiting for child process [10]
Nov 16 23:35:02  INFO:     Child process [10] died
Nov 16 23:35:02  INFO:     Waiting for child process [4]
Nov 16 23:35:02  INFO:     Child process [4] died
Nov 16 23:35:28  Process SpawnProcess-9:
Nov 16 23:35:28  Traceback (most recent call last):
Nov 16 23:35:28    File "/home/appuser/.local/lib/python3.11/site-packages/pymysql/connections.py", line 661, in connect
Nov 16 23:35:28      sock = socket.create_connection(
Nov 16 23:35:28             ^^^^^^^^^^^^^^^^^^^^^^^^^
Nov 16 23:35:28    File "/usr/local/lib/python3.11/socket.py", line 863, in create_connection
Nov 16 23:35:28      raise exceptions[0]
Nov 16 23:35:28    File "/usr/local/lib/python3.11/socket.py", line 848, in create_connection
Nov 16 23:35:28      sock.connect(sa)
Nov 16 23:35:28  ConnectionRefusedError: [Errno 111] Connection refused
Nov 16 23:35:28  
Nov 16 23:35:28  During handling of the above exception, another exception occurred:
Nov 16 23:35:28  
Nov 16 23:35:28  Traceback (most recent call last):
Nov 16 23:35:28    File "/home/appuser/.local/lib/python3.11/site-packages/sqlalchemy/engine/base.py", line 143, in __init__
Nov 16 23:35:28      self._dbapi_connection = engine.raw_connection()
Nov 16 23:35:28                               ^^^^^^^^^^^^^^^^^^^^^^^
Nov 16 23:35:28    File "/home/appuser/.local/lib/python3.11/site-packages/sqlalchemy/engine/base.py", line 3301, in raw_connection
Nov 16 23:35:28      return self.pool.connect()
Nov 16 23:35:28             ^^^^^^^^^^^^^^^^^^^
Nov 16 23:35:28    File "/home/appuser/.local/lib/python3.11/site-packages/sqlalchemy/pool/base.py", line 447, in connect
Nov 16 23:35:28      return _ConnectionFairy._checkout(self)
Nov 16 23:35:28             ^^^^^^^^^^^^^^^^^^^^^^^^^^^^^^^^
Nov 16 23:35:28    File "/home/appuser/.local/lib/python3.11/site-packages/sqlalchemy/pool/base.py", line 1264, in _checkout
Nov 16 23:35:28      fairy = _ConnectionRecord.checkout(pool)
Nov 16 23:35:28              ^^^^^^^^^^^^^^^^^^^^^^^^^^^^^^^^
Nov 16 23:35:28    File "/home/appuser/.local/lib/python3.11/site-packages/sqlalchemy/pool/base.py", line 711, in checkout
Nov 16 23:35:28      rec = pool._do_get()
Nov 16 23:35:28            ^^^^^^^^^^^^^^
Nov 16 23:35:28    File "/home/appuser/.local/lib/python3.11/site-packages/sqlalchemy/pool/impl.py", line 177, in _do_get
Nov 16 23:35:28      with util.safe_reraise():
Nov 16 23:35:28    File "/home/appuser/.local/lib/python3.11/site-packages/sqlalchemy/util/langhelpers.py", line 224, in __exit__
Nov 16 23:35:28      raise exc_value.with_traceback(exc_tb)
Nov 16 23:35:28    File "/home/appuser/.local/lib/python3.11/site-packages/sqlalchemy/pool/impl.py", line 175, in _do_get
Nov 16 23:35:28      return self._create_connection()
Nov 16 23:35:28             ^^^^^^^^^^^^^^^^^^^^^^^^^
Nov 16 23:35:28    File "/home/appuser/.local/lib/python3.11/site-packages/sqlalchemy/pool/base.py", line 388, in _create_connection
Nov 16 23:35:28      return _ConnectionRecord(self)
Nov 16 23:35:28             ^^^^^^^^^^^^^^^^^^^^^^^
Nov 16 23:35:28    File "/home/appuser/.local/lib/python3.11/site-packages/sqlalchemy/pool/base.py", line 673, in __init__
Nov 16 23:35:28      self.__connect()
Nov 16 23:35:28    File "/home/appuser/.local/lib/python3.11/site-packages/sqlalchemy/pool/base.py", line 899, in __connect
Nov 16 23:35:28      with util.safe_reraise():
Nov 16 23:35:28    File "/home/appuser/.local/lib/python3.11/site-packages/sqlalchemy/util/langhelpers.py", line 224, in __exit__
Nov 16 23:35:28      raise exc_value.with_traceback(exc_tb)
Nov 16 23:35:28    File "/home/appuser/.local/lib/python3.11/site-packages/sqlalchemy/pool/base.py", line 895, in __connect
Nov 16 23:35:28      self.dbapi_connection = connection = pool._invoke_creator(self)
Nov 16 23:35:28                                           ^^^^^^^^^^^^^^^^^^^^^^^^^^
Nov 16 23:35:28    File "/home/appuser/.local/lib/python3.11/site-packages/sqlalchemy/engine/create.py", line 661, in connect
Nov 16 23:35:28      return dialect.connect(*cargs, **cparams)
Nov 16 23:35:28             ^^^^^^^^^^^^^^^^^^^^^^^^^^^^^^^^^^
Nov 16 23:35:28    File "/home/appuser/.local/lib/python3.11/site-packages/sqlalchemy/engine/default.py", line 629, in connect
Nov 16 23:35:28      return self.loaded_dbapi.connect(*cargs, **cparams)  # type: ignore[no-any-return]  # NOQA: E501
Nov 16 23:35:28             ^^^^^^^^^^^^^^^^^^^^^^^^^^^^^^^^^^^^^^^^^^^^
Nov 16 23:35:28    File "/home/appuser/.local/lib/python3.11/site-packages/pymysql/connections.py", line 365, in __init__
Nov 16 23:35:28      self.connect()
Nov 16 23:35:28    File "/home/appuser/.local/lib/python3.11/site-packages/pymysql/connections.py", line 723, in connect
Nov 16 23:35:28      raise exc
Nov 16 23:35:28  pymysql.err.OperationalError: (2003, "Can't connect to MySQL server on 'localhost' ([Errno 111] Connection refused)")
Nov 16 23:35:28  
Nov 16 23:35:28  The above exception was the direct cause of the following exception:
Nov 16 23:35:28  
Nov 16 23:35:28  Traceback (most recent call last):
Nov 16 23:35:28    File "/usr/local/lib/python3.11/multiprocessing/process.py", line 314, in _bootstrap
Nov 16 23:35:28      self.run()
Nov 16 23:35:28    File "/usr/local/lib/python3.11/multiprocessing/process.py", line 108, in run
Nov 16 23:35:28      self._target(*self._args, **self._kwargs)
Nov 16 23:35:28    File "/home/appuser/.local/lib/python3.11/site-packages/uvicorn/_subprocess.py", line 80, in subprocess_started
Nov 16 23:35:28      target(sockets=sockets)
Nov 16 23:35:28    File "/home/appuser/.local/lib/python3.11/site-packages/uvicorn/supervisors/multiprocess.py", line 63, in target
Nov 16 23:35:28      return self.real_target(sockets)
Nov 16 23:35:28             ^^^^^^^^^^^^^^^^^^^^^^^^^
Nov 16 23:35:28    File "/home/appuser/.local/lib/python3.11/site-packages/uvicorn/server.py", line 67, in run
Nov 16 23:35:28      return asyncio_run(self.serve(sockets=sockets), loop_factory=self.config.get_loop_factory())
Nov 16 23:35:28             ^^^^^^^^^^^^^^^^^^^^^^^^^^^^^^^^^^^^^^^^^^^^^^^^^^^^^^^^^^^^^^^^^^^^^^^^^^^^^^^^^^^^^
Nov 16 23:35:28    File "/home/appuser/.local/lib/python3.11/site-packages/uvicorn/_compat.py", line 30, in asyncio_run
Nov 16 23:35:28      return runner.run(main)
Nov 16 23:35:28             ^^^^^^^^^^^^^^^^
Nov 16 23:35:28    File "/usr/local/lib/python3.11/asyncio/runners.py", line 118, in run
Nov 16 23:35:28      return self._loop.run_until_complete(task)
Nov 16 23:35:28             ^^^^^^^^^^^^^^^^^^^^^^^^^^^^^^^^^^^
Nov 16 23:35:28    File "/usr/local/lib/python3.11/asyncio/base_events.py", line 654, in run_until_complete
Nov 16 23:35:28      return future.result()
Nov 16 23:35:28             ^^^^^^^^^^^^^^^
Nov 16 23:35:28    File "/home/appuser/.local/lib/python3.11/site-packages/uvicorn/server.py", line 71, in serve
Nov 16 23:35:28      await self._serve(sockets)
Nov 16 23:35:28    File "/home/appuser/.local/lib/python3.11/site-packages/uvicorn/server.py", line 78, in _serve
Nov 16 23:35:28      config.load()
Nov 16 23:35:28    File "/home/appuser/.local/lib/python3.11/site-packages/uvicorn/config.py", line 439, in load
Nov 16 23:35:28      self.loaded_app = import_from_string(self.app)
Nov 16 23:35:28                        ^^^^^^^^^^^^^^^^^^^^^^^^^^^^
Nov 16 23:35:28    File "/home/appuser/.local/lib/python3.11/site-packages/uvicorn/importer.py", line 19, in import_from_string
Nov 16 23:35:28      module = importlib.import_module(module_str)
Nov 16 23:35:28               ^^^^^^^^^^^^^^^^^^^^^^^^^^^^^^^^^^^
Nov 16 23:35:28    File "/usr/local/lib/python3.11/importlib/__init__.py", line 126, in import_module
Nov 16 23:35:28      return _bootstrap._gcd_import(name[level:], package, level)
Nov 16 23:35:28             ^^^^^^^^^^^^^^^^^^^^^^^^^^^^^^^^^^^^^^^^^^^^^^^^^^^^
Nov 16 23:35:28    File "<frozen importlib._bootstrap>", line 1204, in _gcd_import
Nov 16 23:35:28    File "<frozen importlib._bootstrap>", line 1176, in _find_and_load
Nov 16 23:35:28    File "<frozen importlib._bootstrap>", line 1147, in _find_and_load_unlocked
Nov 16 23:35:28    File "<frozen importlib._bootstrap>", line 690, in _load_unlocked
Nov 16 23:35:28    File "<frozen importlib._bootstrap_external>", line 940, in exec_module
Nov 16 23:35:28    File "<frozen importlib._bootstrap>", line 241, in _call_with_frames_removed
Nov 16 23:35:28    File "/app/main.py", line 20, in <module>
Nov 16 23:35:28      Base.metadata.create_all(bind=engine)
Nov 16 23:35:28    File "/home/appuser/.local/lib/python3.11/site-packages/sqlalchemy/sql/schema.py", line 5928, in create_all
Nov 16 23:35:28      bind._run_ddl_visitor(
Nov 16 23:35:28    File "/home/appuser/.local/lib/python3.11/site-packages/sqlalchemy/engine/base.py", line 3251, in _run_ddl_visitor
Nov 16 23:35:28      with self.begin() as conn:
Nov 16 23:35:28    File "/usr/local/lib/python3.11/contextlib.py", line 137, in __enter__
Nov 16 23:35:28      return next(self.gen)
Nov 16 23:35:28             ^^^^^^^^^^^^^^
Nov 16 23:35:28    File "/home/appuser/.local/lib/python3.11/site-packages/sqlalchemy/engine/base.py", line 3241, in begin
Nov 16 23:35:28      with self.connect() as conn:
Nov 16 23:35:28           ^^^^^^^^^^^^^^
Nov 16 23:35:28    File "/home/appuser/.local/lib/python3.11/site-packages/sqlalchemy/engine/base.py", line 3277, in connect
Nov 16 23:35:28      return self._connection_cls(self)
Nov 16 23:35:28             ^^^^^^^^^^^^^^^^^^^^^^^^^^
Nov 16 23:35:28    File "/home/appuser/.local/lib/python3.11/site-packages/sqlalchemy/engine/base.py", line 145, in __init__
Nov 16 23:35:28      Connection._handle_dbapi_exception_noconnection(
Nov 16 23:35:28    File "/home/appuser/.local/lib/python3.11/site-packages/sqlalchemy/engine/base.py", line 2440, in _handle_dbapi_exception_noconnection
Nov 16 23:35:28      raise sqlalchemy_exception.with_traceback(exc_info[2]) from e
Nov 16 23:35:28    File "/home/appuser/.local/lib/python3.11/site-packages/sqlalchemy/engine/base.py", line 143, in __init__
Nov 16 23:35:28      self._dbapi_connection = engine.raw_connection()
Nov 16 23:35:28                               ^^^^^^^^^^^^^^^^^^^^^^^
Nov 16 23:35:28    File "/home/appuser/.local/lib/python3.11/site-packages/sqlalchemy/engine/base.py", line 3301, in raw_connection
Nov 16 23:35:28      return self.pool.connect()
Nov 16 23:35:28             ^^^^^^^^^^^^^^^^^^^
Nov 16 23:35:28    File "/home/appuser/.local/lib/python3.11/site-packages/sqlalchemy/pool/base.py", line 447, in connect
Nov 16 23:35:28      return _ConnectionFairy._checkout(self)
Nov 16 23:35:28             ^^^^^^^^^^^^^^^^^^^^^^^^^^^^^^^^
Nov 16 23:35:28    File "/home/appuser/.local/lib/python3.11/site-packages/sqlalchemy/pool/base.py", line 1264, in _checkout
Nov 16 23:35:28      fairy = _ConnectionRecord.checkout(pool)
Nov 16 23:35:28              ^^^^^^^^^^^^^^^^^^^^^^^^^^^^^^^^
Nov 16 23:35:28    File "/home/appuser/.local/lib/python3.11/site-packages/sqlalchemy/pool/base.py", line 711, in checkout
Nov 16 23:35:28      rec = pool._do_get()
Nov 16 23:35:28            ^^^^^^^^^^^^^^
Nov 16 23:35:28    File "/home/appuser/.local/lib/python3.11/site-packages/sqlalchemy/pool/impl.py", line 177, in _do_get
Nov 16 23:35:28      with util.safe_reraise():
Nov 16 23:35:28    File "/home/appuser/.local/lib/python3.11/site-packages/sqlalchemy/util/langhelpers.py", line 224, in __exit__
Nov 16 23:35:28      raise exc_value.with_traceback(exc_tb)
Nov 16 23:35:28    File "/home/appuser/.local/lib/python3.11/site-packages/sqlalchemy/pool/impl.py", line 175, in _do_get
Nov 16 23:35:28      return self._create_connection()
Nov 16 23:35:28             ^^^^^^^^^^^^^^^^^^^^^^^^^
Nov 16 23:35:28    File "/home/appuser/.local/lib/python3.11/site-packages/sqlalchemy/pool/base.py", line 388, in _create_connection
Nov 16 23:35:28      return _ConnectionRecord(self)
Nov 16 23:35:28             ^^^^^^^^^^^^^^^^^^^^^^^
Nov 16 23:35:28    File "/home/appuser/.local/lib/python3.11/site-packages/sqlalchemy/pool/base.py", line 673, in __init__
Nov 16 23:35:28      self.__connect()
Nov 16 23:35:28    File "/home/appuser/.local/lib/python3.11/site-packages/sqlalchemy/pool/base.py", line 899, in __connect
Nov 16 23:35:28      with util.safe_reraise():
Nov 16 23:35:28    File "/home/appuser/.local/lib/python3.11/site-packages/sqlalchemy/util/langhelpers.py", line 224, in __exit__
Nov 16 23:35:28      raise exc_value.with_traceback(exc_tb)
Nov 16 23:35:28    File "/home/appuser/.local/lib/python3.11/site-packages/sqlalchemy/pool/base.py", line 895, in __connect
Nov 16 23:35:28      self.dbapi_connection = connection = pool._invoke_creator(self)
Nov 16 23:35:28                                           ^^^^^^^^^^^^^^^^^^^^^^^^^^
Nov 16 23:35:28    File "/home/appuser/.local/lib/python3.11/site-packages/sqlalchemy/engine/create.py", line 661, in connect
Nov 16 23:35:28      return dialect.connect(*cargs, **cparams)
Nov 16 23:35:28             ^^^^^^^^^^^^^^^^^^^^^^^^^^^^^^^^^^
Nov 16 23:35:28    File "/home/appuser/.local/lib/python3.11/site-packages/sqlalchemy/engine/default.py", line 629, in connect
Nov 16 23:35:28      return self.loaded_dbapi.connect(*cargs, **cparams)  # type: ignore[no-any-return]  # NOQA: E501
Nov 16 23:35:28             ^^^^^^^^^^^^^^^^^^^^^^^^^^^^^^^^^^^^^^^^^^^^
Nov 16 23:35:28    File "/home/appuser/.local/lib/python3.11/site-packages/pymysql/connections.py", line 365, in __init__
Nov 16 23:35:28      self.connect()
Nov 16 23:35:28    File "/home/appuser/.local/lib/python3.11/site-packages/pymysql/connections.py", line 723, in connect
Nov 16 23:35:28      raise exc
Nov 16 23:35:28  sqlalchemy.exc.OperationalError: (pymysql.err.OperationalError) (2003, "Can't connect to MySQL server on 'localhost' ([Errno 111] Connection refused)")
Nov 16 23:35:28  (Background on this error at: https://sqlalche.me/e/20/e3q8)
Nov 16 23:35:28  Process SpawnProcess-7:
Nov 16 23:35:28  Traceback (most recent call last):
Nov 16 23:35:28    File "/home/appuser/.local/lib/python3.11/site-packages/pymysql/connections.py", line 661, in connect
Nov 16 23:35:28      sock = socket.create_connection(
Nov 16 23:35:28             ^^^^^^^^^^^^^^^^^^^^^^^^^
Nov 16 23:35:28    File "/usr/local/lib/python3.11/socket.py", line 863, in create_connection
Nov 16 23:35:28      raise exceptions[0]
Nov 16 23:35:28    File "/usr/local/lib/python3.11/socket.py", line 848, in create_connection
Nov 16 23:35:28      sock.connect(sa)
Nov 16 23:35:28  ConnectionRefusedError: [Errno 111] Connection refused
Nov 16 23:35:28  
Nov 16 23:35:28  During handling of the above exception, another exception occurred:
Nov 16 23:35:28  
Nov 16 23:35:28  Traceback (most recent call last):
Nov 16 23:35:28    File "/home/appuser/.local/lib/python3.11/site-packages/sqlalchemy/engine/base.py", line 143, in __init__
Nov 16 23:35:28      self._dbapi_connection = engine.raw_connection()
Nov 16 23:35:28                               ^^^^^^^^^^^^^^^^^^^^^^^
Nov 16 23:35:28    File "/home/appuser/.local/lib/python3.11/site-packages/sqlalchemy/engine/base.py", line 3301, in raw_connection
Nov 16 23:35:28      return self.pool.connect()
Nov 16 23:35:28             ^^^^^^^^^^^^^^^^^^^
Nov 16 23:35:28    File "/home/appuser/.local/lib/python3.11/site-packages/sqlalchemy/pool/base.py", line 447, in connect
Nov 16 23:35:28      return _ConnectionFairy._checkout(self)
Nov 16 23:35:28             ^^^^^^^^^^^^^^^^^^^^^^^^^^^^^^^^
Nov 16 23:35:28    File "/home/appuser/.local/lib/python3.11/site-packages/sqlalchemy/pool/base.py", line 1264, in _checkout
Nov 16 23:35:28      fairy = _ConnectionRecord.checkout(pool)
Nov 16 23:35:28              ^^^^^^^^^^^^^^^^^^^^^^^^^^^^^^^^
Nov 16 23:35:28    File "/home/appuser/.local/lib/python3.11/site-packages/sqlalchemy/pool/base.py", line 711, in checkout
Nov 16 23:35:28      rec = pool._do_get()
Nov 16 23:35:28            ^^^^^^^^^^^^^^
Nov 16 23:35:28    File "/home/appuser/.local/lib/python3.11/site-packages/sqlalchemy/pool/impl.py", line 177, in _do_get
Nov 16 23:35:28      with util.safe_reraise():
Nov 16 23:35:28    File "/home/appuser/.local/lib/python3.11/site-packages/sqlalchemy/util/langhelpers.py", line 224, in __exit__
Nov 16 23:35:28      raise exc_value.with_traceback(exc_tb)
Nov 16 23:35:28    File "/home/appuser/.local/lib/python3.11/site-packages/sqlalchemy/pool/impl.py", line 175, in _do_get
Nov 16 23:35:28      return self._create_connection()
Nov 16 23:35:28             ^^^^^^^^^^^^^^^^^^^^^^^^^
Nov 16 23:35:28    File "/home/appuser/.local/lib/python3.11/site-packages/sqlalchemy/pool/base.py", line 388, in _create_connection
Nov 16 23:35:28      return _ConnectionRecord(self)
Nov 16 23:35:28             ^^^^^^^^^^^^^^^^^^^^^^^
Nov 16 23:35:28    File "/home/appuser/.local/lib/python3.11/site-packages/sqlalchemy/pool/base.py", line 673, in __init__
Nov 16 23:35:28      self.__connect()
Nov 16 23:35:28    File "/home/appuser/.local/lib/python3.11/site-packages/sqlalchemy/pool/base.py", line 899, in __connect
Nov 16 23:35:28      with util.safe_reraise():
Nov 16 23:35:28    File "/home/appuser/.local/lib/python3.11/site-packages/sqlalchemy/util/langhelpers.py", line 224, in __exit__
Nov 16 23:35:28      raise exc_value.with_traceback(exc_tb)
Nov 16 23:35:28    File "/home/appuser/.local/lib/python3.11/site-packages/sqlalchemy/pool/base.py", line 895, in __connect
Nov 16 23:35:28      self.dbapi_connection = connection = pool._invoke_creator(self)
Nov 16 23:35:28                                           ^^^^^^^^^^^^^^^^^^^^^^^^^^
Nov 16 23:35:28    File "/home/appuser/.local/lib/python3.11/site-packages/sqlalchemy/engine/create.py", line 661, in connect
Nov 16 23:35:28      return dialect.connect(*cargs, **cparams)
Nov 16 23:35:28             ^^^^^^^^^^^^^^^^^^^^^^^^^^^^^^^^^^
Nov 16 23:35:28    File "/home/appuser/.local/lib/python3.11/site-packages/sqlalchemy/engine/default.py", line 629, in connect
Nov 16 23:35:28      return self.loaded_dbapi.connect(*cargs, **cparams)  # type: ignore[no-any-return]  # NOQA: E501
Nov 16 23:35:28             ^^^^^^^^^^^^^^^^^^^^^^^^^^^^^^^^^^^^^^^^^^^^
Nov 16 23:35:28    File "/home/appuser/.local/lib/python3.11/site-packages/pymysql/connections.py", line 365, in __init__
Nov 16 23:35:28      self.connect()
Nov 16 23:35:28    File "/home/appuser/.local/lib/python3.11/site-packages/pymysql/connections.py", line 723, in connect
Nov 16 23:35:28      raise exc
Nov 16 23:35:28  pymysql.err.OperationalError: (2003, "Can't connect to MySQL server on 'localhost' ([Errno 111] Connection refused)")
Nov 16 23:35:28  
Nov 16 23:35:28  The above exception was the direct cause of the following exception:
Nov 16 23:35:28  
Nov 16 23:35:28  Traceback (most recent call last):
Nov 16 23:35:28    File "/usr/local/lib/python3.11/multiprocessing/process.py", line 314, in _bootstrap
Nov 16 23:35:28      self.run()
Nov 16 23:35:28    File "/usr/local/lib/python3.11/multiprocessing/process.py", line 108, in run
Nov 16 23:35:28      self._target(*self._args, **self._kwargs)
Nov 16 23:35:28    File "/home/appuser/.local/lib/python3.11/site-packages/uvicorn/_subprocess.py", line 80, in subprocess_started
Nov 16 23:35:28      target(sockets=sockets)
Nov 16 23:35:28    File "/home/appuser/.local/lib/python3.11/site-packages/uvicorn/supervisors/multiprocess.py", line 63, in target
Nov 16 23:35:28      return self.real_target(sockets)
Nov 16 23:35:28             ^^^^^^^^^^^^^^^^^^^^^^^^^
Nov 16 23:35:28    File "/home/appuser/.local/lib/python3.11/site-packages/uvicorn/server.py", line 67, in run
Nov 16 23:35:28      return asyncio_run(self.serve(sockets=sockets), loop_factory=self.config.get_loop_factory())
Nov 16 23:35:28             ^^^^^^^^^^^^^^^^^^^^^^^^^^^^^^^^^^^^^^^^^^^^^^^^^^^^^^^^^^^^^^^^^^^^^^^^^^^^^^^^^^^^^
Nov 16 23:35:28    File "/home/appuser/.local/lib/python3.11/site-packages/uvicorn/_compat.py", line 30, in asyncio_run
Nov 16 23:35:28      return runner.run(main)
Nov 16 23:35:28             ^^^^^^^^^^^^^^^^
Nov 16 23:35:28    File "/usr/local/lib/python3.11/asyncio/runners.py", line 118, in run
Nov 16 23:35:28      return self._loop.run_until_complete(task)
Nov 16 23:35:28             ^^^^^^^^^^^^^^^^^^^^^^^^^^^^^^^^^^^
Nov 16 23:35:28    File "/usr/local/lib/python3.11/asyncio/base_events.py", line 654, in run_until_complete
Nov 16 23:35:28      return future.result()
Nov 16 23:35:28             ^^^^^^^^^^^^^^^
Nov 16 23:35:28    File "/home/appuser/.local/lib/python3.11/site-packages/uvicorn/server.py", line 71, in serve
Nov 16 23:35:28      await self._serve(sockets)
Nov 16 23:35:28    File "/home/appuser/.local/lib/python3.11/site-packages/uvicorn/server.py", line 78, in _serve
Nov 16 23:35:28      config.load()
Nov 16 23:35:28    File "/home/appuser/.local/lib/python3.11/site-packages/uvicorn/config.py", line 439, in load
Nov 16 23:35:28      self.loaded_app = import_from_string(self.app)
Nov 16 23:35:28                        ^^^^^^^^^^^^^^^^^^^^^^^^^^^^
Nov 16 23:35:28    File "/home/appuser/.local/lib/python3.11/site-packages/uvicorn/importer.py", line 19, in import_from_string
Nov 16 23:35:28      module = importlib.import_module(module_str)
Nov 16 23:35:28               ^^^^^^^^^^^^^^^^^^^^^^^^^^^^^^^^^^^
Nov 16 23:35:28    File "/usr/local/lib/python3.11/importlib/__init__.py", line 126, in import_module
Nov 16 23:35:28      return _bootstrap._gcd_import(name[level:], package, level)
Nov 16 23:35:28             ^^^^^^^^^^^^^^^^^^^^^^^^^^^^^^^^^^^^^^^^^^^^^^^^^^^^
Nov 16 23:35:28    File "<frozen importlib._bootstrap>", line 1204, in _gcd_import
Nov 16 23:35:28    File "<frozen importlib._bootstrap>", line 1176, in _find_and_load
Nov 16 23:35:28    File "<frozen importlib._bootstrap>", line 1147, in _find_and_load_unlocked
Nov 16 23:35:28    File "<frozen importlib._bootstrap>", line 690, in _load_unlocked
Nov 16 23:35:28    File "<frozen importlib._bootstrap_external>", line 940, in exec_module
Nov 16 23:35:28    File "<frozen importlib._bootstrap>", line 241, in _call_with_frames_removed
Nov 16 23:35:28    File "/app/main.py", line 20, in <module>
Nov 16 23:35:28      Base.metadata.create_all(bind=engine)
Nov 16 23:35:28    File "/home/appuser/.local/lib/python3.11/site-packages/sqlalchemy/sql/schema.py", line 5928, in create_all
Nov 16 23:35:28      bind._run_ddl_visitor(
Nov 16 23:35:28    File "/home/appuser/.local/lib/python3.11/site-packages/sqlalchemy/engine/base.py", line 3251, in _run_ddl_visitor
Nov 16 23:35:28      with self.begin() as conn:
Nov 16 23:35:28    File "/usr/local/lib/python3.11/contextlib.py", line 137, in __enter__
Nov 16 23:35:28      return next(self.gen)
Nov 16 23:35:28             ^^^^^^^^^^^^^^
Nov 16 23:35:28    File "/home/appuser/.local/lib/python3.11/site-packages/sqlalchemy/engine/base.py", line 3241, in begin
Nov 16 23:35:28      with self.connect() as conn:
Nov 16 23:35:28           ^^^^^^^^^^^^^^
Nov 16 23:35:28    File "/home/appuser/.local/lib/python3.11/site-packages/sqlalchemy/engine/base.py", line 3277, in connect
Nov 16 23:35:28      return self._connection_cls(self)
Nov 16 23:35:28             ^^^^^^^^^^^^^^^^^^^^^^^^^^
Nov 16 23:35:28    File "/home/appuser/.local/lib/python3.11/site-packages/sqlalchemy/engine/base.py", line 145, in __init__
Nov 16 23:35:28      Connection._handle_dbapi_exception_noconnection(
Nov 16 23:35:28    File "/home/appuser/.local/lib/python3.11/site-packages/sqlalchemy/engine/base.py", line 2440, in _handle_dbapi_exception_noconnection
Nov 16 23:35:28      raise sqlalchemy_exception.with_traceback(exc_info[2]) from e
Nov 16 23:35:28    File "/home/appuser/.local/lib/python3.11/site-packages/sqlalchemy/engine/base.py", line 143, in __init__
Nov 16 23:35:28      self._dbapi_connection = engine.raw_connection()
Nov 16 23:35:28                               ^^^^^^^^^^^^^^^^^^^^^^^
Nov 16 23:35:28    File "/home/appuser/.local/lib/python3.11/site-packages/sqlalchemy/engine/base.py", line 3301, in raw_connection
Nov 16 23:35:28      return self.pool.connect()
Nov 16 23:35:28             ^^^^^^^^^^^^^^^^^^^
Nov 16 23:35:28    File "/home/appuser/.local/lib/python3.11/site-packages/sqlalchemy/pool/base.py", line 447, in connect
Nov 16 23:35:28      return _ConnectionFairy._checkout(self)
Nov 16 23:35:28             ^^^^^^^^^^^^^^^^^^^^^^^^^^^^^^^^
Nov 16 23:35:28    File "/home/appuser/.local/lib/python3.11/site-packages/sqlalchemy/pool/base.py", line 1264, in _checkout
Nov 16 23:35:28      fairy = _ConnectionRecord.checkout(pool)
Nov 16 23:35:28              ^^^^^^^^^^^^^^^^^^^^^^^^^^^^^^^^
Nov 16 23:35:28    File "/home/appuser/.local/lib/python3.11/site-packages/sqlalchemy/pool/base.py", line 711, in checkout
Nov 16 23:35:28      rec = pool._do_get()
Nov 16 23:35:28            ^^^^^^^^^^^^^^
Nov 16 23:35:28    File "/home/appuser/.local/lib/python3.11/site-packages/sqlalchemy/pool/impl.py", line 177, in _do_get
Nov 16 23:35:28      with util.safe_reraise():
Nov 16 23:35:28    File "/home/appuser/.local/lib/python3.11/site-packages/sqlalchemy/util/langhelpers.py", line 224, in __exit__
Nov 16 23:35:28      raise exc_value.with_traceback(exc_tb)
Nov 16 23:35:28    File "/home/appuser/.local/lib/python3.11/site-packages/sqlalchemy/pool/impl.py", line 175, in _do_get
Nov 16 23:35:28      return self._create_connection()
Nov 16 23:35:28             ^^^^^^^^^^^^^^^^^^^^^^^^^
Nov 16 23:35:28    File "/home/appuser/.local/lib/python3.11/site-packages/sqlalchemy/pool/base.py", line 388, in _create_connection
Nov 16 23:35:28      return _ConnectionRecord(self)
Nov 16 23:35:28             ^^^^^^^^^^^^^^^^^^^^^^^
Nov 16 23:35:28    File "/home/appuser/.local/lib/python3.11/site-packages/sqlalchemy/pool/base.py", line 673, in __init__
Nov 16 23:35:28      self.__connect()
Nov 16 23:35:28    File "/home/appuser/.local/lib/python3.11/site-packages/sqlalchemy/pool/base.py", line 899, in __connect
Nov 16 23:35:28      with util.safe_reraise():
Nov 16 23:35:28    File "/home/appuser/.local/lib/python3.11/site-packages/sqlalchemy/util/langhelpers.py", line 224, in __exit__
Nov 16 23:35:28      raise exc_value.with_traceback(exc_tb)
Nov 16 23:35:28    File "/home/appuser/.local/lib/python3.11/site-packages/sqlalchemy/pool/base.py", line 895, in __connect
Nov 16 23:35:28      self.dbapi_connection = connection = pool._invoke_creator(self)
Nov 16 23:35:28                                           ^^^^^^^^^^^^^^^^^^^^^^^^^^
Nov 16 23:35:28    File "/home/appuser/.local/lib/python3.11/site-packages/sqlalchemy/engine/create.py", line 661, in connect
Nov 16 23:35:28      return dialect.connect(*cargs, **cparams)
Nov 16 23:35:28             ^^^^^^^^^^^^^^^^^^^^^^^^^^^^^^^^^^
Nov 16 23:35:28    File "/home/appuser/.local/lib/python3.11/site-packages/sqlalchemy/engine/default.py", line 629, in connect
Nov 16 23:35:28      return self.loaded_dbapi.connect(*cargs, **cparams)  # type: ignore[no-any-return]  # NOQA: E501
Nov 16 23:35:28             ^^^^^^^^^^^^^^^^^^^^^^^^^^^^^^^^^^^^^^^^^^^^
Nov 16 23:35:28    File "/home/appuser/.local/lib/python3.11/site-packages/pymysql/connections.py", line 365, in __init__
Nov 16 23:35:28      self.connect()
Nov 16 23:35:28    File "/home/appuser/.local/lib/python3.11/site-packages/pymysql/connections.py", line 723, in connect
Nov 16 23:35:28      raise exc
Nov 16 23:35:28  sqlalchemy.exc.OperationalError: (pymysql.err.OperationalError) (2003, "Can't connect to MySQL server on 'localhost' ([Errno 111] Connection refused)")
Nov 16 23:35:28  (Background on this error at: https://sqlalche.me/e/20/e3q8)
Nov 16 23:35:28  Process SpawnProcess-6:
Nov 16 23:35:28  Traceback (most recent call last):
Nov 16 23:35:28    File "/home/appuser/.local/lib/python3.11/site-packages/pymysql/connections.py", line 661, in connect
Nov 16 23:35:28      sock = socket.create_connection(
Nov 16 23:35:28             ^^^^^^^^^^^^^^^^^^^^^^^^^
Nov 16 23:35:28    File "/usr/local/lib/python3.11/socket.py", line 863, in create_connection
Nov 16 23:35:28      raise exceptions[0]
Nov 16 23:35:28    File "/usr/local/lib/python3.11/socket.py", line 848, in create_connection
Nov 16 23:35:28      sock.connect(sa)
Nov 16 23:35:28  ConnectionRefusedError: [Errno 111] Connection refused
Nov 16 23:35:28  
Nov 16 23:35:28  During handling of the above exception, another exception occurred:
Nov 16 23:35:28  
Nov 16 23:35:28  Traceback (most recent call last):
Nov 16 23:35:28    File "/home/appuser/.local/lib/python3.11/site-packages/sqlalchemy/engine/base.py", line 143, in __init__
Nov 16 23:35:28      self._dbapi_connection = engine.raw_connection()
Nov 16 23:35:28                               ^^^^^^^^^^^^^^^^^^^^^^^
Nov 16 23:35:28    File "/home/appuser/.local/lib/python3.11/site-packages/sqlalchemy/engine/base.py", line 3301, in raw_connection
Nov 16 23:35:28      return self.pool.connect()
Nov 16 23:35:28             ^^^^^^^^^^^^^^^^^^^
Nov 16 23:35:28    File "/home/appuser/.local/lib/python3.11/site-packages/sqlalchemy/pool/base.py", line 447, in connect
Nov 16 23:35:28      return _ConnectionFairy._checkout(self)
Nov 16 23:35:28             ^^^^^^^^^^^^^^^^^^^^^^^^^^^^^^^^
Nov 16 23:35:28    File "/home/appuser/.local/lib/python3.11/site-packages/sqlalchemy/pool/base.py", line 1264, in _checkout
Nov 16 23:35:28      fairy = _ConnectionRecord.checkout(pool)
Nov 16 23:35:28              ^^^^^^^^^^^^^^^^^^^^^^^^^^^^^^^^
Nov 16 23:35:28    File "/home/appuser/.local/lib/python3.11/site-packages/sqlalchemy/pool/base.py", line 711, in checkout
Nov 16 23:35:28      rec = pool._do_get()
Nov 16 23:35:28            ^^^^^^^^^^^^^^
Nov 16 23:35:28    File "/home/appuser/.local/lib/python3.11/site-packages/sqlalchemy/pool/impl.py", line 177, in _do_get
Nov 16 23:35:28      with util.safe_reraise():
Nov 16 23:35:28    File "/home/appuser/.local/lib/python3.11/site-packages/sqlalchemy/util/langhelpers.py", line 224, in __exit__
Nov 16 23:35:28      raise exc_value.with_traceback(exc_tb)
Nov 16 23:35:28    File "/home/appuser/.local/lib/python3.11/site-packages/sqlalchemy/pool/impl.py", line 175, in _do_get
Nov 16 23:35:28      return self._create_connection()
Nov 16 23:35:28             ^^^^^^^^^^^^^^^^^^^^^^^^^
Nov 16 23:35:28    File "/home/appuser/.local/lib/python3.11/site-packages/sqlalchemy/pool/base.py", line 388, in _create_connection
Nov 16 23:35:28      return _ConnectionRecord(self)
Nov 16 23:35:28             ^^^^^^^^^^^^^^^^^^^^^^^
Nov 16 23:35:28    File "/home/appuser/.local/lib/python3.11/site-packages/sqlalchemy/pool/base.py", line 673, in __init__
Nov 16 23:35:28      self.__connect()
Nov 16 23:35:28    File "/home/appuser/.local/lib/python3.11/site-packages/sqlalchemy/pool/base.py", line 899, in __connect
Nov 16 23:35:28      with util.safe_reraise():
Nov 16 23:35:28    File "/home/appuser/.local/lib/python3.11/site-packages/sqlalchemy/util/langhelpers.py", line 224, in __exit__
Nov 16 23:35:28      raise exc_value.with_traceback(exc_tb)
Nov 16 23:35:28    File "/home/appuser/.local/lib/python3.11/site-packages/sqlalchemy/pool/base.py", line 895, in __connect
Nov 16 23:35:28      self.dbapi_connection = connection = pool._invoke_creator(self)
Nov 16 23:35:28                                           ^^^^^^^^^^^^^^^^^^^^^^^^^^
Nov 16 23:35:28    File "/home/appuser/.local/lib/python3.11/site-packages/sqlalchemy/engine/create.py", line 661, in connect
Nov 16 23:35:28      return dialect.connect(*cargs, **cparams)
Nov 16 23:35:28             ^^^^^^^^^^^^^^^^^^^^^^^^^^^^^^^^^^
Nov 16 23:35:28    File "/home/appuser/.local/lib/python3.11/site-packages/sqlalchemy/engine/default.py", line 629, in connect
Nov 16 23:35:28      return self.loaded_dbapi.connect(*cargs, **cparams)  # type: ignore[no-any-return]  # NOQA: E501
Nov 16 23:35:28             ^^^^^^^^^^^^^^^^^^^^^^^^^^^^^^^^^^^^^^^^^^^^
Nov 16 23:35:28    File "/home/appuser/.local/lib/python3.11/site-packages/pymysql/connections.py", line 365, in __init__
Nov 16 23:35:28      self.connect()
Nov 16 23:35:28    File "/home/appuser/.local/lib/python3.11/site-packages/pymysql/connections.py", line 723, in connect
Nov 16 23:35:28      raise exc
Nov 16 23:35:28  pymysql.err.OperationalError: (2003, "Can't connect to MySQL server on 'localhost' ([Errno 111] Connection refused)")
Nov 16 23:35:28  
Nov 16 23:35:28  The above exception was the direct cause of the following exception:
Nov 16 23:35:28  
Nov 16 23:35:28  Traceback (most recent call last):
Nov 16 23:35:28    File "/usr/local/lib/python3.11/multiprocessing/process.py", line 314, in _bootstrap
Nov 16 23:35:28      self.run()
Nov 16 23:35:28    File "/usr/local/lib/python3.11/multiprocessing/process.py", line 108, in run
Nov 16 23:35:28      self._target(*self._args, **self._kwargs)
Nov 16 23:35:28    File "/home/appuser/.local/lib/python3.11/site-packages/uvicorn/_subprocess.py", line 80, in subprocess_started
Nov 16 23:35:28      target(sockets=sockets)
Nov 16 23:35:28    File "/home/appuser/.local/lib/python3.11/site-packages/uvicorn/supervisors/multiprocess.py", line 63, in target
Nov 16 23:35:28      return self.real_target(sockets)
Nov 16 23:35:28             ^^^^^^^^^^^^^^^^^^^^^^^^^
Nov 16 23:35:28    File "/home/appuser/.local/lib/python3.11/site-packages/uvicorn/server.py", line 67, in run
Nov 16 23:35:28      return asyncio_run(self.serve(sockets=sockets), loop_factory=self.config.get_loop_factory())
Nov 16 23:35:28             ^^^^^^^^^^^^^^^^^^^^^^^^^^^^^^^^^^^^^^^^^^^^^^^^^^^^^^^^^^^^^^^^^^^^^^^^^^^^^^^^^^^^^
Nov 16 23:35:28    File "/home/appuser/.local/lib/python3.11/site-packages/uvicorn/_compat.py", line 30, in asyncio_run
Nov 16 23:35:28      return runner.run(main)
Nov 16 23:35:28             ^^^^^^^^^^^^^^^^
Nov 16 23:35:28    File "/usr/local/lib/python3.11/asyncio/runners.py", line 118, in run
Nov 16 23:35:28      return self._loop.run_until_complete(task)
Nov 16 23:35:28             ^^^^^^^^^^^^^^^^^^^^^^^^^^^^^^^^^^^
Nov 16 23:35:28    File "/usr/local/lib/python3.11/asyncio/base_events.py", line 654, in run_until_complete
Nov 16 23:35:28      return future.result()
Nov 16 23:35:28             ^^^^^^^^^^^^^^^
Nov 16 23:35:28    File "/home/appuser/.local/lib/python3.11/site-packages/uvicorn/server.py", line 71, in serve
Nov 16 23:35:28      await self._serve(sockets)
Nov 16 23:35:28    File "/home/appuser/.local/lib/python3.11/site-packages/uvicorn/server.py", line 78, in _serve
Nov 16 23:35:28      config.load()
Nov 16 23:35:28    File "/home/appuser/.local/lib/python3.11/site-packages/uvicorn/config.py", line 439, in load
Nov 16 23:35:28      self.loaded_app = import_from_string(self.app)
Nov 16 23:35:28                        ^^^^^^^^^^^^^^^^^^^^^^^^^^^^
Nov 16 23:35:28    File "/home/appuser/.local/lib/python3.11/site-packages/uvicorn/importer.py", line 19, in import_from_string
Nov 16 23:35:28      module = importlib.import_module(module_str)
Nov 16 23:35:28               ^^^^^^^^^^^^^^^^^^^^^^^^^^^^^^^^^^^
Nov 16 23:35:28    File "/usr/local/lib/python3.11/importlib/__init__.py", line 126, in import_module
Nov 16 23:35:28      return _bootstrap._gcd_import(name[level:], package, level)
Nov 16 23:35:28             ^^^^^^^^^^^^^^^^^^^^^^^^^^^^^^^^^^^^^^^^^^^^^^^^^^^^
Nov 16 23:35:28    File "<frozen importlib._bootstrap>", line 1204, in _gcd_import
Nov 16 23:35:28    File "<frozen importlib._bootstrap>", line 1176, in _find_and_load
Nov 16 23:35:28    File "<frozen importlib._bootstrap>", line 1147, in _find_and_load_unlocked
Nov 16 23:35:28    File "<frozen importlib._bootstrap>", line 690, in _load_unlocked
Nov 16 23:35:28    File "<frozen importlib._bootstrap_external>", line 940, in exec_module
Nov 16 23:35:28    File "<frozen importlib._bootstrap>", line 241, in _call_with_frames_removed
Nov 16 23:35:28    File "/app/main.py", line 20, in <module>
Nov 16 23:35:28      Base.metadata.create_all(bind=engine)
Nov 16 23:35:28    File "/home/appuser/.local/lib/python3.11/site-packages/sqlalchemy/sql/schema.py", line 5928, in create_all
Nov 16 23:35:28      bind._run_ddl_visitor(
Nov 16 23:35:28    File "/home/appuser/.local/lib/python3.11/site-packages/sqlalchemy/engine/base.py", line 3251, in _run_ddl_visitor
Nov 16 23:35:28      with self.begin() as conn:
Nov 16 23:35:28    File "/usr/local/lib/python3.11/contextlib.py", line 137, in __enter__
Nov 16 23:35:28      return next(self.gen)
Nov 16 23:35:28             ^^^^^^^^^^^^^^
Nov 16 23:35:28    File "/home/appuser/.local/lib/python3.11/site-packages/sqlalchemy/engine/base.py", line 3241, in begin
Nov 16 23:35:28      with self.connect() as conn:
Nov 16 23:35:28           ^^^^^^^^^^^^^^
Nov 16 23:35:28    File "/home/appuser/.local/lib/python3.11/site-packages/sqlalchemy/engine/base.py", line 3277, in connect
Nov 16 23:35:28      return self._connection_cls(self)
Nov 16 23:35:28             ^^^^^^^^^^^^^^^^^^^^^^^^^^
Nov 16 23:35:28    File "/home/appuser/.local/lib/python3.11/site-packages/sqlalchemy/engine/base.py", line 145, in __init__
Nov 16 23:35:28      Connection._handle_dbapi_exception_noconnection(
Nov 16 23:35:28    File "/home/appuser/.local/lib/python3.11/site-packages/sqlalchemy/engine/base.py", line 2440, in _handle_dbapi_exception_noconnection
Nov 16 23:35:28      raise sqlalchemy_exception.with_traceback(exc_info[2]) from e
Nov 16 23:35:28    File "/home/appuser/.local/lib/python3.11/site-packages/sqlalchemy/engine/base.py", line 143, in __init__
Nov 16 23:35:28      self._dbapi_connection = engine.raw_connection()
Nov 16 23:35:28                               ^^^^^^^^^^^^^^^^^^^^^^^
Nov 16 23:35:28    File "/home/appuser/.local/lib/python3.11/site-packages/sqlalchemy/engine/base.py", line 3301, in raw_connection
Nov 16 23:35:28      return self.pool.connect()
Nov 16 23:35:28             ^^^^^^^^^^^^^^^^^^^
Nov 16 23:35:28    File "/home/appuser/.local/lib/python3.11/site-packages/sqlalchemy/pool/base.py", line 447, in connect
Nov 16 23:35:28      return _ConnectionFairy._checkout(self)
Nov 16 23:35:28             ^^^^^^^^^^^^^^^^^^^^^^^^^^^^^^^^
Nov 16 23:35:28    File "/home/appuser/.local/lib/python3.11/site-packages/sqlalchemy/pool/base.py", line 1264, in _checkout
Nov 16 23:35:28      fairy = _ConnectionRecord.checkout(pool)
Nov 16 23:35:28              ^^^^^^^^^^^^^^^^^^^^^^^^^^^^^^^^
Nov 16 23:35:28    File "/home/appuser/.local/lib/python3.11/site-packages/sqlalchemy/pool/base.py", line 711, in checkout
Nov 16 23:35:28      rec = pool._do_get()
Nov 16 23:35:28            ^^^^^^^^^^^^^^
Nov 16 23:35:28    File "/home/appuser/.local/lib/python3.11/site-packages/sqlalchemy/pool/impl.py", line 177, in _do_get
Nov 16 23:35:28      with util.safe_reraise():
Nov 16 23:35:28    File "/home/appuser/.local/lib/python3.11/site-packages/sqlalchemy/util/langhelpers.py", line 224, in __exit__
Nov 16 23:35:28      raise exc_value.with_traceback(exc_tb)
Nov 16 23:35:28    File "/home/appuser/.local/lib/python3.11/site-packages/sqlalchemy/pool/impl.py", line 175, in _do_get
Nov 16 23:35:28      return self._create_connection()
Nov 16 23:35:28             ^^^^^^^^^^^^^^^^^^^^^^^^^
Nov 16 23:35:28    File "/home/appuser/.local/lib/python3.11/site-packages/sqlalchemy/pool/base.py", line 388, in _create_connection
Nov 16 23:35:28      return _ConnectionRecord(self)
Nov 16 23:35:28             ^^^^^^^^^^^^^^^^^^^^^^^
Nov 16 23:35:28    File "/home/appuser/.local/lib/python3.11/site-packages/sqlalchemy/pool/base.py", line 673, in __init__
Nov 16 23:35:28      self.__connect()
Nov 16 23:35:28    File "/home/appuser/.local/lib/python3.11/site-packages/sqlalchemy/pool/base.py", line 899, in __connect
Nov 16 23:35:28      with util.safe_reraise():
Nov 16 23:35:28    File "/home/appuser/.local/lib/python3.11/site-packages/sqlalchemy/util/langhelpers.py", line 224, in __exit__
Nov 16 23:35:28      raise exc_value.with_traceback(exc_tb)
Nov 16 23:35:28    File "/home/appuser/.local/lib/python3.11/site-packages/sqlalchemy/pool/base.py", line 895, in __connect
Nov 16 23:35:28      self.dbapi_connection = connection = pool._invoke_creator(self)
Nov 16 23:35:28                                           ^^^^^^^^^^^^^^^^^^^^^^^^^^
Nov 16 23:35:28    File "/home/appuser/.local/lib/python3.11/site-packages/sqlalchemy/engine/create.py", line 661, in connect
Nov 16 23:35:28      return dialect.connect(*cargs, **cparams)
Nov 16 23:35:28             ^^^^^^^^^^^^^^^^^^^^^^^^^^^^^^^^^^
Nov 16 23:35:28    File "/home/appuser/.local/lib/python3.11/site-packages/sqlalchemy/engine/default.py", line 629, in connect
Nov 16 23:35:28      return self.loaded_dbapi.connect(*cargs, **cparams)  # type: ignore[no-any-return]  # NOQA: E501
Nov 16 23:35:28             ^^^^^^^^^^^^^^^^^^^^^^^^^^^^^^^^^^^^^^^^^^^^
Nov 16 23:35:28    File "/home/appuser/.local/lib/python3.11/site-packages/pymysql/connections.py", line 365, in __init__
Nov 16 23:35:28      self.connect()
Nov 16 23:35:28    File "/home/appuser/.local/lib/python3.11/site-packages/pymysql/connections.py", line 723, in connect
Nov 16 23:35:28      raise exc
Nov 16 23:35:28  sqlalchemy.exc.OperationalError: (pymysql.err.OperationalError) (2003, "Can't connect to MySQL server on 'localhost' ([Errno 111] Connection refused)")
Nov 16 23:35:28  (Background on this error at: https://sqlalche.me/e/20/e3q8)
Nov 16 23:35:29  Process SpawnProcess-8:
Nov 16 23:35:30  Traceback (most recent call last):
Nov 16 23:35:30    File "/home/appuser/.local/lib/python3.11/site-packages/pymysql/connections.py", line 661, in connect
Nov 16 23:35:30      sock = socket.create_connection(
Nov 16 23:35:30             ^^^^^^^^^^^^^^^^^^^^^^^^^
Nov 16 23:35:30    File "/usr/local/lib/python3.11/socket.py", line 863, in create_connection
Nov 16 23:35:30      raise exceptions[0]
Nov 16 23:35:30    File "/usr/local/lib/python3.11/socket.py", line 848, in create_connection
Nov 16 23:35:30      sock.connect(sa)
Nov 16 23:35:30  ConnectionRefusedError: [Errno 111] Connection refused
Nov 16 23:35:30  
Nov 16 23:35:30  During handling of the above exception, another exception occurred:
Nov 16 23:35:30  
Nov 16 23:35:30  Traceback (most recent call last):
Nov 16 23:35:30    File "/home/appuser/.local/lib/python3.11/site-packages/sqlalchemy/engine/base.py", line 143, in __init__
Nov 16 23:35:30      self._dbapi_connection = engine.raw_connection()
Nov 16 23:35:30                               ^^^^^^^^^^^^^^^^^^^^^^^
Nov 16 23:35:30    File "/home/appuser/.local/lib/python3.11/site-packages/sqlalchemy/engine/base.py", line 3301, in raw_connection
Nov 16 23:35:30      return self.pool.connect()
Nov 16 23:35:30             ^^^^^^^^^^^^^^^^^^^
Nov 16 23:35:30    File "/home/appuser/.local/lib/python3.11/site-packages/sqlalchemy/pool/base.py", line 447, in connect
Nov 16 23:35:30      return _ConnectionFairy._checkout(self)
Nov 16 23:35:30             ^^^^^^^^^^^^^^^^^^^^^^^^^^^^^^^^
Nov 16 23:35:30    File "/home/appuser/.local/lib/python3.11/site-packages/sqlalchemy/pool/base.py", line 1264, in _checkout
Nov 16 23:35:30      fairy = _ConnectionRecord.checkout(pool)
Nov 16 23:35:30              ^^^^^^^^^^^^^^^^^^^^^^^^^^^^^^^^
Nov 16 23:35:30    File "/home/appuser/.local/lib/python3.11/site-packages/sqlalchemy/pool/base.py", line 711, in checkout
Nov 16 23:35:30      rec = pool._do_get()
Nov 16 23:35:30            ^^^^^^^^^^^^^^
Nov 16 23:35:30    File "/home/appuser/.local/lib/python3.11/site-packages/sqlalchemy/pool/impl.py", line 177, in _do_get
Nov 16 23:35:30      with util.safe_reraise():
Nov 16 23:35:30    File "/home/appuser/.local/lib/python3.11/site-packages/sqlalchemy/util/langhelpers.py", line 224, in __exit__
Nov 16 23:35:30      raise exc_value.with_traceback(exc_tb)
Nov 16 23:35:30    File "/home/appuser/.local/lib/python3.11/site-packages/sqlalchemy/pool/impl.py", line 175, in _do_get
Nov 16 23:35:30      return self._create_connection()
Nov 16 23:35:30             ^^^^^^^^^^^^^^^^^^^^^^^^^
Nov 16 23:35:30    File "/home/appuser/.local/lib/python3.11/site-packages/sqlalchemy/pool/base.py", line 388, in _create_connection
Nov 16 23:35:30      return _ConnectionRecord(self)
Nov 16 23:35:30             ^^^^^^^^^^^^^^^^^^^^^^^
Nov 16 23:35:30    File "/home/appuser/.local/lib/python3.11/site-packages/sqlalchemy/pool/base.py", line 673, in __init__
Nov 16 23:35:30      self.__connect()
Nov 16 23:35:30    File "/home/appuser/.local/lib/python3.11/site-packages/sqlalchemy/pool/base.py", line 899, in __connect
Nov 16 23:35:30      with util.safe_reraise():
Nov 16 23:35:30    File "/home/appuser/.local/lib/python3.11/site-packages/sqlalchemy/util/langhelpers.py", line 224, in __exit__
Nov 16 23:35:30      raise exc_value.with_traceback(exc_tb)
Nov 16 23:35:30    File "/home/appuser/.local/lib/python3.11/site-packages/sqlalchemy/pool/base.py", line 895, in __connect
Nov 16 23:35:30      self.dbapi_connection = connection = pool._invoke_creator(self)
Nov 16 23:35:30                                           ^^^^^^^^^^^^^^^^^^^^^^^^^^
Nov 16 23:35:30    File "/home/appuser/.local/lib/python3.11/site-packages/sqlalchemy/engine/create.py", line 661, in connect
Nov 16 23:35:30      return dialect.connect(*cargs, **cparams)
Nov 16 23:35:30             ^^^^^^^^^^^^^^^^^^^^^^^^^^^^^^^^^^
Nov 16 23:35:30    File "/home/appuser/.local/lib/python3.11/site-packages/sqlalchemy/engine/default.py", line 629, in connect
Nov 16 23:35:30      return self.loaded_dbapi.connect(*cargs, **cparams)  # type: ignore[no-any-return]  # NOQA: E501
Nov 16 23:35:30             ^^^^^^^^^^^^^^^^^^^^^^^^^^^^^^^^^^^^^^^^^^^^
Nov 16 23:35:30    File "/home/appuser/.local/lib/python3.11/site-packages/pymysql/connections.py", line 365, in __init__
Nov 16 23:35:30      self.connect()
Nov 16 23:35:30    File "/home/appuser/.local/lib/python3.11/site-packages/pymysql/connections.py", line 723, in connect
Nov 16 23:35:30      raise exc
Nov 16 23:35:30  pymysql.err.OperationalError: (2003, "Can't connect to MySQL server on 'localhost' ([Errno 111] Connection refused)")
Nov 16 23:35:30  
Nov 16 23:35:30  The above exception was the direct cause of the following exception:
Nov 16 23:35:30  
Nov 16 23:35:30  Traceback (most recent call last):
Nov 16 23:35:30    File "/usr/local/lib/python3.11/multiprocessing/process.py", line 314, in _bootstrap
Nov 16 23:35:30      self.run()
Nov 16 23:35:30    File "/usr/local/lib/python3.11/multiprocessing/process.py", line 108, in run
Nov 16 23:35:30      self._target(*self._args, **self._kwargs)
Nov 16 23:35:30    File "/home/appuser/.local/lib/python3.11/site-packages/uvicorn/_subprocess.py", line 80, in subprocess_started
Nov 16 23:35:30      target(sockets=sockets)
Nov 16 23:35:30    File "/home/appuser/.local/lib/python3.11/site-packages/uvicorn/supervisors/multiprocess.py", line 63, in target
Nov 16 23:35:30      return self.real_target(sockets)
Nov 16 23:35:30             ^^^^^^^^^^^^^^^^^^^^^^^^^
Nov 16 23:35:30    File "/home/appuser/.local/lib/python3.11/site-packages/uvicorn/server.py", line 67, in run
Nov 16 23:35:30      return asyncio_run(self.serve(sockets=sockets), loop_factory=self.config.get_loop_factory())
Nov 16 23:35:30             ^^^^^^^^^^^^^^^^^^^^^^^^^^^^^^^^^^^^^^^^^^^^^^^^^^^^^^^^^^^^^^^^^^^^^^^^^^^^^^^^^^^^^
Nov 16 23:35:30    File "/home/appuser/.local/lib/python3.11/site-packages/uvicorn/_compat.py", line 30, in asyncio_run
Nov 16 23:35:30      return runner.run(main)
Nov 16 23:35:30             ^^^^^^^^^^^^^^^^
Nov 16 23:35:30    File "/usr/local/lib/python3.11/asyncio/runners.py", line 118, in run
Nov 16 23:35:30      return self._loop.run_until_complete(task)
Nov 16 23:35:30             ^^^^^^^^^^^^^^^^^^^^^^^^^^^^^^^^^^^
Nov 16 23:35:30    File "/usr/local/lib/python3.11/asyncio/base_events.py", line 654, in run_until_complete
Nov 16 23:35:30      return future.result()
Nov 16 23:35:30             ^^^^^^^^^^^^^^^
Nov 16 23:35:30    File "/home/appuser/.local/lib/python3.11/site-packages/uvicorn/server.py", line 71, in serve
Nov 16 23:35:30      await self._serve(sockets)
Nov 16 23:35:30    File "/home/appuser/.local/lib/python3.11/site-packages/uvicorn/server.py", line 78, in _serve
Nov 16 23:35:30      config.load()
Nov 16 23:35:30    File "/home/appuser/.local/lib/python3.11/site-packages/uvicorn/config.py", line 439, in load
Nov 16 23:35:30      self.loaded_app = import_from_string(self.app)
Nov 16 23:35:30                        ^^^^^^^^^^^^^^^^^^^^^^^^^^^^
Nov 16 23:35:30    File "/home/appuser/.local/lib/python3.11/site-packages/uvicorn/importer.py", line 19, in import_from_string
Nov 16 23:35:30      module = importlib.import_module(module_str)
Nov 16 23:35:30               ^^^^^^^^^^^^^^^^^^^^^^^^^^^^^^^^^^^
Nov 16 23:35:30    File "/usr/local/lib/python3.11/importlib/__init__.py", line 126, in import_module
Nov 16 23:35:30      return _bootstrap._gcd_import(name[level:], package, level)
Nov 16 23:35:30             ^^^^^^^^^^^^^^^^^^^^^^^^^^^^^^^^^^^^^^^^^^^^^^^^^^^^
Nov 16 23:35:30    File "<frozen importlib._bootstrap>", line 1204, in _gcd_import
Nov 16 23:35:30    File "<frozen importlib._bootstrap>", line 1176, in _find_and_load
Nov 16 23:35:30    File "<frozen importlib._bootstrap>", line 1147, in _find_and_load_unlocked
Nov 16 23:35:30    File "<frozen importlib._bootstrap>", line 690, in _load_unlocked
Nov 16 23:35:30    File "<frozen importlib._bootstrap_external>", line 940, in exec_module
Nov 16 23:35:30    File "<frozen importlib._bootstrap>", line 241, in _call_with_frames_removed
Nov 16 23:35:30    File "/app/main.py", line 20, in <module>
Nov 16 23:35:30      Base.metadata.create_all(bind=engine)
Nov 16 23:35:30    File "/home/appuser/.local/lib/python3.11/site-packages/sqlalchemy/sql/schema.py", line 5928, in create_all
Nov 16 23:35:30      bind._run_ddl_visitor(
Nov 16 23:35:30    File "/home/appuser/.local/lib/python3.11/site-packages/sqlalchemy/engine/base.py", line 3251, in _run_ddl_visitor
Nov 16 23:35:30      with self.begin() as conn:
Nov 16 23:35:30    File "/usr/local/lib/python3.11/contextlib.py", line 137, in __enter__
Nov 16 23:35:30      return next(self.gen)
Nov 16 23:35:30             ^^^^^^^^^^^^^^
Nov 16 23:35:30    File "/home/appuser/.local/lib/python3.11/site-packages/sqlalchemy/engine/base.py", line 3241, in begin
Nov 16 23:35:30      with self.connect() as conn:
Nov 16 23:35:30           ^^^^^^^^^^^^^^
Nov 16 23:35:30    File "/home/appuser/.local/lib/python3.11/site-packages/sqlalchemy/engine/base.py", line 3277, in connect
Nov 16 23:35:30      return self._connection_cls(self)
Nov 16 23:35:30             ^^^^^^^^^^^^^^^^^^^^^^^^^^
Nov 16 23:35:30    File "/home/appuser/.local/lib/python3.11/site-packages/sqlalchemy/engine/base.py", line 145, in __init__
Nov 16 23:35:30      Connection._handle_dbapi_exception_noconnection(
Nov 16 23:35:30    File "/home/appuser/.local/lib/python3.11/site-packages/sqlalchemy/engine/base.py", line 2440, in _handle_dbapi_exception_noconnection
Nov 16 23:35:30      raise sqlalchemy_exception.with_traceback(exc_info[2]) from e
Nov 16 23:35:30    File "/home/appuser/.local/lib/python3.11/site-packages/sqlalchemy/engine/base.py", line 143, in __init__
Nov 16 23:35:30      self._dbapi_connection = engine.raw_connection()
Nov 16 23:35:30                               ^^^^^^^^^^^^^^^^^^^^^^^
Nov 16 23:35:30    File "/home/appuser/.local/lib/python3.11/site-packages/sqlalchemy/engine/base.py", line 3301, in raw_connection
Nov 16 23:35:30      return self.pool.connect()
Nov 16 23:35:30             ^^^^^^^^^^^^^^^^^^^
Nov 16 23:35:30    File "/home/appuser/.local/lib/python3.11/site-packages/sqlalchemy/pool/base.py", line 447, in connect
Nov 16 23:35:30      return _ConnectionFairy._checkout(self)
Nov 16 23:35:30             ^^^^^^^^^^^^^^^^^^^^^^^^^^^^^^^^
Nov 16 23:35:30    File "/home/appuser/.local/lib/python3.11/site-packages/sqlalchemy/pool/base.py", line 1264, in _checkout
Nov 16 23:35:30      fairy = _ConnectionRecord.checkout(pool)
Nov 16 23:35:30              ^^^^^^^^^^^^^^^^^^^^^^^^^^^^^^^^
Nov 16 23:35:30    File "/home/appuser/.local/lib/python3.11/site-packages/sqlalchemy/pool/base.py", line 711, in checkout
Nov 16 23:35:30      rec = pool._do_get()
Nov 16 23:35:30            ^^^^^^^^^^^^^^
Nov 16 23:35:30    File "/home/appuser/.local/lib/python3.11/site-packages/sqlalchemy/pool/impl.py", line 177, in _do_get
Nov 16 23:35:30      with util.safe_reraise():
Nov 16 23:35:30    File "/home/appuser/.local/lib/python3.11/site-packages/sqlalchemy/util/langhelpers.py", line 224, in __exit__
Nov 16 23:35:30      raise exc_value.with_traceback(exc_tb)
Nov 16 23:35:30    File "/home/appuser/.local/lib/python3.11/site-packages/sqlalchemy/pool/impl.py", line 175, in _do_get
Nov 16 23:35:30      return self._create_connection()
Nov 16 23:35:30             ^^^^^^^^^^^^^^^^^^^^^^^^^
Nov 16 23:35:30    File "/home/appuser/.local/lib/python3.11/site-packages/sqlalchemy/pool/base.py", line 388, in _create_connection
Nov 16 23:35:30      return _ConnectionRecord(self)
Nov 16 23:35:30             ^^^^^^^^^^^^^^^^^^^^^^^
Nov 16 23:35:30    File "/home/appuser/.local/lib/python3.11/site-packages/sqlalchemy/pool/base.py", line 673, in __init__
Nov 16 23:35:30      self.__connect()
Nov 16 23:35:30    File "/home/appuser/.local/lib/python3.11/site-packages/sqlalchemy/pool/base.py", line 899, in __connect
Nov 16 23:35:30      with util.safe_reraise():
Nov 16 23:35:30    File "/home/appuser/.local/lib/python3.11/site-packages/sqlalchemy/util/langhelpers.py", line 224, in __exit__
Nov 16 23:35:30      raise exc_value.with_traceback(exc_tb)
Nov 16 23:35:30    File "/home/appuser/.local/lib/python3.11/site-packages/sqlalchemy/pool/base.py", line 895, in __connect
Nov 16 23:35:30      self.dbapi_connection = connection = pool._invoke_creator(self)
Nov 16 23:35:30                                           ^^^^^^^^^^^^^^^^^^^^^^^^^^
Nov 16 23:35:30    File "/home/appuser/.local/lib/python3.11/site-packages/sqlalchemy/engine/create.py", line 661, in connect
Nov 16 23:35:30      return dialect.connect(*cargs, **cparams)
Nov 16 23:35:30             ^^^^^^^^^^^^^^^^^^^^^^^^^^^^^^^^^^
Nov 16 23:35:30    File "/home/appuser/.local/lib/python3.11/site-packages/sqlalchemy/engine/default.py", line 629, in connect
Nov 16 23:35:30      return self.loaded_dbapi.connect(*cargs, **cparams)  # type: ignore[no-any-return]  # NOQA: E501
Nov 16 23:35:30             ^^^^^^^^^^^^^^^^^^^^^^^^^^^^^^^^^^^^^^^^^^^^
Nov 16 23:35:30    File "/home/appuser/.local/lib/python3.11/site-packages/pymysql/connections.py", line 365, in __init__
Nov 16 23:35:30      self.connect()
Nov 16 23:35:30    File "/home/appuser/.local/lib/python3.11/site-packages/pymysql/connections.py", line 723, in connect
Nov 16 23:35:30      raise exc
Nov 16 23:35:30  sqlalchemy.exc.OperationalError: (pymysql.err.OperationalError) (2003, "Can't connect to MySQL server on 'localhost' ([Errno 111] Connection refused)")
Nov 16 23:35:30  (Background on this error at: https://sqlalche.me/e/20/e3q8)
Nov 16 23:35:33  INFO:     Waiting for child process [16]
Nov 16 23:35:33  INFO:     Child process [16] died
Nov 16 23:35:33  INFO:     Waiting for child process [13]
Nov 16 23:35:33  INFO:     Child process [13] died
Nov 16 23:35:33  INFO:     Waiting for child process [14]
Nov 16 23:35:33  INFO:     Child process [14] died
Nov 16 23:35:34  INFO:     Waiting for child process [15]
Nov 16 23:35:34  INFO:     Child process [15] died
Nov 16 23:36:00  Process SpawnProcess-12:
Nov 16 23:36:00  Process SpawnProcess-13:
Nov 16 23:36:00  Process SpawnProcess-11:
Nov 16 23:36:00  Traceback (most recent call last):
Nov 16 23:36:00    File "/home/appuser/.local/lib/python3.11/site-packages/pymysql/connections.py", line 661, in connect
Nov 16 23:36:00      sock = socket.create_connection(
Nov 16 23:36:00             ^^^^^^^^^^^^^^^^^^^^^^^^^
Nov 16 23:36:00    File "/usr/local/lib/python3.11/socket.py", line 863, in create_connection
Nov 16 23:36:00      raise exceptions[0]
Nov 16 23:36:00    File "/usr/local/lib/python3.11/socket.py", line 848, in create_connection
Nov 16 23:36:00      sock.connect(sa)
Nov 16 23:36:00  ConnectionRefusedError: [Errno 111] Connection refused
Nov 16 23:36:00  
Nov 16 23:36:00  During handling of the above exception, another exception occurred:
Nov 16 23:36:00  
Nov 16 23:36:00  Traceback (most recent call last):
Nov 16 23:36:00  Traceback (most recent call last):
Nov 16 23:36:00    File "/home/appuser/.local/lib/python3.11/site-packages/pymysql/connections.py", line 661, in connect
Nov 16 23:36:00      sock = socket.create_connection(
Nov 16 23:36:00             ^^^^^^^^^^^^^^^^^^^^^^^^^
Nov 16 23:36:00    File "/usr/local/lib/python3.11/socket.py", line 863, in create_connection
Nov 16 23:36:00      raise exceptions[0]
Nov 16 23:36:00    File "/usr/local/lib/python3.11/socket.py", line 848, in create_connection
Nov 16 23:36:00      sock.connect(sa)
Nov 16 23:36:00  ConnectionRefusedError: [Errno 111] Connection refused
Nov 16 23:36:00  
Nov 16 23:36:00  During handling of the above exception, another exception occurred:
Nov 16 23:36:00  
Nov 16 23:36:00  Traceback (most recent call last):
Nov 16 23:36:00    File "/home/appuser/.local/lib/python3.11/site-packages/sqlalchemy/engine/base.py", line 143, in __init__
Nov 16 23:36:00      self._dbapi_connection = engine.raw_connection()
Nov 16 23:36:00                               ^^^^^^^^^^^^^^^^^^^^^^^
Nov 16 23:36:00    File "/home/appuser/.local/lib/python3.11/site-packages/sqlalchemy/engine/base.py", line 3301, in raw_connection
Nov 16 23:36:00      return self.pool.connect()
Nov 16 23:36:00             ^^^^^^^^^^^^^^^^^^^
Nov 16 23:36:00    File "/home/appuser/.local/lib/python3.11/site-packages/sqlalchemy/pool/base.py", line 447, in connect
Nov 16 23:36:00      return _ConnectionFairy._checkout(self)
Nov 16 23:36:00             ^^^^^^^^^^^^^^^^^^^^^^^^^^^^^^^^
Nov 16 23:36:00    File "/home/appuser/.local/lib/python3.11/site-packages/sqlalchemy/pool/base.py", line 1264, in _checkout
Nov 16 23:36:00      fairy = _ConnectionRecord.checkout(pool)
Nov 16 23:36:00              ^^^^^^^^^^^^^^^^^^^^^^^^^^^^^^^^
Nov 16 23:36:00    File "/home/appuser/.local/lib/python3.11/site-packages/sqlalchemy/engine/base.py", line 143, in __init__
Nov 16 23:36:00      self._dbapi_connection = engine.raw_connection()
Nov 16 23:36:00                               ^^^^^^^^^^^^^^^^^^^^^^^
Nov 16 23:36:00    File "/home/appuser/.local/lib/python3.11/site-packages/sqlalchemy/engine/base.py", line 3301, in raw_connection
Nov 16 23:36:00      return self.pool.connect()
Nov 16 23:36:00             ^^^^^^^^^^^^^^^^^^^
Nov 16 23:36:00    File "/home/appuser/.local/lib/python3.11/site-packages/sqlalchemy/pool/base.py", line 711, in checkout
Nov 16 23:36:00      rec = pool._do_get()
Nov 16 23:36:00            ^^^^^^^^^^^^^^
Nov 16 23:36:00    File "/home/appuser/.local/lib/python3.11/site-packages/sqlalchemy/pool/base.py", line 447, in connect
Nov 16 23:36:00      return _ConnectionFairy._checkout(self)
Nov 16 23:36:00             ^^^^^^^^^^^^^^^^^^^^^^^^^^^^^^^^
Nov 16 23:36:00    File "/home/appuser/.local/lib/python3.11/site-packages/sqlalchemy/pool/base.py", line 1264, in _checkout
Nov 16 23:36:00      fairy = _ConnectionRecord.checkout(pool)
Nov 16 23:36:00              ^^^^^^^^^^^^^^^^^^^^^^^^^^^^^^^^
Nov 16 23:36:00    File "/home/appuser/.local/lib/python3.11/site-packages/sqlalchemy/pool/base.py", line 711, in checkout
Nov 16 23:36:00      rec = pool._do_get()
Nov 16 23:36:00            ^^^^^^^^^^^^^^
Nov 16 23:36:00    File "/home/appuser/.local/lib/python3.11/site-packages/sqlalchemy/pool/impl.py", line 177, in _do_get
Nov 16 23:36:00      with util.safe_reraise():
Nov 16 23:36:00    File "/home/appuser/.local/lib/python3.11/site-packages/sqlalchemy/util/langhelpers.py", line 224, in __exit__
Nov 16 23:36:00      raise exc_value.with_traceback(exc_tb)
Nov 16 23:36:00    File "/home/appuser/.local/lib/python3.11/site-packages/sqlalchemy/pool/impl.py", line 175, in _do_get
Nov 16 23:36:00      return self._create_connection()
Nov 16 23:36:00             ^^^^^^^^^^^^^^^^^^^^^^^^^
Nov 16 23:36:00    File "/home/appuser/.local/lib/python3.11/site-packages/sqlalchemy/pool/impl.py", line 177, in _do_get
Nov 16 23:36:00      with util.safe_reraise():
Nov 16 23:36:00    File "/home/appuser/.local/lib/python3.11/site-packages/sqlalchemy/pool/base.py", line 388, in _create_connection
Nov 16 23:36:00      return _ConnectionRecord(self)
Nov 16 23:36:00             ^^^^^^^^^^^^^^^^^^^^^^^
Nov 16 23:36:00    File "/home/appuser/.local/lib/python3.11/site-packages/sqlalchemy/pool/base.py", line 673, in __init__
Nov 16 23:36:00      self.__connect()
Nov 16 23:36:00    File "/home/appuser/.local/lib/python3.11/site-packages/sqlalchemy/pool/base.py", line 899, in __connect
Nov 16 23:36:00      with util.safe_reraise():
Nov 16 23:36:00    File "/home/appuser/.local/lib/python3.11/site-packages/sqlalchemy/util/langhelpers.py", line 224, in __exit__
Nov 16 23:36:00      raise exc_value.with_traceback(exc_tb)
Nov 16 23:36:00    File "/home/appuser/.local/lib/python3.11/site-packages/sqlalchemy/pool/base.py", line 895, in __connect
Nov 16 23:36:00      self.dbapi_connection = connection = pool._invoke_creator(self)
Nov 16 23:36:00                                           ^^^^^^^^^^^^^^^^^^^^^^^^^^
Nov 16 23:36:00    File "/home/appuser/.local/lib/python3.11/site-packages/sqlalchemy/util/langhelpers.py", line 224, in __exit__
Nov 16 23:36:00      raise exc_value.with_traceback(exc_tb)
Nov 16 23:36:00    File "/home/appuser/.local/lib/python3.11/site-packages/sqlalchemy/pool/impl.py", line 175, in _do_get
Nov 16 23:36:00      return self._create_connection()
Nov 16 23:36:00             ^^^^^^^^^^^^^^^^^^^^^^^^^
Nov 16 23:36:00    File "/home/appuser/.local/lib/python3.11/site-packages/sqlalchemy/engine/create.py", line 661, in connect
Nov 16 23:36:00      return dialect.connect(*cargs, **cparams)
Nov 16 23:36:00             ^^^^^^^^^^^^^^^^^^^^^^^^^^^^^^^^^^
Nov 16 23:36:00    File "/home/appuser/.local/lib/python3.11/site-packages/sqlalchemy/engine/default.py", line 629, in connect
Nov 16 23:36:00      return self.loaded_dbapi.connect(*cargs, **cparams)  # type: ignore[no-any-return]  # NOQA: E501
Nov 16 23:36:00             ^^^^^^^^^^^^^^^^^^^^^^^^^^^^^^^^^^^^^^^^^^^^
Nov 16 23:36:00    File "/home/appuser/.local/lib/python3.11/site-packages/pymysql/connections.py", line 365, in __init__
Nov 16 23:36:00      self.connect()
Nov 16 23:36:00    File "/home/appuser/.local/lib/python3.11/site-packages/sqlalchemy/pool/base.py", line 388, in _create_connection
Nov 16 23:36:00      return _ConnectionRecord(self)
Nov 16 23:36:00             ^^^^^^^^^^^^^^^^^^^^^^^
Nov 16 23:36:00    File "/home/appuser/.local/lib/python3.11/site-packages/pymysql/connections.py", line 723, in connect
Nov 16 23:36:00      raise exc
Nov 16 23:36:00    File "/home/appuser/.local/lib/python3.11/site-packages/sqlalchemy/pool/base.py", line 673, in __init__
Nov 16 23:36:00      self.__connect()
Nov 16 23:36:00    File "/home/appuser/.local/lib/python3.11/site-packages/sqlalchemy/pool/base.py", line 899, in __connect
Nov 16 23:36:00      with util.safe_reraise():
Nov 16 23:36:00    File "/home/appuser/.local/lib/python3.11/site-packages/sqlalchemy/util/langhelpers.py", line 224, in __exit__
Nov 16 23:36:00      raise exc_value.with_traceback(exc_tb)
Nov 16 23:36:00  pymysql.err.OperationalError: (2003, "Can't connect to MySQL server on 'localhost' ([Errno 111] Connection refused)")
Nov 16 23:36:00    File "/home/appuser/.local/lib/python3.11/site-packages/sqlalchemy/pool/base.py", line 895, in __connect
Nov 16 23:36:00      self.dbapi_connection = connection = pool._invoke_creator(self)
Nov 16 23:36:00                                           ^^^^^^^^^^^^^^^^^^^^^^^^^^
Nov 16 23:36:00  
Nov 16 23:36:00  The above exception was the direct cause of the following exception:
Nov 16 23:36:00  
Nov 16 23:36:00  Traceback (most recent call last):
Nov 16 23:36:00    File "/home/appuser/.local/lib/python3.11/site-packages/sqlalchemy/engine/create.py", line 661, in connect
Nov 16 23:36:00      return dialect.connect(*cargs, **cparams)
Nov 16 23:36:00             ^^^^^^^^^^^^^^^^^^^^^^^^^^^^^^^^^^
Nov 16 23:36:00    File "/home/appuser/.local/lib/python3.11/site-packages/sqlalchemy/engine/default.py", line 629, in connect
Nov 16 23:36:00      return self.loaded_dbapi.connect(*cargs, **cparams)  # type: ignore[no-any-return]  # NOQA: E501
Nov 16 23:36:00             ^^^^^^^^^^^^^^^^^^^^^^^^^^^^^^^^^^^^^^^^^^^^
Nov 16 23:36:00    File "/home/appuser/.local/lib/python3.11/site-packages/pymysql/connections.py", line 365, in __init__
Nov 16 23:36:00      self.connect()
Nov 16 23:36:00    File "/home/appuser/.local/lib/python3.11/site-packages/pymysql/connections.py", line 723, in connect
Nov 16 23:36:00      raise exc
Nov 16 23:36:00  pymysql.err.OperationalError: (2003, "Can't connect to MySQL server on 'localhost' ([Errno 111] Connection refused)")
Nov 16 23:36:00  
Nov 16 23:36:00  The above exception was the direct cause of the following exception:
Nov 16 23:36:00  
Nov 16 23:36:00  Traceback (most recent call last):
Nov 16 23:36:00    File "/usr/local/lib/python3.11/multiprocessing/process.py", line 314, in _bootstrap
Nov 16 23:36:00      self.run()
Nov 16 23:36:00    File "/usr/local/lib/python3.11/multiprocessing/process.py", line 108, in run
Nov 16 23:36:00      self._target(*self._args, **self._kwargs)
Nov 16 23:36:00    File "/home/appuser/.local/lib/python3.11/site-packages/uvicorn/_subprocess.py", line 80, in subprocess_started
Nov 16 23:36:00      target(sockets=sockets)
Nov 16 23:36:00    File "/home/appuser/.local/lib/python3.11/site-packages/uvicorn/supervisors/multiprocess.py", line 63, in target
Nov 16 23:36:00      return self.real_target(sockets)
Nov 16 23:36:00             ^^^^^^^^^^^^^^^^^^^^^^^^^
Nov 16 23:36:00    File "/home/appuser/.local/lib/python3.11/site-packages/uvicorn/server.py", line 67, in run
Nov 16 23:36:00      return asyncio_run(self.serve(sockets=sockets), loop_factory=self.config.get_loop_factory())
Nov 16 23:36:00             ^^^^^^^^^^^^^^^^^^^^^^^^^^^^^^^^^^^^^^^^^^^^^^^^^^^^^^^^^^^^^^^^^^^^^^^^^^^^^^^^^^^^^
Nov 16 23:36:00    File "/home/appuser/.local/lib/python3.11/site-packages/uvicorn/_compat.py", line 30, in asyncio_run
Nov 16 23:36:00      return runner.run(main)
Nov 16 23:36:00             ^^^^^^^^^^^^^^^^
Nov 16 23:36:00    File "/usr/local/lib/python3.11/asyncio/runners.py", line 118, in run
Nov 16 23:36:00      return self._loop.run_until_complete(task)
Nov 16 23:36:00             ^^^^^^^^^^^^^^^^^^^^^^^^^^^^^^^^^^^
Nov 16 23:36:00    File "/usr/local/lib/python3.11/asyncio/base_events.py", line 654, in run_until_complete
Nov 16 23:36:00      return future.result()
Nov 16 23:36:00             ^^^^^^^^^^^^^^^
Nov 16 23:36:00    File "/home/appuser/.local/lib/python3.11/site-packages/uvicorn/server.py", line 71, in serve
Nov 16 23:36:00      await self._serve(sockets)
Nov 16 23:36:00    File "/home/appuser/.local/lib/python3.11/site-packages/uvicorn/server.py", line 78, in _serve
Nov 16 23:36:00      config.load()
Nov 16 23:36:00    File "/home/appuser/.local/lib/python3.11/site-packages/uvicorn/config.py", line 439, in load
Nov 16 23:36:00      self.loaded_app = import_from_string(self.app)
Nov 16 23:36:00                        ^^^^^^^^^^^^^^^^^^^^^^^^^^^^
Nov 16 23:36:00    File "/home/appuser/.local/lib/python3.11/site-packages/uvicorn/importer.py", line 19, in import_from_string
Nov 16 23:36:00      module = importlib.import_module(module_str)
Nov 16 23:36:00               ^^^^^^^^^^^^^^^^^^^^^^^^^^^^^^^^^^^
Nov 16 23:36:00    File "/usr/local/lib/python3.11/importlib/__init__.py", line 126, in import_module
Nov 16 23:36:00      return _bootstrap._gcd_import(name[level:], package, level)
Nov 16 23:36:00             ^^^^^^^^^^^^^^^^^^^^^^^^^^^^^^^^^^^^^^^^^^^^^^^^^^^^
Nov 16 23:36:00    File "/usr/local/lib/python3.11/multiprocessing/process.py", line 314, in _bootstrap
Nov 16 23:36:00      self.run()
Nov 16 23:36:00    File "<frozen importlib._bootstrap>", line 1204, in _gcd_import
Nov 16 23:36:00    File "/usr/local/lib/python3.11/multiprocessing/process.py", line 108, in run
Nov 16 23:36:00      self._target(*self._args, **self._kwargs)
Nov 16 23:36:00    File "/home/appuser/.local/lib/python3.11/site-packages/uvicorn/_subprocess.py", line 80, in subprocess_started
Nov 16 23:36:00      target(sockets=sockets)
Nov 16 23:36:00    File "<frozen importlib._bootstrap>", line 1176, in _find_and_load
Nov 16 23:36:00    File "<frozen importlib._bootstrap>", line 1147, in _find_and_load_unlocked
Nov 16 23:36:00    File "/home/appuser/.local/lib/python3.11/site-packages/uvicorn/supervisors/multiprocess.py", line 63, in target
Nov 16 23:36:00      return self.real_target(sockets)
Nov 16 23:36:00             ^^^^^^^^^^^^^^^^^^^^^^^^^
Nov 16 23:36:00    File "<frozen importlib._bootstrap>", line 690, in _load_unlocked
Nov 16 23:36:00    File "<frozen importlib._bootstrap_external>", line 940, in exec_module
Nov 16 23:36:00    File "/home/appuser/.local/lib/python3.11/site-packages/uvicorn/server.py", line 67, in run
Nov 16 23:36:00      return asyncio_run(self.serve(sockets=sockets), loop_factory=self.config.get_loop_factory())
Nov 16 23:36:00             ^^^^^^^^^^^^^^^^^^^^^^^^^^^^^^^^^^^^^^^^^^^^^^^^^^^^^^^^^^^^^^^^^^^^^^^^^^^^^^^^^^^^^
Nov 16 23:36:00    File "<frozen importlib._bootstrap>", line 241, in _call_with_frames_removed
Nov 16 23:36:00    File "/home/appuser/.local/lib/python3.11/site-packages/uvicorn/_compat.py", line 30, in asyncio_run
Nov 16 23:36:00      return runner.run(main)
Nov 16 23:36:00             ^^^^^^^^^^^^^^^^
Nov 16 23:36:00    File "/usr/local/lib/python3.11/asyncio/runners.py", line 118, in run
Nov 16 23:36:00      return self._loop.run_until_complete(task)
Nov 16 23:36:00             ^^^^^^^^^^^^^^^^^^^^^^^^^^^^^^^^^^^
Nov 16 23:36:00    File "/usr/local/lib/python3.11/asyncio/base_events.py", line 654, in run_until_complete
Nov 16 23:36:00      return future.result()
Nov 16 23:36:00             ^^^^^^^^^^^^^^^
Nov 16 23:36:00    File "/app/main.py", line 20, in <module>
Nov 16 23:36:00      Base.metadata.create_all(bind=engine)
Nov 16 23:36:00    File "/home/appuser/.local/lib/python3.11/site-packages/uvicorn/server.py", line 71, in serve
Nov 16 23:36:00      await self._serve(sockets)
Nov 16 23:36:00    File "/home/appuser/.local/lib/python3.11/site-packages/sqlalchemy/sql/schema.py", line 5928, in create_all
Nov 16 23:36:00      bind._run_ddl_visitor(
Nov 16 23:36:00    File "/home/appuser/.local/lib/python3.11/site-packages/uvicorn/server.py", line 78, in _serve
Nov 16 23:36:00      config.load()
Nov 16 23:36:00    File "/home/appuser/.local/lib/python3.11/site-packages/sqlalchemy/engine/base.py", line 3251, in _run_ddl_visitor
Nov 16 23:36:00      with self.begin() as conn:
Nov 16 23:36:00    File "/home/appuser/.local/lib/python3.11/site-packages/uvicorn/config.py", line 439, in load
Nov 16 23:36:00      self.loaded_app = import_from_string(self.app)
Nov 16 23:36:00                        ^^^^^^^^^^^^^^^^^^^^^^^^^^^^
Nov 16 23:36:00    File "/usr/local/lib/python3.11/contextlib.py", line 137, in __enter__
Nov 16 23:36:00      return next(self.gen)
Nov 16 23:36:00             ^^^^^^^^^^^^^^
Nov 16 23:36:00    File "/home/appuser/.local/lib/python3.11/site-packages/uvicorn/importer.py", line 19, in import_from_string
Nov 16 23:36:00      module = importlib.import_module(module_str)
Nov 16 23:36:00               ^^^^^^^^^^^^^^^^^^^^^^^^^^^^^^^^^^^
Nov 16 23:36:00    File "/home/appuser/.local/lib/python3.11/site-packages/sqlalchemy/engine/base.py", line 3241, in begin
Nov 16 23:36:00      with self.connect() as conn:
Nov 16 23:36:00           ^^^^^^^^^^^^^^
Nov 16 23:36:00    File "/usr/local/lib/python3.11/importlib/__init__.py", line 126, in import_module
Nov 16 23:36:00      return _bootstrap._gcd_import(name[level:], package, level)
Nov 16 23:36:00             ^^^^^^^^^^^^^^^^^^^^^^^^^^^^^^^^^^^^^^^^^^^^^^^^^^^^
Nov 16 23:36:00    File "/home/appuser/.local/lib/python3.11/site-packages/sqlalchemy/engine/base.py", line 3277, in connect
Nov 16 23:36:00      return self._connection_cls(self)
Nov 16 23:36:00             ^^^^^^^^^^^^^^^^^^^^^^^^^^
Nov 16 23:36:00    File "/home/appuser/.local/lib/python3.11/site-packages/sqlalchemy/engine/base.py", line 145, in __init__
Nov 16 23:36:00      Connection._handle_dbapi_exception_noconnection(
Nov 16 23:36:00    File "<frozen importlib._bootstrap>", line 1204, in _gcd_import
Nov 16 23:36:00    File "/home/appuser/.local/lib/python3.11/site-packages/sqlalchemy/engine/base.py", line 2440, in _handle_dbapi_exception_noconnection
Nov 16 23:36:00      raise sqlalchemy_exception.with_traceback(exc_info[2]) from e
Nov 16 23:36:00    File "<frozen importlib._bootstrap>", line 1176, in _find_and_load
Nov 16 23:36:00    File "<frozen importlib._bootstrap>", line 1147, in _find_and_load_unlocked
Nov 16 23:36:00    File "/home/appuser/.local/lib/python3.11/site-packages/sqlalchemy/engine/base.py", line 143, in __init__
Nov 16 23:36:00      self._dbapi_connection = engine.raw_connection()
Nov 16 23:36:00                               ^^^^^^^^^^^^^^^^^^^^^^^
Nov 16 23:36:00    File "<frozen importlib._bootstrap>", line 690, in _load_unlocked
Nov 16 23:36:00    File "/home/appuser/.local/lib/python3.11/site-packages/sqlalchemy/engine/base.py", line 3301, in raw_connection
Nov 16 23:36:00      return self.pool.connect()
Nov 16 23:36:00             ^^^^^^^^^^^^^^^^^^^
Nov 16 23:36:00    File "/home/appuser/.local/lib/python3.11/site-packages/sqlalchemy/pool/base.py", line 447, in connect
Nov 16 23:36:00      return _ConnectionFairy._checkout(self)
Nov 16 23:36:00             ^^^^^^^^^^^^^^^^^^^^^^^^^^^^^^^^
Nov 16 23:36:00    File "/home/appuser/.local/lib/python3.11/site-packages/sqlalchemy/pool/base.py", line 1264, in _checkout
Nov 16 23:36:00      fairy = _ConnectionRecord.checkout(pool)
Nov 16 23:36:00              ^^^^^^^^^^^^^^^^^^^^^^^^^^^^^^^^
Nov 16 23:36:00    File "/home/appuser/.local/lib/python3.11/site-packages/sqlalchemy/pool/base.py", line 711, in checkout
Nov 16 23:36:00      rec = pool._do_get()
Nov 16 23:36:00            ^^^^^^^^^^^^^^
Nov 16 23:36:00    File "<frozen importlib._bootstrap_external>", line 940, in exec_module
Nov 16 23:36:00    File "<frozen importlib._bootstrap>", line 241, in _call_with_frames_removed
Nov 16 23:36:00    File "/app/main.py", line 20, in <module>
Nov 16 23:36:00      Base.metadata.create_all(bind=engine)
Nov 16 23:36:00    File "/home/appuser/.local/lib/python3.11/site-packages/sqlalchemy/pool/impl.py", line 177, in _do_get
Nov 16 23:36:00      with util.safe_reraise():
Nov 16 23:36:00    File "/home/appuser/.local/lib/python3.11/site-packages/sqlalchemy/sql/schema.py", line 5928, in create_all
Nov 16 23:36:00      bind._run_ddl_visitor(
Nov 16 23:36:00    File "/home/appuser/.local/lib/python3.11/site-packages/sqlalchemy/util/langhelpers.py", line 224, in __exit__
Nov 16 23:36:00      raise exc_value.with_traceback(exc_tb)
Nov 16 23:36:00    File "/home/appuser/.local/lib/python3.11/site-packages/sqlalchemy/engine/base.py", line 3251, in _run_ddl_visitor
Nov 16 23:36:00      with self.begin() as conn:
Nov 16 23:36:00    File "/home/appuser/.local/lib/python3.11/site-packages/sqlalchemy/pool/impl.py", line 175, in _do_get
Nov 16 23:36:00      return self._create_connection()
Nov 16 23:36:00             ^^^^^^^^^^^^^^^^^^^^^^^^^
Nov 16 23:36:00    File "/home/appuser/.local/lib/python3.11/site-packages/sqlalchemy/pool/base.py", line 388, in _create_connection
Nov 16 23:36:00      return _ConnectionRecord(self)
Nov 16 23:36:00             ^^^^^^^^^^^^^^^^^^^^^^^
Nov 16 23:36:00    File "/home/appuser/.local/lib/python3.11/site-packages/sqlalchemy/pool/base.py", line 673, in __init__
Nov 16 23:36:00      self.__connect()
Nov 16 23:36:00    File "/usr/local/lib/python3.11/contextlib.py", line 137, in __enter__
Nov 16 23:36:00      return next(self.gen)
Nov 16 23:36:00             ^^^^^^^^^^^^^^
Nov 16 23:36:00    File "/home/appuser/.local/lib/python3.11/site-packages/sqlalchemy/pool/base.py", line 899, in __connect
Nov 16 23:36:00      with util.safe_reraise():
Nov 16 23:36:00    File "/home/appuser/.local/lib/python3.11/site-packages/sqlalchemy/engine/base.py", line 3241, in begin
Nov 16 23:36:00      with self.connect() as conn:
Nov 16 23:36:00           ^^^^^^^^^^^^^^
Nov 16 23:36:00    File "/home/appuser/.local/lib/python3.11/site-packages/sqlalchemy/util/langhelpers.py", line 224, in __exit__
Nov 16 23:36:00      raise exc_value.with_traceback(exc_tb)
Nov 16 23:36:00    File "/home/appuser/.local/lib/python3.11/site-packages/sqlalchemy/engine/base.py", line 3277, in connect
Nov 16 23:36:00      return self._connection_cls(self)
Nov 16 23:36:00             ^^^^^^^^^^^^^^^^^^^^^^^^^^
Nov 16 23:36:00    File "/home/appuser/.local/lib/python3.11/site-packages/sqlalchemy/pool/base.py", line 895, in __connect
Nov 16 23:36:00      self.dbapi_connection = connection = pool._invoke_creator(self)
Nov 16 23:36:00                                           ^^^^^^^^^^^^^^^^^^^^^^^^^^
Nov 16 23:36:00    File "/home/appuser/.local/lib/python3.11/site-packages/sqlalchemy/engine/create.py", line 661, in connect
Nov 16 23:36:00      return dialect.connect(*cargs, **cparams)
Nov 16 23:36:00             ^^^^^^^^^^^^^^^^^^^^^^^^^^^^^^^^^^
Nov 16 23:36:00    File "/home/appuser/.local/lib/python3.11/site-packages/sqlalchemy/engine/base.py", line 145, in __init__
Nov 16 23:36:00      Connection._handle_dbapi_exception_noconnection(
Nov 16 23:36:00    File "/home/appuser/.local/lib/python3.11/site-packages/sqlalchemy/engine/default.py", line 629, in connect
Nov 16 23:36:00      return self.loaded_dbapi.connect(*cargs, **cparams)  # type: ignore[no-any-return]  # NOQA: E501
Nov 16 23:36:00             ^^^^^^^^^^^^^^^^^^^^^^^^^^^^^^^^^^^^^^^^^^^^
Nov 16 23:36:00    File "/home/appuser/.local/lib/python3.11/site-packages/pymysql/connections.py", line 365, in __init__
Nov 16 23:36:00      self.connect()
Nov 16 23:36:00    File "/home/appuser/.local/lib/python3.11/site-packages/sqlalchemy/engine/base.py", line 2440, in _handle_dbapi_exception_noconnection
Nov 16 23:36:00      raise sqlalchemy_exception.with_traceback(exc_info[2]) from e
Nov 16 23:36:00    File "/home/appuser/.local/lib/python3.11/site-packages/pymysql/connections.py", line 723, in connect
Nov 16 23:36:00      raise exc
Nov 16 23:36:00    File "/home/appuser/.local/lib/python3.11/site-packages/sqlalchemy/engine/base.py", line 143, in __init__
Nov 16 23:36:00      self._dbapi_connection = engine.raw_connection()
Nov 16 23:36:00                               ^^^^^^^^^^^^^^^^^^^^^^^
Nov 16 23:36:00  sqlalchemy.exc.OperationalError: (pymysql.err.OperationalError) (2003, "Can't connect to MySQL server on 'localhost' ([Errno 111] Connection refused)")
Nov 16 23:36:00  (Background on this error at: https://sqlalche.me/e/20/e3q8)
Nov 16 23:36:00    File "/home/appuser/.local/lib/python3.11/site-packages/sqlalchemy/engine/base.py", line 3301, in raw_connection
Nov 16 23:36:00      return self.pool.connect()
Nov 16 23:36:00             ^^^^^^^^^^^^^^^^^^^
Nov 16 23:36:00    File "/home/appuser/.local/lib/python3.11/site-packages/sqlalchemy/pool/base.py", line 447, in connect
Nov 16 23:36:00      return _ConnectionFairy._checkout(self)
Nov 16 23:36:00             ^^^^^^^^^^^^^^^^^^^^^^^^^^^^^^^^
Nov 16 23:36:00    File "/home/appuser/.local/lib/python3.11/site-packages/sqlalchemy/pool/base.py", line 1264, in _checkout
Nov 16 23:36:00      fairy = _ConnectionRecord.checkout(pool)
Nov 16 23:36:00              ^^^^^^^^^^^^^^^^^^^^^^^^^^^^^^^^
Nov 16 23:36:00    File "/home/appuser/.local/lib/python3.11/site-packages/sqlalchemy/pool/base.py", line 711, in checkout
Nov 16 23:36:00      rec = pool._do_get()
Nov 16 23:36:00            ^^^^^^^^^^^^^^
Nov 16 23:36:00    File "/home/appuser/.local/lib/python3.11/site-packages/sqlalchemy/pool/impl.py", line 177, in _do_get
Nov 16 23:36:00      with util.safe_reraise():
Nov 16 23:36:00    File "/home/appuser/.local/lib/python3.11/site-packages/sqlalchemy/util/langhelpers.py", line 224, in __exit__
Nov 16 23:36:00      raise exc_value.with_traceback(exc_tb)
Nov 16 23:36:00    File "/home/appuser/.local/lib/python3.11/site-packages/sqlalchemy/pool/impl.py", line 175, in _do_get
Nov 16 23:36:00      return self._create_connection()
Nov 16 23:36:00             ^^^^^^^^^^^^^^^^^^^^^^^^^
Nov 16 23:36:00    File "/home/appuser/.local/lib/python3.11/site-packages/sqlalchemy/pool/base.py", line 388, in _create_connection
Nov 16 23:36:00      return _ConnectionRecord(self)
Nov 16 23:36:00             ^^^^^^^^^^^^^^^^^^^^^^^
Nov 16 23:36:00    File "/home/appuser/.local/lib/python3.11/site-packages/sqlalchemy/pool/base.py", line 673, in __init__
Nov 16 23:36:00      self.__connect()
Nov 16 23:36:00    File "/home/appuser/.local/lib/python3.11/site-packages/sqlalchemy/pool/base.py", line 899, in __connect
Nov 16 23:36:00      with util.safe_reraise():
Nov 16 23:36:00    File "/home/appuser/.local/lib/python3.11/site-packages/sqlalchemy/util/langhelpers.py", line 224, in __exit__
Nov 16 23:36:00      raise exc_value.with_traceback(exc_tb)
Nov 16 23:36:00    File "/home/appuser/.local/lib/python3.11/site-packages/sqlalchemy/pool/base.py", line 895, in __connect
Nov 16 23:36:00      self.dbapi_connection = connection = pool._invoke_creator(self)
Nov 16 23:36:00                                           ^^^^^^^^^^^^^^^^^^^^^^^^^^
Nov 16 23:36:00    File "/home/appuser/.local/lib/python3.11/site-packages/sqlalchemy/engine/create.py", line 661, in connect
Nov 16 23:36:00      return dialect.connect(*cargs, **cparams)
Nov 16 23:36:00             ^^^^^^^^^^^^^^^^^^^^^^^^^^^^^^^^^^
Nov 16 23:36:00    File "/home/appuser/.local/lib/python3.11/site-packages/sqlalchemy/engine/default.py", line 629, in connect
Nov 16 23:36:00      return self.loaded_dbapi.connect(*cargs, **cparams)  # type: ignore[no-any-return]  # NOQA: E501
Nov 16 23:36:00             ^^^^^^^^^^^^^^^^^^^^^^^^^^^^^^^^^^^^^^^^^^^^
Nov 16 23:36:00    File "/home/appuser/.local/lib/python3.11/site-packages/pymysql/connections.py", line 365, in __init__
Nov 16 23:36:00      self.connect()
Nov 16 23:36:00    File "/home/appuser/.local/lib/python3.11/site-packages/pymysql/connections.py", line 723, in connect
Nov 16 23:36:00      raise exc
Nov 16 23:36:00  sqlalchemy.exc.OperationalError: (pymysql.err.OperationalError) (2003, "Can't connect to MySQL server on 'localhost' ([Errno 111] Connection refused)")
Nov 16 23:36:00  (Background on this error at: https://sqlalche.me/e/20/e3q8)
Nov 16 23:36:00  Traceback (most recent call last):
Nov 16 23:36:00    File "/home/appuser/.local/lib/python3.11/site-packages/pymysql/connections.py", line 661, in connect
Nov 16 23:36:00      sock = socket.create_connection(
Nov 16 23:36:00             ^^^^^^^^^^^^^^^^^^^^^^^^^
Nov 16 23:36:00    File "/usr/local/lib/python3.11/socket.py", line 863, in create_connection
Nov 16 23:36:00      raise exceptions[0]
Nov 16 23:36:00    File "/usr/local/lib/python3.11/socket.py", line 848, in create_connection
Nov 16 23:36:00      sock.connect(sa)
Nov 16 23:36:00  ConnectionRefusedError: [Errno 111] Connection refused
Nov 16 23:36:00  
Nov 16 23:36:00  During handling of the above exception, another exception occurred:
Nov 16 23:36:00  
Nov 16 23:36:00  Traceback (most recent call last):
Nov 16 23:36:00    File "/home/appuser/.local/lib/python3.11/site-packages/sqlalchemy/engine/base.py", line 143, in __init__
Nov 16 23:36:00      self._dbapi_connection = engine.raw_connection()
Nov 16 23:36:00                               ^^^^^^^^^^^^^^^^^^^^^^^
Nov 16 23:36:00    File "/home/appuser/.local/lib/python3.11/site-packages/sqlalchemy/engine/base.py", line 3301, in raw_connection
Nov 16 23:36:00      return self.pool.connect()
Nov 16 23:36:00             ^^^^^^^^^^^^^^^^^^^
Nov 16 23:36:00    File "/home/appuser/.local/lib/python3.11/site-packages/sqlalchemy/pool/base.py", line 447, in connect
Nov 16 23:36:00      return _ConnectionFairy._checkout(self)
Nov 16 23:36:00             ^^^^^^^^^^^^^^^^^^^^^^^^^^^^^^^^
Nov 16 23:36:00    File "/home/appuser/.local/lib/python3.11/site-packages/sqlalchemy/pool/base.py", line 1264, in _checkout
Nov 16 23:36:00      fairy = _ConnectionRecord.checkout(pool)
Nov 16 23:36:00              ^^^^^^^^^^^^^^^^^^^^^^^^^^^^^^^^
Nov 16 23:36:00    File "/home/appuser/.local/lib/python3.11/site-packages/sqlalchemy/pool/base.py", line 711, in checkout
Nov 16 23:36:00      rec = pool._do_get()
Nov 16 23:36:00            ^^^^^^^^^^^^^^
Nov 16 23:36:00    File "/home/appuser/.local/lib/python3.11/site-packages/sqlalchemy/pool/impl.py", line 177, in _do_get
Nov 16 23:36:00      with util.safe_reraise():
Nov 16 23:36:00    File "/home/appuser/.local/lib/python3.11/site-packages/sqlalchemy/util/langhelpers.py", line 224, in __exit__
Nov 16 23:36:00      raise exc_value.with_traceback(exc_tb)
Nov 16 23:36:00    File "/home/appuser/.local/lib/python3.11/site-packages/sqlalchemy/pool/impl.py", line 175, in _do_get
Nov 16 23:36:00      return self._create_connection()
Nov 16 23:36:00             ^^^^^^^^^^^^^^^^^^^^^^^^^
Nov 16 23:36:00    File "/home/appuser/.local/lib/python3.11/site-packages/sqlalchemy/pool/base.py", line 388, in _create_connection
Nov 16 23:36:00      return _ConnectionRecord(self)
Nov 16 23:36:00             ^^^^^^^^^^^^^^^^^^^^^^^
Nov 16 23:36:00    File "/home/appuser/.local/lib/python3.11/site-packages/sqlalchemy/pool/base.py", line 673, in __init__
Nov 16 23:36:00      self.__connect()
Nov 16 23:36:00    File "/home/appuser/.local/lib/python3.11/site-packages/sqlalchemy/pool/base.py", line 899, in __connect
Nov 16 23:36:00      with util.safe_reraise():
Nov 16 23:36:00    File "/home/appuser/.local/lib/python3.11/site-packages/sqlalchemy/util/langhelpers.py", line 224, in __exit__
Nov 16 23:36:00      raise exc_value.with_traceback(exc_tb)
Nov 16 23:36:00    File "/home/appuser/.local/lib/python3.11/site-packages/sqlalchemy/pool/base.py", line 895, in __connect
Nov 16 23:36:00      self.dbapi_connection = connection = pool._invoke_creator(self)
Nov 16 23:36:00                                           ^^^^^^^^^^^^^^^^^^^^^^^^^^
Nov 16 23:36:00    File "/home/appuser/.local/lib/python3.11/site-packages/sqlalchemy/engine/create.py", line 661, in connect
Nov 16 23:36:00      return dialect.connect(*cargs, **cparams)
Nov 16 23:36:00             ^^^^^^^^^^^^^^^^^^^^^^^^^^^^^^^^^^
Nov 16 23:36:00    File "/home/appuser/.local/lib/python3.11/site-packages/sqlalchemy/engine/default.py", line 629, in connect
Nov 16 23:36:00      return self.loaded_dbapi.connect(*cargs, **cparams)  # type: ignore[no-any-return]  # NOQA: E501
Nov 16 23:36:00             ^^^^^^^^^^^^^^^^^^^^^^^^^^^^^^^^^^^^^^^^^^^^
Nov 16 23:36:00    File "/home/appuser/.local/lib/python3.11/site-packages/pymysql/connections.py", line 365, in __init__
Nov 16 23:36:00      self.connect()
Nov 16 23:36:00    File "/home/appuser/.local/lib/python3.11/site-packages/pymysql/connections.py", line 723, in connect
Nov 16 23:36:00      raise exc
Nov 16 23:36:00  pymysql.err.OperationalError: (2003, "Can't connect to MySQL server on 'localhost' ([Errno 111] Connection refused)")
Nov 16 23:36:00  
Nov 16 23:36:00  The above exception was the direct cause of the following exception:
Nov 16 23:36:00  
Nov 16 23:36:00  Traceback (most recent call last):
Nov 16 23:36:00    File "/usr/local/lib/python3.11/multiprocessing/process.py", line 314, in _bootstrap
Nov 16 23:36:00      self.run()
Nov 16 23:36:00    File "/usr/local/lib/python3.11/multiprocessing/process.py", line 108, in run
Nov 16 23:36:00      self._target(*self._args, **self._kwargs)
Nov 16 23:36:00    File "/home/appuser/.local/lib/python3.11/site-packages/uvicorn/_subprocess.py", line 80, in subprocess_started
Nov 16 23:36:00      target(sockets=sockets)
Nov 16 23:36:00    File "/home/appuser/.local/lib/python3.11/site-packages/uvicorn/supervisors/multiprocess.py", line 63, in target
Nov 16 23:36:00      return self.real_target(sockets)
Nov 16 23:36:00             ^^^^^^^^^^^^^^^^^^^^^^^^^
Nov 16 23:36:00    File "/home/appuser/.local/lib/python3.11/site-packages/uvicorn/server.py", line 67, in run
Nov 16 23:36:00      return asyncio_run(self.serve(sockets=sockets), loop_factory=self.config.get_loop_factory())
Nov 16 23:36:00             ^^^^^^^^^^^^^^^^^^^^^^^^^^^^^^^^^^^^^^^^^^^^^^^^^^^^^^^^^^^^^^^^^^^^^^^^^^^^^^^^^^^^^
Nov 16 23:36:00    File "/home/appuser/.local/lib/python3.11/site-packages/uvicorn/_compat.py", line 30, in asyncio_run
Nov 16 23:36:00      return runner.run(main)
Nov 16 23:36:00             ^^^^^^^^^^^^^^^^
Nov 16 23:36:00    File "/usr/local/lib/python3.11/asyncio/runners.py", line 118, in run
Nov 16 23:36:00      return self._loop.run_until_complete(task)
Nov 16 23:36:00             ^^^^^^^^^^^^^^^^^^^^^^^^^^^^^^^^^^^
Nov 16 23:36:00    File "/usr/local/lib/python3.11/asyncio/base_events.py", line 654, in run_until_complete
Nov 16 23:36:00      return future.result()
Nov 16 23:36:00             ^^^^^^^^^^^^^^^
Nov 16 23:36:00    File "/home/appuser/.local/lib/python3.11/site-packages/uvicorn/server.py", line 71, in serve
Nov 16 23:36:00      await self._serve(sockets)
Nov 16 23:36:00    File "/home/appuser/.local/lib/python3.11/site-packages/uvicorn/server.py", line 78, in _serve
Nov 16 23:36:00      config.load()
Nov 16 23:36:00    File "/home/appuser/.local/lib/python3.11/site-packages/uvicorn/config.py", line 439, in load
Nov 16 23:36:00      self.loaded_app = import_from_string(self.app)
Nov 16 23:36:00                        ^^^^^^^^^^^^^^^^^^^^^^^^^^^^
Nov 16 23:36:00    File "/home/appuser/.local/lib/python3.11/site-packages/uvicorn/importer.py", line 19, in import_from_string
Nov 16 23:36:00      module = importlib.import_module(module_str)
Nov 16 23:36:00               ^^^^^^^^^^^^^^^^^^^^^^^^^^^^^^^^^^^
Nov 16 23:36:00    File "/usr/local/lib/python3.11/importlib/__init__.py", line 126, in import_module
Nov 16 23:36:00      return _bootstrap._gcd_import(name[level:], package, level)
Nov 16 23:36:00             ^^^^^^^^^^^^^^^^^^^^^^^^^^^^^^^^^^^^^^^^^^^^^^^^^^^^
Nov 16 23:36:00    File "<frozen importlib._bootstrap>", line 1204, in _gcd_import
Nov 16 23:36:00    File "<frozen importlib._bootstrap>", line 1176, in _find_and_load
Nov 16 23:36:00    File "<frozen importlib._bootstrap>", line 1147, in _find_and_load_unlocked
Nov 16 23:36:00    File "<frozen importlib._bootstrap>", line 690, in _load_unlocked
Nov 16 23:36:00    File "<frozen importlib._bootstrap_external>", line 940, in exec_module
Nov 16 23:36:00    File "<frozen importlib._bootstrap>", line 241, in _call_with_frames_removed
Nov 16 23:36:00    File "/app/main.py", line 20, in <module>
Nov 16 23:36:00      Base.metadata.create_all(bind=engine)
Nov 16 23:36:00    File "/home/appuser/.local/lib/python3.11/site-packages/sqlalchemy/sql/schema.py", line 5928, in create_all
Nov 16 23:36:00      bind._run_ddl_visitor(
Nov 16 23:36:00    File "/home/appuser/.local/lib/python3.11/site-packages/sqlalchemy/engine/base.py", line 3251, in _run_ddl_visitor
Nov 16 23:36:00      with self.begin() as conn:
Nov 16 23:36:00    File "/usr/local/lib/python3.11/contextlib.py", line 137, in __enter__
Nov 16 23:36:00      return next(self.gen)
Nov 16 23:36:00             ^^^^^^^^^^^^^^
Nov 16 23:36:00    File "/home/appuser/.local/lib/python3.11/site-packages/sqlalchemy/engine/base.py", line 3241, in begin
Nov 16 23:36:00      with self.connect() as conn:
Nov 16 23:36:00           ^^^^^^^^^^^^^^
Nov 16 23:36:00    File "/home/appuser/.local/lib/python3.11/site-packages/sqlalchemy/engine/base.py", line 3277, in connect
Nov 16 23:36:00      return self._connection_cls(self)
Nov 16 23:36:00             ^^^^^^^^^^^^^^^^^^^^^^^^^^
Nov 16 23:36:00    File "/home/appuser/.local/lib/python3.11/site-packages/sqlalchemy/engine/base.py", line 145, in __init__
Nov 16 23:36:00      Connection._handle_dbapi_exception_noconnection(
Nov 16 23:36:00    File "/home/appuser/.local/lib/python3.11/site-packages/sqlalchemy/engine/base.py", line 2440, in _handle_dbapi_exception_noconnection
Nov 16 23:36:00      raise sqlalchemy_exception.with_traceback(exc_info[2]) from e
Nov 16 23:36:00    File "/home/appuser/.local/lib/python3.11/site-packages/sqlalchemy/engine/base.py", line 143, in __init__
Nov 16 23:36:00      self._dbapi_connection = engine.raw_connection()
Nov 16 23:36:00                               ^^^^^^^^^^^^^^^^^^^^^^^
Nov 16 23:36:00    File "/home/appuser/.local/lib/python3.11/site-packages/sqlalchemy/engine/base.py", line 3301, in raw_connection
Nov 16 23:36:00      return self.pool.connect()
Nov 16 23:36:00             ^^^^^^^^^^^^^^^^^^^
Nov 16 23:36:00    File "/home/appuser/.local/lib/python3.11/site-packages/sqlalchemy/pool/base.py", line 447, in connect
Nov 16 23:36:00      return _ConnectionFairy._checkout(self)
Nov 16 23:36:00             ^^^^^^^^^^^^^^^^^^^^^^^^^^^^^^^^
Nov 16 23:36:00    File "/home/appuser/.local/lib/python3.11/site-packages/sqlalchemy/pool/base.py", line 1264, in _checkout
Nov 16 23:36:00      fairy = _ConnectionRecord.checkout(pool)
Nov 16 23:36:00              ^^^^^^^^^^^^^^^^^^^^^^^^^^^^^^^^
Nov 16 23:36:00    File "/home/appuser/.local/lib/python3.11/site-packages/sqlalchemy/pool/base.py", line 711, in checkout
Nov 16 23:36:00      rec = pool._do_get()
Nov 16 23:36:00            ^^^^^^^^^^^^^^
Nov 16 23:36:00    File "/home/appuser/.local/lib/python3.11/site-packages/sqlalchemy/pool/impl.py", line 177, in _do_get
Nov 16 23:36:00      with util.safe_reraise():
Nov 16 23:36:00    File "/home/appuser/.local/lib/python3.11/site-packages/sqlalchemy/util/langhelpers.py", line 224, in __exit__
Nov 16 23:36:00      raise exc_value.with_traceback(exc_tb)
Nov 16 23:36:00    File "/home/appuser/.local/lib/python3.11/site-packages/sqlalchemy/pool/impl.py", line 175, in _do_get
Nov 16 23:36:00      return self._create_connection()
Nov 16 23:36:00             ^^^^^^^^^^^^^^^^^^^^^^^^^
Nov 16 23:36:00    File "/home/appuser/.local/lib/python3.11/site-packages/sqlalchemy/pool/base.py", line 388, in _create_connection
Nov 16 23:36:00      return _ConnectionRecord(self)
Nov 16 23:36:00             ^^^^^^^^^^^^^^^^^^^^^^^
Nov 16 23:36:00    File "/home/appuser/.local/lib/python3.11/site-packages/sqlalchemy/pool/base.py", line 673, in __init__
Nov 16 23:36:00      self.__connect()
Nov 16 23:36:00    File "/home/appuser/.local/lib/python3.11/site-packages/sqlalchemy/pool/base.py", line 899, in __connect
Nov 16 23:36:00      with util.safe_reraise():
Nov 16 23:36:00    File "/home/appuser/.local/lib/python3.11/site-packages/sqlalchemy/util/langhelpers.py", line 224, in __exit__
Nov 16 23:36:00      raise exc_value.with_traceback(exc_tb)
Nov 16 23:36:00    File "/home/appuser/.local/lib/python3.11/site-packages/sqlalchemy/pool/base.py", line 895, in __connect
Nov 16 23:36:00      self.dbapi_connection = connection = pool._invoke_creator(self)
Nov 16 23:36:00                                           ^^^^^^^^^^^^^^^^^^^^^^^^^^
Nov 16 23:36:00    File "/home/appuser/.local/lib/python3.11/site-packages/sqlalchemy/engine/create.py", line 661, in connect
Nov 16 23:36:00      return dialect.connect(*cargs, **cparams)
Nov 16 23:36:00             ^^^^^^^^^^^^^^^^^^^^^^^^^^^^^^^^^^
Nov 16 23:36:00    File "/home/appuser/.local/lib/python3.11/site-packages/sqlalchemy/engine/default.py", line 629, in connect
Nov 16 23:36:00      return self.loaded_dbapi.connect(*cargs, **cparams)  # type: ignore[no-any-return]  # NOQA: E501
Nov 16 23:36:00             ^^^^^^^^^^^^^^^^^^^^^^^^^^^^^^^^^^^^^^^^^^^^
Nov 16 23:36:00    File "/home/appuser/.local/lib/python3.11/site-packages/pymysql/connections.py", line 365, in __init__
Nov 16 23:36:00      self.connect()
Nov 16 23:36:00    File "/home/appuser/.local/lib/python3.11/site-packages/pymysql/connections.py", line 723, in connect
Nov 16 23:36:00      raise exc
Nov 16 23:36:00  sqlalchemy.exc.OperationalError: (pymysql.err.OperationalError) (2003, "Can't connect to MySQL server on 'localhost' ([Errno 111] Connection refused)")
Nov 16 23:36:00  (Background on this error at: https://sqlalche.me/e/20/e3q8)
Nov 16 23:36:01  Process SpawnProcess-10:
Nov 16 23:36:01  Traceback (most recent call last):
Nov 16 23:36:01    File "/home/appuser/.local/lib/python3.11/site-packages/pymysql/connections.py", line 661, in connect
Nov 16 23:36:01      sock = socket.create_connection(
Nov 16 23:36:01             ^^^^^^^^^^^^^^^^^^^^^^^^^
Nov 16 23:36:01    File "/usr/local/lib/python3.11/socket.py", line 863, in create_connection
Nov 16 23:36:01      raise exceptions[0]
Nov 16 23:36:01    File "/usr/local/lib/python3.11/socket.py", line 848, in create_connection
Nov 16 23:36:01      sock.connect(sa)
Nov 16 23:36:01  ConnectionRefusedError: [Errno 111] Connection refused
Nov 16 23:36:01  
Nov 16 23:36:01  During handling of the above exception, another exception occurred:
Nov 16 23:36:01  
Nov 16 23:36:01  Traceback (most recent call last):
Nov 16 23:36:01    File "/home/appuser/.local/lib/python3.11/site-packages/sqlalchemy/engine/base.py", line 143, in __init__
Nov 16 23:36:01      self._dbapi_connection = engine.raw_connection()
Nov 16 23:36:01                               ^^^^^^^^^^^^^^^^^^^^^^^
Nov 16 23:36:01    File "/home/appuser/.local/lib/python3.11/site-packages/sqlalchemy/engine/base.py", line 3301, in raw_connection
Nov 16 23:36:01      return self.pool.connect()
Nov 16 23:36:01             ^^^^^^^^^^^^^^^^^^^
Nov 16 23:36:01    File "/home/appuser/.local/lib/python3.11/site-packages/sqlalchemy/pool/base.py", line 447, in connect
Nov 16 23:36:01      return _ConnectionFairy._checkout(self)
Nov 16 23:36:01             ^^^^^^^^^^^^^^^^^^^^^^^^^^^^^^^^
Nov 16 23:36:01    File "/home/appuser/.local/lib/python3.11/site-packages/sqlalchemy/pool/base.py", line 1264, in _checkout
Nov 16 23:36:01      fairy = _ConnectionRecord.checkout(pool)
Nov 16 23:36:01              ^^^^^^^^^^^^^^^^^^^^^^^^^^^^^^^^
Nov 16 23:36:01    File "/home/appuser/.local/lib/python3.11/site-packages/sqlalchemy/pool/base.py", line 711, in checkout
Nov 16 23:36:01      rec = pool._do_get()
Nov 16 23:36:01            ^^^^^^^^^^^^^^
Nov 16 23:36:01    File "/home/appuser/.local/lib/python3.11/site-packages/sqlalchemy/pool/impl.py", line 177, in _do_get
Nov 16 23:36:01      with util.safe_reraise():
Nov 16 23:36:01    File "/home/appuser/.local/lib/python3.11/site-packages/sqlalchemy/util/langhelpers.py", line 224, in __exit__
Nov 16 23:36:01      raise exc_value.with_traceback(exc_tb)
Nov 16 23:36:01    File "/home/appuser/.local/lib/python3.11/site-packages/sqlalchemy/pool/impl.py", line 175, in _do_get
Nov 16 23:36:01      return self._create_connection()
Nov 16 23:36:01             ^^^^^^^^^^^^^^^^^^^^^^^^^
Nov 16 23:36:01    File "/home/appuser/.local/lib/python3.11/site-packages/sqlalchemy/pool/base.py", line 388, in _create_connection
Nov 16 23:36:01      return _ConnectionRecord(self)
Nov 16 23:36:01             ^^^^^^^^^^^^^^^^^^^^^^^
Nov 16 23:36:01    File "/home/appuser/.local/lib/python3.11/site-packages/sqlalchemy/pool/base.py", line 673, in __init__
Nov 16 23:36:01      self.__connect()
Nov 16 23:36:01    File "/home/appuser/.local/lib/python3.11/site-packages/sqlalchemy/pool/base.py", line 899, in __connect
Nov 16 23:36:01      with util.safe_reraise():
Nov 16 23:36:01    File "/home/appuser/.local/lib/python3.11/site-packages/sqlalchemy/util/langhelpers.py", line 224, in __exit__
Nov 16 23:36:01      raise exc_value.with_traceback(exc_tb)
Nov 16 23:36:01    File "/home/appuser/.local/lib/python3.11/site-packages/sqlalchemy/pool/base.py", line 895, in __connect
Nov 16 23:36:01      self.dbapi_connection = connection = pool._invoke_creator(self)
Nov 16 23:36:01                                           ^^^^^^^^^^^^^^^^^^^^^^^^^^
Nov 16 23:36:01    File "/home/appuser/.local/lib/python3.11/site-packages/sqlalchemy/engine/create.py", line 661, in connect
Nov 16 23:36:01      return dialect.connect(*cargs, **cparams)
Nov 16 23:36:01             ^^^^^^^^^^^^^^^^^^^^^^^^^^^^^^^^^^
Nov 16 23:36:01    File "/home/appuser/.local/lib/python3.11/site-packages/sqlalchemy/engine/default.py", line 629, in connect
Nov 16 23:36:01      return self.loaded_dbapi.connect(*cargs, **cparams)  # type: ignore[no-any-return]  # NOQA: E501
Nov 16 23:36:01             ^^^^^^^^^^^^^^^^^^^^^^^^^^^^^^^^^^^^^^^^^^^^
Nov 16 23:36:01    File "/home/appuser/.local/lib/python3.11/site-packages/pymysql/connections.py", line 365, in __init__
Nov 16 23:36:01      self.connect()
Nov 16 23:36:01    File "/home/appuser/.local/lib/python3.11/site-packages/pymysql/connections.py", line 723, in connect
Nov 16 23:36:01      raise exc
Nov 16 23:36:01  pymysql.err.OperationalError: (2003, "Can't connect to MySQL server on 'localhost' ([Errno 111] Connection refused)")
Nov 16 23:36:01  
Nov 16 23:36:01  The above exception was the direct cause of the following exception:
Nov 16 23:36:01  
Nov 16 23:36:01  Traceback (most recent call last):
Nov 16 23:36:01    File "/usr/local/lib/python3.11/multiprocessing/process.py", line 314, in _bootstrap
Nov 16 23:36:01      self.run()
Nov 16 23:36:01    File "/usr/local/lib/python3.11/multiprocessing/process.py", line 108, in run
Nov 16 23:36:01      self._target(*self._args, **self._kwargs)
Nov 16 23:36:01    File "/home/appuser/.local/lib/python3.11/site-packages/uvicorn/_subprocess.py", line 80, in subprocess_started
Nov 16 23:36:01      target(sockets=sockets)
Nov 16 23:36:01    File "/home/appuser/.local/lib/python3.11/site-packages/uvicorn/supervisors/multiprocess.py", line 63, in target
Nov 16 23:36:01      return self.real_target(sockets)
Nov 16 23:36:01             ^^^^^^^^^^^^^^^^^^^^^^^^^
Nov 16 23:36:01    File "/home/appuser/.local/lib/python3.11/site-packages/uvicorn/server.py", line 67, in run
Nov 16 23:36:01      return asyncio_run(self.serve(sockets=sockets), loop_factory=self.config.get_loop_factory())
Nov 16 23:36:01             ^^^^^^^^^^^^^^^^^^^^^^^^^^^^^^^^^^^^^^^^^^^^^^^^^^^^^^^^^^^^^^^^^^^^^^^^^^^^^^^^^^^^^
Nov 16 23:36:01    File "/home/appuser/.local/lib/python3.11/site-packages/uvicorn/_compat.py", line 30, in asyncio_run
Nov 16 23:36:01      return runner.run(main)
Nov 16 23:36:01             ^^^^^^^^^^^^^^^^
Nov 16 23:36:01    File "/usr/local/lib/python3.11/asyncio/runners.py", line 118, in run
Nov 16 23:36:01      return self._loop.run_until_complete(task)
Nov 16 23:36:01             ^^^^^^^^^^^^^^^^^^^^^^^^^^^^^^^^^^^
Nov 16 23:36:01    File "/usr/local/lib/python3.11/asyncio/base_events.py", line 654, in run_until_complete
Nov 16 23:36:01      return future.result()
Nov 16 23:36:01             ^^^^^^^^^^^^^^^
Nov 16 23:36:01    File "/home/appuser/.local/lib/python3.11/site-packages/uvicorn/server.py", line 71, in serve
Nov 16 23:36:01      await self._serve(sockets)
Nov 16 23:36:01    File "/home/appuser/.local/lib/python3.11/site-packages/uvicorn/server.py", line 78, in _serve
Nov 16 23:36:01      config.load()
Nov 16 23:36:01    File "/home/appuser/.local/lib/python3.11/site-packages/uvicorn/config.py", line 439, in load
Nov 16 23:36:01      self.loaded_app = import_from_string(self.app)
Nov 16 23:36:01                        ^^^^^^^^^^^^^^^^^^^^^^^^^^^^
Nov 16 23:36:01    File "/home/appuser/.local/lib/python3.11/site-packages/uvicorn/importer.py", line 19, in import_from_string
Nov 16 23:36:01      module = importlib.import_module(module_str)
Nov 16 23:36:01               ^^^^^^^^^^^^^^^^^^^^^^^^^^^^^^^^^^^
Nov 16 23:36:01    File "/usr/local/lib/python3.11/importlib/__init__.py", line 126, in import_module
Nov 16 23:36:01      return _bootstrap._gcd_import(name[level:], package, level)
Nov 16 23:36:01             ^^^^^^^^^^^^^^^^^^^^^^^^^^^^^^^^^^^^^^^^^^^^^^^^^^^^
Nov 16 23:36:01    File "<frozen importlib._bootstrap>", line 1204, in _gcd_import
Nov 16 23:36:01    File "<frozen importlib._bootstrap>", line 1176, in _find_and_load
Nov 16 23:36:01    File "<frozen importlib._bootstrap>", line 1147, in _find_and_load_unlocked
Nov 16 23:36:01    File "<frozen importlib._bootstrap>", line 690, in _load_unlocked
Nov 16 23:36:01    File "<frozen importlib._bootstrap_external>", line 940, in exec_module
Nov 16 23:36:01    File "<frozen importlib._bootstrap>", line 241, in _call_with_frames_removed
Nov 16 23:36:01    File "/app/main.py", line 20, in <module>
Nov 16 23:36:01      Base.metadata.create_all(bind=engine)
Nov 16 23:36:01    File "/home/appuser/.local/lib/python3.11/site-packages/sqlalchemy/sql/schema.py", line 5928, in create_all
Nov 16 23:36:01      bind._run_ddl_visitor(
Nov 16 23:36:01    File "/home/appuser/.local/lib/python3.11/site-packages/sqlalchemy/engine/base.py", line 3251, in _run_ddl_visitor
Nov 16 23:36:01      with self.begin() as conn:
Nov 16 23:36:01    File "/usr/local/lib/python3.11/contextlib.py", line 137, in __enter__
Nov 16 23:36:01      return next(self.gen)
Nov 16 23:36:01             ^^^^^^^^^^^^^^
Nov 16 23:36:01    File "/home/appuser/.local/lib/python3.11/site-packages/sqlalchemy/engine/base.py", line 3241, in begin
Nov 16 23:36:01      with self.connect() as conn:
Nov 16 23:36:01           ^^^^^^^^^^^^^^
Nov 16 23:36:01    File "/home/appuser/.local/lib/python3.11/site-packages/sqlalchemy/engine/base.py", line 3277, in connect
Nov 16 23:36:01      return self._connection_cls(self)
Nov 16 23:36:01             ^^^^^^^^^^^^^^^^^^^^^^^^^^
Nov 16 23:36:01    File "/home/appuser/.local/lib/python3.11/site-packages/sqlalchemy/engine/base.py", line 145, in __init__
Nov 16 23:36:01      Connection._handle_dbapi_exception_noconnection(
Nov 16 23:36:01    File "/home/appuser/.local/lib/python3.11/site-packages/sqlalchemy/engine/base.py", line 2440, in _handle_dbapi_exception_noconnection
Nov 16 23:36:01      raise sqlalchemy_exception.with_traceback(exc_info[2]) from e
Nov 16 23:36:01    File "/home/appuser/.local/lib/python3.11/site-packages/sqlalchemy/engine/base.py", line 143, in __init__
Nov 16 23:36:01      self._dbapi_connection = engine.raw_connection()
Nov 16 23:36:01                               ^^^^^^^^^^^^^^^^^^^^^^^
Nov 16 23:36:01    File "/home/appuser/.local/lib/python3.11/site-packages/sqlalchemy/engine/base.py", line 3301, in raw_connection
Nov 16 23:36:01      return self.pool.connect()
Nov 16 23:36:01             ^^^^^^^^^^^^^^^^^^^
Nov 16 23:36:01    File "/home/appuser/.local/lib/python3.11/site-packages/sqlalchemy/pool/base.py", line 447, in connect
Nov 16 23:36:01      return _ConnectionFairy._checkout(self)
Nov 16 23:36:01             ^^^^^^^^^^^^^^^^^^^^^^^^^^^^^^^^
Nov 16 23:36:01    File "/home/appuser/.local/lib/python3.11/site-packages/sqlalchemy/pool/base.py", line 1264, in _checkout
Nov 16 23:36:01      fairy = _ConnectionRecord.checkout(pool)
Nov 16 23:36:01              ^^^^^^^^^^^^^^^^^^^^^^^^^^^^^^^^
Nov 16 23:36:01    File "/home/appuser/.local/lib/python3.11/site-packages/sqlalchemy/pool/base.py", line 711, in checkout
Nov 16 23:36:01      rec = pool._do_get()
Nov 16 23:36:01            ^^^^^^^^^^^^^^
Nov 16 23:36:02    File "/home/appuser/.local/lib/python3.11/site-packages/sqlalchemy/pool/impl.py", line 177, in _do_get
Nov 16 23:36:02      with util.safe_reraise():
Nov 16 23:36:02    File "/home/appuser/.local/lib/python3.11/site-packages/sqlalchemy/util/langhelpers.py", line 224, in __exit__
Nov 16 23:36:02      raise exc_value.with_traceback(exc_tb)
Nov 16 23:36:02    File "/home/appuser/.local/lib/python3.11/site-packages/sqlalchemy/pool/impl.py", line 175, in _do_get
Nov 16 23:36:02      return self._create_connection()
Nov 16 23:36:02             ^^^^^^^^^^^^^^^^^^^^^^^^^
Nov 16 23:36:02    File "/home/appuser/.local/lib/python3.11/site-packages/sqlalchemy/pool/base.py", line 388, in _create_connection
Nov 16 23:36:02      return _ConnectionRecord(self)
Nov 16 23:36:02             ^^^^^^^^^^^^^^^^^^^^^^^
Nov 16 23:36:02    File "/home/appuser/.local/lib/python3.11/site-packages/sqlalchemy/pool/base.py", line 673, in __init__
Nov 16 23:36:02      self.__connect()
Nov 16 23:36:02    File "/home/appuser/.local/lib/python3.11/site-packages/sqlalchemy/pool/base.py", line 899, in __connect
Nov 16 23:36:02      with util.safe_reraise():
Nov 16 23:36:02    File "/home/appuser/.local/lib/python3.11/site-packages/sqlalchemy/util/langhelpers.py", line 224, in __exit__
Nov 16 23:36:02      raise exc_value.with_traceback(exc_tb)
Nov 16 23:36:02    File "/home/appuser/.local/lib/python3.11/site-packages/sqlalchemy/pool/base.py", line 895, in __connect
Nov 16 23:36:02      self.dbapi_connection = connection = pool._invoke_creator(self)
Nov 16 23:36:02                                           ^^^^^^^^^^^^^^^^^^^^^^^^^^
Nov 16 23:36:02    File "/home/appuser/.local/lib/python3.11/site-packages/sqlalchemy/engine/create.py", line 661, in connect
Nov 16 23:36:02      return dialect.connect(*cargs, **cparams)
Nov 16 23:36:02             ^^^^^^^^^^^^^^^^^^^^^^^^^^^^^^^^^^
Nov 16 23:36:02    File "/home/appuser/.local/lib/python3.11/site-packages/sqlalchemy/engine/default.py", line 629, in connect
Nov 16 23:36:02      return self.loaded_dbapi.connect(*cargs, **cparams)  # type: ignore[no-any-return]  # NOQA: E501
Nov 16 23:36:02             ^^^^^^^^^^^^^^^^^^^^^^^^^^^^^^^^^^^^^^^^^^^^
Nov 16 23:36:02    File "/home/appuser/.local/lib/python3.11/site-packages/pymysql/connections.py", line 365, in __init__
Nov 16 23:36:02      self.connect()
Nov 16 23:36:02    File "/home/appuser/.local/lib/python3.11/site-packages/pymysql/connections.py", line 723, in connect
Nov 16 23:36:02      raise exc
Nov 16 23:36:02  sqlalchemy.exc.OperationalError: (pymysql.err.OperationalError) (2003, "Can't connect to MySQL server on 'localhost' ([Errno 111] Connection refused)")
Nov 16 23:36:02  (Background on this error at: https://sqlalche.me/e/20/e3q8)
Nov 16 23:36:06  INFO:     Waiting for child process [22]
Nov 16 23:36:06  INFO:     Child process [22] died
Nov 16 23:36:06  INFO:     Waiting for child process [23]
Nov 16 23:36:06  INFO:     Child process [23] died
Nov 16 23:36:06  INFO:     Waiting for child process [24]
Nov 16 23:36:06  INFO:     Child process [24] died
Nov 16 23:36:06  INFO:     Waiting for child process [21]
Nov 16 23:36:06  INFO:     Child process [21] died
Nov 16 23:36:04  ERROR failed health checks after 13 attempts with error Readiness probe failed: dial tcp 10.244.120.230:8000: connect: connection refused